<?xml version="1.0" encoding="UTF-8"?>
<coverage generated="1779877346704" clover="3.2.0">
  <project timestamp="1779877346704" name="All files">
    <metrics statements="757" coveredstatements="643" conditionals="192" coveredconditionals="65" methods="27" coveredmethods="10" elements="976" coveredelements="718" complexity="0" loc="757" ncloc="757" packages="3" files="70" classes="70"/>
    <package name="config">
      <metrics statements="37" coveredstatements="20" conditionals="46" coveredconditionals="21" methods="4" coveredmethods="1"/>
      <file name="config.js" path="C:\projects\Lease Management\emirates-lease-flow\backend\src\config\config.js">
        <metrics statements="19" coveredstatements="14" conditionals="46" coveredconditionals="21" methods="2" coveredmethods="1"/>
        <line num="1" count="1" type="stmt"/>
        <line num="2" count="1" type="stmt"/>
        <line num="5" count="1" type="cond" truecount="1" falsecount="1"/>
        <line num="14" count="1" type="stmt"/>
        <line num="15" count="1" type="stmt"/>
        <line num="16" count="1" type="stmt"/>
        <line num="18" count="1" type="cond" truecount="1" falsecount="1"/>
        <line num="20" count="0" type="stmt"/>
        <line num="21" count="0" type="stmt"/>
        <line num="22" count="1" type="cond" truecount="2" falsecount="2"/>
        <line num="24" count="0" type="stmt"/>
        <line num="25" count="0" type="stmt"/>
        <line num="28" count="1" type="stmt"/>
        <line num="29" count="1" type="stmt"/>
        <line num="32" count="1" type="stmt"/>
        <line num="33" count="1" type="stmt"/>
        <line num="35" count="1" type="stmt"/>
        <line num="59" count="3" type="stmt"/>
        <line num="62" count="0" type="cond" truecount="0" falsecount="2"/>
      </file>
      <file name="database.js" path="C:\projects\Lease Management\emirates-lease-flow\backend\src\config\database.js">
        <metrics statements="18" coveredstatements="6" conditionals="0" coveredconditionals="0" methods="2" coveredmethods="0"/>
        <line num="1" count="1" type="stmt"/>
        <line num="2" count="1" type="stmt"/>
        <line num="5" count="1" type="stmt"/>
        <line num="24" count="1" type="stmt"/>
        <line num="25" count="0" type="stmt"/>
        <line num="26" count="0" type="stmt"/>
        <line num="27" count="0" type="stmt"/>
        <line num="28" count="0" type="stmt"/>
        <line num="30" count="0" type="stmt"/>
        <line num="31" count="0" type="stmt"/>
        <line num="36" count="1" type="stmt"/>
        <line num="37" count="0" type="stmt"/>
        <line num="38" count="0" type="stmt"/>
        <line num="39" count="0" type="stmt"/>
        <line num="40" count="0" type="stmt"/>
        <line num="42" count="0" type="stmt"/>
        <line num="43" count="0" type="stmt"/>
        <line num="47" count="1" type="stmt"/>
      </file>
    </package>
    <package name="models">
      <metrics statements="578" coveredstatements="570" conditionals="6" coveredconditionals="0" methods="4" coveredmethods="0"/>
      <file name="AccountsTrans.js" path="C:\projects\Lease Management\emirates-lease-flow\backend\src\models\AccountsTrans.js">
        <metrics statements="4" coveredstatements="4" conditionals="0" coveredconditionals="0" methods="0" coveredmethods="0"/>
        <line num="1" count="1" type="stmt"/>
        <line num="2" count="1" type="stmt"/>
        <line num="4" count="1" type="stmt"/>
        <line num="127" count="1" type="stmt"/>
      </file>
      <file name="AuditLog.js" path="C:\projects\Lease Management\emirates-lease-flow\backend\src\models\AuditLog.js">
        <metrics statements="4" coveredstatements="4" conditionals="0" coveredconditionals="0" methods="0" coveredmethods="0"/>
        <line num="1" count="1" type="stmt"/>
        <line num="2" count="1" type="stmt"/>
        <line num="4" count="1" type="stmt"/>
        <line num="61" count="1" type="stmt"/>
      </file>
      <file name="BankAccount.js" path="C:\projects\Lease Management\emirates-lease-flow\backend\src\models\BankAccount.js">
        <metrics statements="4" coveredstatements="4" conditionals="0" coveredconditionals="0" methods="0" coveredmethods="0"/>
        <line num="1" count="1" type="stmt"/>
        <line num="2" count="1" type="stmt"/>
        <line num="4" count="1" type="stmt"/>
        <line num="113" count="1" type="stmt"/>
      </file>
      <file name="BankStatementImport.js" path="C:\projects\Lease Management\emirates-lease-flow\backend\src\models\BankStatementImport.js">
        <metrics statements="4" coveredstatements="4" conditionals="0" coveredconditionals="0" methods="0" coveredmethods="0"/>
        <line num="1" count="1" type="stmt"/>
        <line num="2" count="1" type="stmt"/>
        <line num="4" count="1" type="stmt"/>
        <line num="41" count="1" type="stmt"/>
      </file>
      <file name="BankTransaction.js" path="C:\projects\Lease Management\emirates-lease-flow\backend\src\models\BankTransaction.js">
        <metrics statements="4" coveredstatements="4" conditionals="0" coveredconditionals="0" methods="0" coveredmethods="0"/>
        <line num="1" count="1" type="stmt"/>
        <line num="2" count="1" type="stmt"/>
        <line num="4" count="1" type="stmt"/>
        <line num="116" count="1" type="stmt"/>
      </file>
      <file name="Budget.js" path="C:\projects\Lease Management\emirates-lease-flow\backend\src\models\Budget.js">
        <metrics statements="4" coveredstatements="4" conditionals="0" coveredconditionals="0" methods="0" coveredmethods="0"/>
        <line num="1" count="1" type="stmt"/>
        <line num="2" count="1" type="stmt"/>
        <line num="4" count="1" type="stmt"/>
        <line num="154" count="1" type="stmt"/>
      </file>
      <file name="BudgetCategory.js" path="C:\projects\Lease Management\emirates-lease-flow\backend\src\models\BudgetCategory.js">
        <metrics statements="4" coveredstatements="4" conditionals="0" coveredconditionals="0" methods="0" coveredmethods="0"/>
        <line num="1" count="1" type="stmt"/>
        <line num="2" count="1" type="stmt"/>
        <line num="4" count="1" type="stmt"/>
        <line num="98" count="1" type="stmt"/>
      </file>
      <file name="ChartOfAccount.js" path="C:\projects\Lease Management\emirates-lease-flow\backend\src\models\ChartOfAccount.js">
        <metrics statements="4" coveredstatements="4" conditionals="0" coveredconditionals="0" methods="0" coveredmethods="0"/>
        <line num="1" count="1" type="stmt"/>
        <line num="2" count="1" type="stmt"/>
        <line num="4" count="1" type="stmt"/>
        <line num="146" count="1" type="stmt"/>
      </file>
      <file name="Cheque.js" path="C:\projects\Lease Management\emirates-lease-flow\backend\src\models\Cheque.js">
        <metrics statements="4" coveredstatements="4" conditionals="0" coveredconditionals="0" methods="0" coveredmethods="0"/>
        <line num="1" count="1" type="stmt"/>
        <line num="2" count="1" type="stmt"/>
        <line num="4" count="1" type="stmt"/>
        <line num="274" count="1" type="stmt"/>
      </file>
      <file name="CompanyDocumentTemplate.js" path="C:\projects\Lease Management\emirates-lease-flow\backend\src\models\CompanyDocumentTemplate.js">
        <metrics statements="4" coveredstatements="4" conditionals="0" coveredconditionals="0" methods="0" coveredmethods="0"/>
        <line num="1" count="1" type="stmt"/>
        <line num="2" count="1" type="stmt"/>
        <line num="4" count="1" type="stmt"/>
        <line num="21" count="1" type="stmt"/>
      </file>
      <file name="CompanyFinancialPeriod.js" path="C:\projects\Lease Management\emirates-lease-flow\backend\src\models\CompanyFinancialPeriod.js">
        <metrics statements="4" coveredstatements="4" conditionals="0" coveredconditionals="0" methods="0" coveredmethods="0"/>
        <line num="1" count="1" type="stmt"/>
        <line num="2" count="1" type="stmt"/>
        <line num="4" count="1" type="stmt"/>
        <line num="24" count="1" type="stmt"/>
      </file>
      <file name="CompanyFinancialYear.js" path="C:\projects\Lease Management\emirates-lease-flow\backend\src\models\CompanyFinancialYear.js">
        <metrics statements="4" coveredstatements="4" conditionals="0" coveredconditionals="0" methods="0" coveredmethods="0"/>
        <line num="1" count="1" type="stmt"/>
        <line num="2" count="1" type="stmt"/>
        <line num="4" count="1" type="stmt"/>
        <line num="18" count="1" type="stmt"/>
      </file>
      <file name="CompanyNumberSeries.js" path="C:\projects\Lease Management\emirates-lease-flow\backend\src\models\CompanyNumberSeries.js">
        <metrics statements="4" coveredstatements="4" conditionals="0" coveredconditionals="0" methods="0" coveredmethods="0"/>
        <line num="1" count="1" type="stmt"/>
        <line num="2" count="1" type="stmt"/>
        <line num="4" count="1" type="stmt"/>
        <line num="30" count="1" type="stmt"/>
      </file>
      <file name="CompanyOpeningBalanceBatch.js" path="C:\projects\Lease Management\emirates-lease-flow\backend\src\models\CompanyOpeningBalanceBatch.js">
        <metrics statements="4" coveredstatements="4" conditionals="0" coveredconditionals="0" methods="0" coveredmethods="0"/>
        <line num="1" count="1" type="stmt"/>
        <line num="2" count="1" type="stmt"/>
        <line num="4" count="1" type="stmt"/>
        <line num="21" count="1" type="stmt"/>
      </file>
      <file name="CompanySetting.js" path="C:\projects\Lease Management\emirates-lease-flow\backend\src\models\CompanySetting.js">
        <metrics statements="4" coveredstatements="4" conditionals="0" coveredconditionals="0" methods="0" coveredmethods="0"/>
        <line num="1" count="1" type="stmt"/>
        <line num="2" count="1" type="stmt"/>
        <line num="4" count="1" type="stmt"/>
        <line num="132" count="1" type="stmt"/>
      </file>
      <file name="CompanyUser.js" path="C:\projects\Lease Management\emirates-lease-flow\backend\src\models\CompanyUser.js">
        <metrics statements="4" coveredstatements="4" conditionals="0" coveredconditionals="0" methods="0" coveredmethods="0"/>
        <line num="1" count="1" type="stmt"/>
        <line num="2" count="1" type="stmt"/>
        <line num="4" count="1" type="stmt"/>
        <line num="50" count="1" type="stmt"/>
      </file>
      <file name="CompanyVatPeriod.js" path="C:\projects\Lease Management\emirates-lease-flow\backend\src\models\CompanyVatPeriod.js">
        <metrics statements="4" coveredstatements="4" conditionals="0" coveredconditionals="0" methods="0" coveredmethods="0"/>
        <line num="1" count="1" type="stmt"/>
        <line num="2" count="1" type="stmt"/>
        <line num="4" count="1" type="stmt"/>
        <line num="23" count="1" type="stmt"/>
      </file>
      <file name="CreditLimit.js" path="C:\projects\Lease Management\emirates-lease-flow\backend\src\models\CreditLimit.js">
        <metrics statements="4" coveredstatements="4" conditionals="0" coveredconditionals="0" methods="0" coveredmethods="0"/>
        <line num="1" count="1" type="stmt"/>
        <line num="2" count="1" type="stmt"/>
        <line num="4" count="1" type="stmt"/>
        <line num="177" count="1" type="stmt"/>
      </file>
      <file name="Document.js" path="C:\projects\Lease Management\emirates-lease-flow\backend\src\models\Document.js">
        <metrics statements="4" coveredstatements="4" conditionals="0" coveredconditionals="0" methods="0" coveredmethods="0"/>
        <line num="1" count="1" type="stmt"/>
        <line num="2" count="1" type="stmt"/>
        <line num="4" count="1" type="stmt"/>
        <line num="123" count="1" type="stmt"/>
      </file>
      <file name="DocumentNumbering.js" path="C:\projects\Lease Management\emirates-lease-flow\backend\src\models\DocumentNumbering.js">
        <metrics statements="4" coveredstatements="4" conditionals="0" coveredconditionals="0" methods="0" coveredmethods="0"/>
        <line num="1" count="1" type="stmt"/>
        <line num="2" count="1" type="stmt"/>
        <line num="4" count="1" type="stmt"/>
        <line num="69" count="1" type="stmt"/>
      </file>
      <file name="ExchangeRate.js" path="C:\projects\Lease Management\emirates-lease-flow\backend\src\models\ExchangeRate.js">
        <metrics statements="4" coveredstatements="4" conditionals="0" coveredconditionals="0" methods="0" coveredmethods="0"/>
        <line num="1" count="1" type="stmt"/>
        <line num="2" count="1" type="stmt"/>
        <line num="4" count="1" type="stmt"/>
        <line num="75" count="1" type="stmt"/>
      </file>
      <file name="FinancialForecast.js" path="C:\projects\Lease Management\emirates-lease-flow\backend\src\models\FinancialForecast.js">
        <metrics statements="4" coveredstatements="4" conditionals="0" coveredconditionals="0" methods="0" coveredmethods="0"/>
        <line num="1" count="1" type="stmt"/>
        <line num="2" count="1" type="stmt"/>
        <line num="4" count="1" type="stmt"/>
        <line num="105" count="1" type="stmt"/>
      </file>
      <file name="FinancialTransaction.js" path="C:\projects\Lease Management\emirates-lease-flow\backend\src\models\FinancialTransaction.js">
        <metrics statements="4" coveredstatements="4" conditionals="0" coveredconditionals="0" methods="0" coveredmethods="0"/>
        <line num="1" count="1" type="stmt"/>
        <line num="2" count="1" type="stmt"/>
        <line num="4" count="1" type="stmt"/>
        <line num="205" count="1" type="stmt"/>
      </file>
      <file name="GoodsReceipt.js" path="C:\projects\Lease Management\emirates-lease-flow\backend\src\models\GoodsReceipt.js">
        <metrics statements="4" coveredstatements="4" conditionals="0" coveredconditionals="0" methods="0" coveredmethods="0"/>
        <line num="1" count="1" type="stmt"/>
        <line num="2" count="1" type="stmt"/>
        <line num="4" count="1" type="stmt"/>
        <line num="161" count="1" type="stmt"/>
      </file>
      <file name="Investment.js" path="C:\projects\Lease Management\emirates-lease-flow\backend\src\models\Investment.js">
        <metrics statements="4" coveredstatements="4" conditionals="0" coveredconditionals="0" methods="0" coveredmethods="0"/>
        <line num="1" count="1" type="stmt"/>
        <line num="2" count="1" type="stmt"/>
        <line num="4" count="1" type="stmt"/>
        <line num="31" count="1" type="stmt"/>
      </file>
      <file name="Invoice.js" path="C:\projects\Lease Management\emirates-lease-flow\backend\src\models\Invoice.js">
        <metrics statements="4" coveredstatements="4" conditionals="0" coveredconditionals="0" methods="0" coveredmethods="0"/>
        <line num="1" count="1" type="stmt"/>
        <line num="2" count="1" type="stmt"/>
        <line num="4" count="1" type="stmt"/>
        <line num="177" count="1" type="stmt"/>
      </file>
      <file name="Item.js" path="C:\projects\Lease Management\emirates-lease-flow\backend\src\models\Item.js">
        <metrics statements="4" coveredstatements="4" conditionals="0" coveredconditionals="0" methods="0" coveredmethods="0"/>
        <line num="1" count="1" type="stmt"/>
        <line num="2" count="1" type="stmt"/>
        <line num="4" count="1" type="stmt"/>
        <line num="107" count="1" type="stmt"/>
      </file>
      <file name="JournalVoucher.js" path="C:\projects\Lease Management\emirates-lease-flow\backend\src\models\JournalVoucher.js">
        <metrics statements="4" coveredstatements="4" conditionals="0" coveredconditionals="0" methods="0" coveredmethods="0"/>
        <line num="1" count="1" type="stmt"/>
        <line num="2" count="1" type="stmt"/>
        <line num="4" count="1" type="stmt"/>
        <line num="75" count="1" type="stmt"/>
      </file>
      <file name="JournalVoucherDetail.js" path="C:\projects\Lease Management\emirates-lease-flow\backend\src\models\JournalVoucherDetail.js">
        <metrics statements="4" coveredstatements="4" conditionals="0" coveredconditionals="0" methods="0" coveredmethods="0"/>
        <line num="1" count="1" type="stmt"/>
        <line num="2" count="1" type="stmt"/>
        <line num="4" count="1" type="stmt"/>
        <line num="76" count="1" type="stmt"/>
      </file>
      <file name="Lead.js" path="C:\projects\Lease Management\emirates-lease-flow\backend\src\models\Lead.js">
        <metrics statements="4" coveredstatements="4" conditionals="0" coveredconditionals="0" methods="0" coveredmethods="0"/>
        <line num="1" count="1" type="stmt"/>
        <line num="2" count="1" type="stmt"/>
        <line num="4" count="1" type="stmt"/>
        <line num="201" count="1" type="stmt"/>
      </file>
      <file name="LeadActivity.js" path="C:\projects\Lease Management\emirates-lease-flow\backend\src\models\LeadActivity.js">
        <metrics statements="4" coveredstatements="4" conditionals="0" coveredconditionals="0" methods="0" coveredmethods="0"/>
        <line num="1" count="1" type="stmt"/>
        <line num="2" count="1" type="stmt"/>
        <line num="4" count="1" type="stmt"/>
        <line num="58" count="1" type="stmt"/>
      </file>
      <file name="LeadProperty.js" path="C:\projects\Lease Management\emirates-lease-flow\backend\src\models\LeadProperty.js">
        <metrics statements="4" coveredstatements="4" conditionals="0" coveredconditionals="0" methods="0" coveredmethods="0"/>
        <line num="1" count="1" type="stmt"/>
        <line num="2" count="1" type="stmt"/>
        <line num="4" count="1" type="stmt"/>
        <line num="61" count="1" type="stmt"/>
      </file>
      <file name="Lease.js" path="C:\projects\Lease Management\emirates-lease-flow\backend\src\models\Lease.js">
        <metrics statements="4" coveredstatements="4" conditionals="0" coveredconditionals="0" methods="0" coveredmethods="0"/>
        <line num="1" count="1" type="stmt"/>
        <line num="2" count="1" type="stmt"/>
        <line num="4" count="1" type="stmt"/>
        <line num="253" count="1" type="stmt"/>
      </file>
      <file name="LedgerSetup.js" path="C:\projects\Lease Management\emirates-lease-flow\backend\src\models\LedgerSetup.js">
        <metrics statements="4" coveredstatements="4" conditionals="0" coveredconditionals="0" methods="0" coveredmethods="0"/>
        <line num="1" count="1" type="stmt"/>
        <line num="2" count="1" type="stmt"/>
        <line num="4" count="1" type="stmt"/>
        <line num="52" count="1" type="stmt"/>
      </file>
      <file name="LegalCase.js" path="C:\projects\Lease Management\emirates-lease-flow\backend\src\models\LegalCase.js">
        <metrics statements="4" coveredstatements="4" conditionals="0" coveredconditionals="0" methods="0" coveredmethods="0"/>
        <line num="1" count="1" type="stmt"/>
        <line num="2" count="1" type="stmt"/>
        <line num="4" count="1" type="stmt"/>
        <line num="116" count="1" type="stmt"/>
      </file>
      <file name="Payment.js" path="C:\projects\Lease Management\emirates-lease-flow\backend\src\models\Payment.js">
        <metrics statements="4" coveredstatements="4" conditionals="0" coveredconditionals="0" methods="0" coveredmethods="0"/>
        <line num="1" count="1" type="stmt"/>
        <line num="2" count="1" type="stmt"/>
        <line num="4" count="1" type="stmt"/>
        <line num="275" count="1" type="stmt"/>
      </file>
      <file name="PaymentGatewayTransaction.js" path="C:\projects\Lease Management\emirates-lease-flow\backend\src\models\PaymentGatewayTransaction.js">
        <metrics statements="4" coveredstatements="4" conditionals="0" coveredconditionals="0" methods="0" coveredmethods="0"/>
        <line num="1" count="1" type="stmt"/>
        <line num="2" count="1" type="stmt"/>
        <line num="4" count="1" type="stmt"/>
        <line num="176" count="1" type="stmt"/>
      </file>
      <file name="PaymentInvoiceAllocation.js" path="C:\projects\Lease Management\emirates-lease-flow\backend\src\models\PaymentInvoiceAllocation.js">
        <metrics statements="4" coveredstatements="4" conditionals="0" coveredconditionals="0" methods="0" coveredmethods="0"/>
        <line num="1" count="1" type="stmt"/>
        <line num="2" count="1" type="stmt"/>
        <line num="4" count="1" type="stmt"/>
        <line num="56" count="1" type="stmt"/>
      </file>
      <file name="PaymentReminder.js" path="C:\projects\Lease Management\emirates-lease-flow\backend\src\models\PaymentReminder.js">
        <metrics statements="4" coveredstatements="4" conditionals="0" coveredconditionals="0" methods="0" coveredmethods="0"/>
        <line num="1" count="1" type="stmt"/>
        <line num="2" count="1" type="stmt"/>
        <line num="4" count="1" type="stmt"/>
        <line num="195" count="1" type="stmt"/>
      </file>
      <file name="Permission.js" path="C:\projects\Lease Management\emirates-lease-flow\backend\src\models\Permission.js">
        <metrics statements="4" coveredstatements="4" conditionals="0" coveredconditionals="0" methods="0" coveredmethods="0"/>
        <line num="1" count="1" type="stmt"/>
        <line num="2" count="1" type="stmt"/>
        <line num="4" count="1" type="stmt"/>
        <line num="47" count="1" type="stmt"/>
      </file>
      <file name="PettyCash.js" path="C:\projects\Lease Management\emirates-lease-flow\backend\src\models\PettyCash.js">
        <metrics statements="4" coveredstatements="4" conditionals="0" coveredconditionals="0" methods="0" coveredmethods="0"/>
        <line num="1" count="1" type="stmt"/>
        <line num="2" count="1" type="stmt"/>
        <line num="4" count="1" type="stmt"/>
        <line num="203" count="1" type="stmt"/>
      </file>
      <file name="Property.js" path="C:\projects\Lease Management\emirates-lease-flow\backend\src\models\Property.js">
        <metrics statements="4" coveredstatements="4" conditionals="0" coveredconditionals="0" methods="0" coveredmethods="0"/>
        <line num="1" count="1" type="stmt"/>
        <line num="2" count="1" type="stmt"/>
        <line num="4" count="1" type="stmt"/>
        <line num="213" count="1" type="stmt"/>
      </file>
      <file name="PurchaseInvoice.js" path="C:\projects\Lease Management\emirates-lease-flow\backend\src\models\PurchaseInvoice.js">
        <metrics statements="4" coveredstatements="4" conditionals="0" coveredconditionals="0" methods="0" coveredmethods="0"/>
        <line num="1" count="1" type="stmt"/>
        <line num="2" count="1" type="stmt"/>
        <line num="4" count="1" type="stmt"/>
        <line num="269" count="1" type="stmt"/>
      </file>
      <file name="PurchaseOrder.js" path="C:\projects\Lease Management\emirates-lease-flow\backend\src\models\PurchaseOrder.js">
        <metrics statements="4" coveredstatements="4" conditionals="0" coveredconditionals="0" methods="0" coveredmethods="0"/>
        <line num="1" count="1" type="stmt"/>
        <line num="2" count="1" type="stmt"/>
        <line num="4" count="1" type="stmt"/>
        <line num="201" count="1" type="stmt"/>
      </file>
      <file name="Reconciliation.js" path="C:\projects\Lease Management\emirates-lease-flow\backend\src\models\Reconciliation.js">
        <metrics statements="4" coveredstatements="4" conditionals="0" coveredconditionals="0" methods="0" coveredmethods="0"/>
        <line num="1" count="1" type="stmt"/>
        <line num="2" count="1" type="stmt"/>
        <line num="4" count="1" type="stmt"/>
        <line num="112" count="1" type="stmt"/>
      </file>
      <file name="ReportShare.js" path="C:\projects\Lease Management\emirates-lease-flow\backend\src\models\ReportShare.js">
        <metrics statements="4" coveredstatements="4" conditionals="0" coveredconditionals="0" methods="0" coveredmethods="0"/>
        <line num="1" count="1" type="stmt"/>
        <line num="2" count="1" type="stmt"/>
        <line num="4" count="1" type="stmt"/>
        <line num="101" count="1" type="stmt"/>
      </file>
      <file name="Role.js" path="C:\projects\Lease Management\emirates-lease-flow\backend\src\models\Role.js">
        <metrics statements="4" coveredstatements="4" conditionals="0" coveredconditionals="0" methods="0" coveredmethods="0"/>
        <line num="1" count="1" type="stmt"/>
        <line num="2" count="1" type="stmt"/>
        <line num="4" count="1" type="stmt"/>
        <line num="45" count="1" type="stmt"/>
      </file>
      <file name="RolePermission.js" path="C:\projects\Lease Management\emirates-lease-flow\backend\src\models\RolePermission.js">
        <metrics statements="4" coveredstatements="4" conditionals="0" coveredconditionals="0" methods="0" coveredmethods="0"/>
        <line num="1" count="1" type="stmt"/>
        <line num="2" count="1" type="stmt"/>
        <line num="4" count="1" type="stmt"/>
        <line num="38" count="1" type="stmt"/>
      </file>
      <file name="SecurityDeposit.js" path="C:\projects\Lease Management\emirates-lease-flow\backend\src\models\SecurityDeposit.js">
        <metrics statements="4" coveredstatements="4" conditionals="0" coveredconditionals="0" methods="0" coveredmethods="0"/>
        <line num="1" count="1" type="stmt"/>
        <line num="2" count="1" type="stmt"/>
        <line num="4" count="1" type="stmt"/>
        <line num="259" count="1" type="stmt"/>
      </file>
      <file name="ServiceTemplate.js" path="C:\projects\Lease Management\emirates-lease-flow\backend\src\models\ServiceTemplate.js">
        <metrics statements="4" coveredstatements="4" conditionals="0" coveredconditionals="0" methods="0" coveredmethods="0"/>
        <line num="1" count="1" type="stmt"/>
        <line num="2" count="1" type="stmt"/>
        <line num="4" count="1" type="stmt"/>
        <line num="85" count="1" type="stmt"/>
      </file>
      <file name="StandingOrder.js" path="C:\projects\Lease Management\emirates-lease-flow\backend\src\models\StandingOrder.js">
        <metrics statements="4" coveredstatements="4" conditionals="0" coveredconditionals="0" methods="0" coveredmethods="0"/>
        <line num="1" count="1" type="stmt"/>
        <line num="2" count="1" type="stmt"/>
        <line num="4" count="1" type="stmt"/>
        <line num="232" count="1" type="stmt"/>
      </file>
      <file name="SystemIntegrityAudit.js" path="C:\projects\Lease Management\emirates-lease-flow\backend\src\models\SystemIntegrityAudit.js">
        <metrics statements="4" coveredstatements="4" conditionals="0" coveredconditionals="0" methods="0" coveredmethods="0"/>
        <line num="1" count="1" type="stmt"/>
        <line num="2" count="1" type="stmt"/>
        <line num="4" count="1" type="stmt"/>
        <line num="30" count="1" type="stmt"/>
      </file>
      <file name="SystemSetting.js" path="C:\projects\Lease Management\emirates-lease-flow\backend\src\models\SystemSetting.js">
        <metrics statements="4" coveredstatements="4" conditionals="0" coveredconditionals="0" methods="0" coveredmethods="0"/>
        <line num="1" count="1" type="stmt"/>
        <line num="2" count="1" type="stmt"/>
        <line num="4" count="1" type="stmt"/>
        <line num="65" count="1" type="stmt"/>
      </file>
      <file name="TaxSetting.js" path="C:\projects\Lease Management\emirates-lease-flow\backend\src\models\TaxSetting.js">
        <metrics statements="4" coveredstatements="4" conditionals="0" coveredconditionals="0" methods="0" coveredmethods="0"/>
        <line num="1" count="1" type="stmt"/>
        <line num="2" count="1" type="stmt"/>
        <line num="4" count="1" type="stmt"/>
        <line num="66" count="1" type="stmt"/>
      </file>
      <file name="Tenant.js" path="C:\projects\Lease Management\emirates-lease-flow\backend\src\models\Tenant.js">
        <metrics statements="4" coveredstatements="4" conditionals="0" coveredconditionals="0" methods="0" coveredmethods="0"/>
        <line num="1" count="1" type="stmt"/>
        <line num="2" count="1" type="stmt"/>
        <line num="4" count="1" type="stmt"/>
        <line num="173" count="1" type="stmt"/>
      </file>
      <file name="Ticket.js" path="C:\projects\Lease Management\emirates-lease-flow\backend\src\models\Ticket.js">
        <metrics statements="4" coveredstatements="4" conditionals="0" coveredconditionals="0" methods="0" coveredmethods="0"/>
        <line num="1" count="1" type="stmt"/>
        <line num="2" count="1" type="stmt"/>
        <line num="4" count="1" type="stmt"/>
        <line num="127" count="1" type="stmt"/>
      </file>
      <file name="TicketNote.js" path="C:\projects\Lease Management\emirates-lease-flow\backend\src\models\TicketNote.js">
        <metrics statements="4" coveredstatements="4" conditionals="0" coveredconditionals="0" methods="0" coveredmethods="0"/>
        <line num="1" count="1" type="stmt"/>
        <line num="2" count="1" type="stmt"/>
        <line num="4" count="1" type="stmt"/>
        <line num="44" count="1" type="stmt"/>
      </file>
      <file name="Unit.js" path="C:\projects\Lease Management\emirates-lease-flow\backend\src\models\Unit.js">
        <metrics statements="4" coveredstatements="4" conditionals="0" coveredconditionals="0" methods="0" coveredmethods="0"/>
        <line num="1" count="1" type="stmt"/>
        <line num="2" count="1" type="stmt"/>
        <line num="4" count="1" type="stmt"/>
        <line num="206" count="1" type="stmt"/>
      </file>
      <file name="User.js" path="C:\projects\Lease Management\emirates-lease-flow\backend\src\models\User.js">
        <metrics statements="15" coveredstatements="7" conditionals="6" coveredconditionals="0" methods="4" coveredmethods="0"/>
        <line num="1" count="1" type="stmt"/>
        <line num="2" count="1" type="stmt"/>
        <line num="3" count="1" type="stmt"/>
        <line num="5" count="1" type="stmt"/>
        <line num="53" count="0" type="cond" truecount="0" falsecount="2"/>
        <line num="54" count="0" type="stmt"/>
        <line num="58" count="0" type="cond" truecount="0" falsecount="4"/>
        <line num="59" count="0" type="stmt"/>
        <line num="66" count="1" type="stmt"/>
        <line num="67" count="0" type="stmt"/>
        <line num="70" count="1" type="stmt"/>
        <line num="71" count="0" type="stmt"/>
        <line num="72" count="0" type="stmt"/>
        <line num="73" count="0" type="stmt"/>
        <line num="76" count="1" type="stmt"/>
      </file>
      <file name="UserRole.js" path="C:\projects\Lease Management\emirates-lease-flow\backend\src\models\UserRole.js">
        <metrics statements="4" coveredstatements="4" conditionals="0" coveredconditionals="0" methods="0" coveredmethods="0"/>
        <line num="1" count="1" type="stmt"/>
        <line num="2" count="1" type="stmt"/>
        <line num="4" count="1" type="stmt"/>
        <line num="38" count="1" type="stmt"/>
      </file>
      <file name="Vendor.js" path="C:\projects\Lease Management\emirates-lease-flow\backend\src\models\Vendor.js">
        <metrics statements="4" coveredstatements="4" conditionals="0" coveredconditionals="0" methods="0" coveredmethods="0"/>
        <line num="1" count="1" type="stmt"/>
        <line num="2" count="1" type="stmt"/>
        <line num="4" count="1" type="stmt"/>
        <line num="108" count="1" type="stmt"/>
      </file>
      <file name="VendorInvoice.js" path="C:\projects\Lease Management\emirates-lease-flow\backend\src\models\VendorInvoice.js">
        <metrics statements="4" coveredstatements="4" conditionals="0" coveredconditionals="0" methods="0" coveredmethods="0"/>
        <line num="1" count="1" type="stmt"/>
        <line num="2" count="1" type="stmt"/>
        <line num="4" count="1" type="stmt"/>
        <line num="148" count="1" type="stmt"/>
      </file>
      <file name="index.js" path="C:\projects\Lease Management\emirates-lease-flow\backend\src\models\index.js">
        <metrics statements="319" coveredstatements="319" conditionals="0" coveredconditionals="0" methods="0" coveredmethods="0"/>
        <line num="1" count="1" type="stmt"/>
        <line num="2" count="1" type="stmt"/>
        <line num="3" count="1" type="stmt"/>
        <line num="4" count="1" type="stmt"/>
        <line num="5" count="1" type="stmt"/>
        <line num="6" count="1" type="stmt"/>
        <line num="7" count="1" type="stmt"/>
        <line num="8" count="1" type="stmt"/>
        <line num="9" count="1" type="stmt"/>
        <line num="10" count="1" type="stmt"/>
        <line num="11" count="1" type="stmt"/>
        <line num="12" count="1" type="stmt"/>
        <line num="13" count="1" type="stmt"/>
        <line num="14" count="1" type="stmt"/>
        <line num="15" count="1" type="stmt"/>
        <line num="16" count="1" type="stmt"/>
        <line num="17" count="1" type="stmt"/>
        <line num="18" count="1" type="stmt"/>
        <line num="19" count="1" type="stmt"/>
        <line num="20" count="1" type="stmt"/>
        <line num="21" count="1" type="stmt"/>
        <line num="22" count="1" type="stmt"/>
        <line num="23" count="1" type="stmt"/>
        <line num="24" count="1" type="stmt"/>
        <line num="27" count="1" type="stmt"/>
        <line num="28" count="1" type="stmt"/>
        <line num="29" count="1" type="stmt"/>
        <line num="30" count="1" type="stmt"/>
        <line num="31" count="1" type="stmt"/>
        <line num="32" count="1" type="stmt"/>
        <line num="33" count="1" type="stmt"/>
        <line num="34" count="1" type="stmt"/>
        <line num="35" count="1" type="stmt"/>
        <line num="36" count="1" type="stmt"/>
        <line num="37" count="1" type="stmt"/>
        <line num="38" count="1" type="stmt"/>
        <line num="39" count="1" type="stmt"/>
        <line num="40" count="1" type="stmt"/>
        <line num="41" count="1" type="stmt"/>
        <line num="42" count="1" type="stmt"/>
        <line num="43" count="1" type="stmt"/>
        <line num="44" count="1" type="stmt"/>
        <line num="45" count="1" type="stmt"/>
        <line num="46" count="1" type="stmt"/>
        <line num="47" count="1" type="stmt"/>
        <line num="49" count="1" type="stmt"/>
        <line num="50" count="1" type="stmt"/>
        <line num="51" count="1" type="stmt"/>
        <line num="52" count="1" type="stmt"/>
        <line num="54" count="1" type="stmt"/>
        <line num="56" count="1" type="stmt"/>
        <line num="57" count="1" type="stmt"/>
        <line num="58" count="1" type="stmt"/>
        <line num="60" count="1" type="stmt"/>
        <line num="63" count="1" type="stmt"/>
        <line num="64" count="1" type="stmt"/>
        <line num="67" count="1" type="stmt"/>
        <line num="68" count="1" type="stmt"/>
        <line num="69" count="1" type="stmt"/>
        <line num="70" count="1" type="stmt"/>
        <line num="71" count="1" type="stmt"/>
        <line num="72" count="1" type="stmt"/>
        <line num="73" count="1" type="stmt"/>
        <line num="75" count="1" type="stmt"/>
        <line num="79" count="1" type="stmt"/>
        <line num="80" count="1" type="stmt"/>
        <line num="81" count="1" type="stmt"/>
        <line num="82" count="1" type="stmt"/>
        <line num="83" count="1" type="stmt"/>
        <line num="84" count="1" type="stmt"/>
        <line num="85" count="1" type="stmt"/>
        <line num="87" count="1" type="stmt"/>
        <line num="88" count="1" type="stmt"/>
        <line num="90" count="1" type="stmt"/>
        <line num="91" count="1" type="stmt"/>
        <line num="92" count="1" type="stmt"/>
        <line num="93" count="1" type="stmt"/>
        <line num="95" count="1" type="stmt"/>
        <line num="96" count="1" type="stmt"/>
        <line num="99" count="1" type="stmt"/>
        <line num="100" count="1" type="stmt"/>
        <line num="101" count="1" type="stmt"/>
        <line num="109" count="1" type="stmt"/>
        <line num="110" count="1" type="stmt"/>
        <line num="118" count="1" type="stmt"/>
        <line num="119" count="1" type="stmt"/>
        <line num="122" count="1" type="stmt"/>
        <line num="123" count="1" type="stmt"/>
        <line num="126" count="1" type="stmt"/>
        <line num="127" count="1" type="stmt"/>
        <line num="128" count="1" type="stmt"/>
        <line num="129" count="1" type="stmt"/>
        <line num="132" count="1" type="stmt"/>
        <line num="133" count="1" type="stmt"/>
        <line num="134" count="1" type="stmt"/>
        <line num="137" count="1" type="stmt"/>
        <line num="138" count="1" type="stmt"/>
        <line num="139" count="1" type="stmt"/>
        <line num="140" count="1" type="stmt"/>
        <line num="143" count="1" type="stmt"/>
        <line num="144" count="1" type="stmt"/>
        <line num="145" count="1" type="stmt"/>
        <line num="148" count="1" type="stmt"/>
        <line num="149" count="1" type="stmt"/>
        <line num="150" count="1" type="stmt"/>
        <line num="151" count="1" type="stmt"/>
        <line num="154" count="1" type="stmt"/>
        <line num="155" count="1" type="stmt"/>
        <line num="156" count="1" type="stmt"/>
        <line num="157" count="1" type="stmt"/>
        <line num="158" count="1" type="stmt"/>
        <line num="161" count="1" type="stmt"/>
        <line num="162" count="1" type="stmt"/>
        <line num="163" count="1" type="stmt"/>
        <line num="166" count="1" type="stmt"/>
        <line num="169" count="1" type="stmt"/>
        <line num="170" count="1" type="stmt"/>
        <line num="171" count="1" type="stmt"/>
        <line num="174" count="1" type="stmt"/>
        <line num="175" count="1" type="stmt"/>
        <line num="176" count="1" type="stmt"/>
        <line num="179" count="1" type="stmt"/>
        <line num="180" count="1" type="stmt"/>
        <line num="181" count="1" type="stmt"/>
        <line num="182" count="1" type="stmt"/>
        <line num="185" count="1" type="stmt"/>
        <line num="186" count="1" type="stmt"/>
        <line num="189" count="1" type="stmt"/>
        <line num="190" count="1" type="stmt"/>
        <line num="191" count="1" type="stmt"/>
        <line num="194" count="1" type="stmt"/>
        <line num="195" count="1" type="stmt"/>
        <line num="196" count="1" type="stmt"/>
        <line num="197" count="1" type="stmt"/>
        <line num="200" count="1" type="stmt"/>
        <line num="201" count="1" type="stmt"/>
        <line num="202" count="1" type="stmt"/>
        <line num="203" count="1" type="stmt"/>
        <line num="206" count="1" type="stmt"/>
        <line num="207" count="1" type="stmt"/>
        <line num="208" count="1" type="stmt"/>
        <line num="209" count="1" type="stmt"/>
        <line num="212" count="1" type="stmt"/>
        <line num="213" count="1" type="stmt"/>
        <line num="214" count="1" type="stmt"/>
        <line num="215" count="1" type="stmt"/>
        <line num="218" count="1" type="stmt"/>
        <line num="219" count="1" type="stmt"/>
        <line num="222" count="1" type="stmt"/>
        <line num="223" count="1" type="stmt"/>
        <line num="224" count="1" type="stmt"/>
        <line num="225" count="1" type="stmt"/>
        <line num="226" count="1" type="stmt"/>
        <line num="227" count="1" type="stmt"/>
        <line num="230" count="1" type="stmt"/>
        <line num="233" count="1" type="stmt"/>
        <line num="234" count="1" type="stmt"/>
        <line num="237" count="1" type="stmt"/>
        <line num="238" count="1" type="stmt"/>
        <line num="239" count="1" type="stmt"/>
        <line num="242" count="1" type="stmt"/>
        <line num="243" count="1" type="stmt"/>
        <line num="244" count="1" type="stmt"/>
        <line num="245" count="1" type="stmt"/>
        <line num="248" count="1" type="stmt"/>
        <line num="251" count="1" type="stmt"/>
        <line num="252" count="1" type="stmt"/>
        <line num="253" count="1" type="stmt"/>
        <line num="257" count="1" type="stmt"/>
        <line num="260" count="1" type="stmt"/>
        <line num="268" count="1" type="stmt"/>
        <line num="276" count="1" type="stmt"/>
        <line num="284" count="1" type="stmt"/>
        <line num="285" count="1" type="stmt"/>
        <line num="286" count="1" type="stmt"/>
        <line num="289" count="1" type="stmt"/>
        <line num="292" count="1" type="stmt"/>
        <line num="293" count="1" type="stmt"/>
        <line num="296" count="1" type="stmt"/>
        <line num="297" count="1" type="stmt"/>
        <line num="298" count="1" type="stmt"/>
        <line num="299" count="1" type="stmt"/>
        <line num="300" count="1" type="stmt"/>
        <line num="303" count="1" type="stmt"/>
        <line num="306" count="1" type="stmt"/>
        <line num="307" count="1" type="stmt"/>
        <line num="310" count="1" type="stmt"/>
        <line num="311" count="1" type="stmt"/>
        <line num="312" count="1" type="stmt"/>
        <line num="313" count="1" type="stmt"/>
        <line num="314" count="1" type="stmt"/>
        <line num="315" count="1" type="stmt"/>
        <line num="316" count="1" type="stmt"/>
        <line num="317" count="1" type="stmt"/>
        <line num="320" count="1" type="stmt"/>
        <line num="323" count="1" type="stmt"/>
        <line num="326" count="1" type="stmt"/>
        <line num="329" count="1" type="stmt"/>
        <line num="330" count="1" type="stmt"/>
        <line num="331" count="1" type="stmt"/>
        <line num="332" count="1" type="stmt"/>
        <line num="333" count="1" type="stmt"/>
        <line num="334" count="1" type="stmt"/>
        <line num="335" count="1" type="stmt"/>
        <line num="336" count="1" type="stmt"/>
        <line num="339" count="1" type="stmt"/>
        <line num="342" count="1" type="stmt"/>
        <line num="345" count="1" type="stmt"/>
        <line num="348" count="1" type="stmt"/>
        <line num="351" count="1" type="stmt"/>
        <line num="352" count="1" type="stmt"/>
        <line num="353" count="1" type="stmt"/>
        <line num="356" count="1" type="stmt"/>
        <line num="359" count="1" type="stmt"/>
        <line num="362" count="1" type="stmt"/>
        <line num="363" count="1" type="stmt"/>
        <line num="364" count="1" type="stmt"/>
        <line num="365" count="1" type="stmt"/>
        <line num="366" count="1" type="stmt"/>
        <line num="369" count="1" type="stmt"/>
        <line num="372" count="1" type="stmt"/>
        <line num="373" count="1" type="stmt"/>
        <line num="374" count="1" type="stmt"/>
        <line num="377" count="1" type="stmt"/>
        <line num="378" count="1" type="stmt"/>
        <line num="379" count="1" type="stmt"/>
        <line num="382" count="1" type="stmt"/>
        <line num="383" count="1" type="stmt"/>
        <line num="387" count="1" type="stmt"/>
        <line num="388" count="1" type="stmt"/>
        <line num="389" count="1" type="stmt"/>
        <line num="392" count="1" type="stmt"/>
        <line num="393" count="1" type="stmt"/>
        <line num="396" count="1" type="stmt"/>
        <line num="397" count="1" type="stmt"/>
        <line num="398" count="1" type="stmt"/>
        <line num="399" count="1" type="stmt"/>
        <line num="400" count="1" type="stmt"/>
        <line num="401" count="1" type="stmt"/>
        <line num="402" count="1" type="stmt"/>
        <line num="403" count="1" type="stmt"/>
        <line num="404" count="1" type="stmt"/>
        <line num="407" count="1" type="stmt"/>
        <line num="408" count="1" type="stmt"/>
        <line num="409" count="1" type="stmt"/>
        <line num="410" count="1" type="stmt"/>
        <line num="411" count="1" type="stmt"/>
        <line num="412" count="1" type="stmt"/>
        <line num="413" count="1" type="stmt"/>
        <line num="414" count="1" type="stmt"/>
        <line num="417" count="1" type="stmt"/>
        <line num="418" count="1" type="stmt"/>
        <line num="419" count="1" type="stmt"/>
        <line num="420" count="1" type="stmt"/>
        <line num="421" count="1" type="stmt"/>
        <line num="423" count="1" type="stmt"/>
        <line num="424" count="1" type="stmt"/>
        <line num="425" count="1" type="stmt"/>
        <line num="426" count="1" type="stmt"/>
        <line num="427" count="1" type="stmt"/>
        <line num="428" count="1" type="stmt"/>
        <line num="429" count="1" type="stmt"/>
        <line num="430" count="1" type="stmt"/>
        <line num="431" count="1" type="stmt"/>
        <line num="434" count="1" type="stmt"/>
        <line num="435" count="1" type="stmt"/>
        <line num="437" count="1" type="stmt"/>
        <line num="438" count="1" type="stmt"/>
        <line num="440" count="1" type="stmt"/>
        <line num="443" count="1" type="stmt"/>
        <line num="444" count="1" type="stmt"/>
        <line num="446" count="1" type="stmt"/>
        <line num="447" count="1" type="stmt"/>
        <line num="449" count="1" type="stmt"/>
        <line num="450" count="1" type="stmt"/>
        <line num="452" count="1" type="stmt"/>
        <line num="453" count="1" type="stmt"/>
        <line num="455" count="1" type="stmt"/>
        <line num="456" count="1" type="stmt"/>
        <line num="461" count="1" type="stmt"/>
        <line num="462" count="1" type="stmt"/>
        <line num="465" count="1" type="stmt"/>
        <line num="466" count="1" type="stmt"/>
        <line num="469" count="1" type="stmt"/>
        <line num="470" count="1" type="stmt"/>
        <line num="473" count="1" type="stmt"/>
        <line num="474" count="1" type="stmt"/>
        <line num="475" count="1" type="stmt"/>
        <line num="476" count="1" type="stmt"/>
        <line num="477" count="1" type="stmt"/>
        <line num="479" count="1" type="stmt"/>
        <line num="480" count="1" type="stmt"/>
        <line num="481" count="1" type="stmt"/>
        <line num="484" count="1" type="stmt"/>
        <line num="492" count="1" type="stmt"/>
        <line num="493" count="1" type="stmt"/>
        <line num="496" count="1" type="stmt"/>
        <line num="497" count="1" type="stmt"/>
        <line num="498" count="1" type="stmt"/>
        <line num="499" count="1" type="stmt"/>
        <line num="500" count="1" type="stmt"/>
        <line num="501" count="1" type="stmt"/>
        <line num="502" count="1" type="stmt"/>
        <line num="503" count="1" type="stmt"/>
        <line num="504" count="1" type="stmt"/>
        <line num="505" count="1" type="stmt"/>
        <line num="506" count="1" type="stmt"/>
        <line num="507" count="1" type="stmt"/>
        <line num="510" count="1" type="stmt"/>
        <line num="533" count="1" type="stmt"/>
        <line num="534" count="21" type="stmt"/>
        <line num="535" count="21" type="stmt"/>
        <line num="539" count="1" type="stmt"/>
        <line num="547" count="1" type="stmt"/>
        <line num="548" count="6" type="stmt"/>
        <line num="549" count="6" type="stmt"/>
        <line num="551" count="1" type="stmt"/>
        <line num="555" count="1" type="stmt"/>
        <line num="560" count="1" type="stmt"/>
      </file>
    </package>
    <package name="services">
      <metrics statements="142" coveredstatements="53" conditionals="140" coveredconditionals="44" methods="19" coveredmethods="9"/>
      <file name="companyDocumentNumber.service.js" path="C:\projects\Lease Management\emirates-lease-flow\backend\src\services\companyDocumentNumber.service.js">
        <metrics statements="46" coveredstatements="9" conditionals="37" coveredconditionals="5" methods="7" coveredmethods="2"/>
        <line num="1" count="1" type="stmt"/>
        <line num="2" count="1" type="stmt"/>
        <line num="4" count="1" type="stmt"/>
        <line num="18" count="2" type="cond" truecount="2" falsecount="0"/>
        <line num="22" count="0" type="stmt"/>
        <line num="23" count="0" type="stmt"/>
        <line num="24" count="0" type="stmt"/>
        <line num="25" count="0" type="cond" truecount="0" falsecount="2"/>
        <line num="26" count="0" type="cond" truecount="0" falsecount="2"/>
        <line num="27" count="0" type="cond" truecount="0" falsecount="2"/>
        <line num="28" count="0" type="stmt"/>
        <line num="32" count="0" type="cond" truecount="0" falsecount="2"/>
        <line num="33" count="0" type="stmt"/>
        <line num="34" count="0" type="stmt"/>
        <line num="35" count="0" type="cond" truecount="0" falsecount="2"/>
        <line num="36" count="0" type="cond" truecount="0" falsecount="2"/>
        <line num="37" count="0" type="stmt"/>
        <line num="38" count="0" type="cond" truecount="0" falsecount="2"/>
        <line num="39" count="0" type="stmt"/>
        <line num="43" count="0" type="stmt"/>
        <line num="51" count="0" type="stmt"/>
        <line num="52" count="0" type="stmt"/>
        <line num="55" count="0" type="cond" truecount="0" falsecount="2"/>
        <line num="56" count="0" type="cond" truecount="0" falsecount="2"/>
        <line num="63" count="2" type="cond" truecount="2" falsecount="0"/>
        <line num="64" count="1" type="stmt"/>
        <line num="66" count="1" type="cond" truecount="1" falsecount="1"/>
        <line num="67" count="1" type="stmt"/>
        <line num="70" count="0" type="stmt"/>
        <line num="71" count="0" type="stmt"/>
        <line num="73" count="0" type="cond" truecount="0" falsecount="2"/>
        <line num="74" count="0" type="stmt"/>
        <line num="75" count="0" type="cond" truecount="0" falsecount="2"/>
        <line num="76" count="0" type="stmt"/>
        <line num="77" count="0" type="cond" truecount="0" falsecount="2"/>
        <line num="79" count="0" type="stmt"/>
        <line num="82" count="0" type="stmt"/>
        <line num="83" count="0" type="cond" truecount="0" falsecount="2"/>
        <line num="84" count="0" type="cond" truecount="0" falsecount="4"/>
        <line num="85" count="0" type="stmt"/>
        <line num="86" count="0" type="stmt"/>
        <line num="89" count="0" type="stmt"/>
        <line num="90" count="0" type="stmt"/>
        <line num="91" count="0" type="stmt"/>
        <line num="92" count="0" type="stmt"/>
        <line num="95" count="1" type="stmt"/>
      </file>
      <file name="documentNumberingService.js" path="C:\projects\Lease Management\emirates-lease-flow\backend\src\services\documentNumberingService.js">
        <metrics statements="28" coveredstatements="2" conditionals="24" coveredconditionals="0" methods="1" coveredmethods="0"/>
        <line num="1" count="1" type="stmt"/>
        <line num="16" count="0" type="cond" truecount="0" falsecount="2"/>
        <line num="17" count="0" type="stmt"/>
        <line num="21" count="0" type="stmt"/>
        <line num="28" count="0" type="cond" truecount="0" falsecount="2"/>
        <line num="29" count="0" type="stmt"/>
        <line num="32" count="0" type="cond" truecount="0" falsecount="2"/>
        <line num="33" count="0" type="stmt"/>
        <line num="34" count="0" type="stmt"/>
        <line num="37" count="0" type="cond" truecount="0" falsecount="2"/>
        <line num="38" count="0" type="cond" truecount="0" falsecount="4"/>
        <line num="39" count="0" type="stmt"/>
        <line num="40" count="0" type="stmt"/>
        <line num="45" count="0" type="stmt"/>
        <line num="48" count="0" type="cond" truecount="0" falsecount="4"/>
        <line num="49" count="0" type="stmt"/>
        <line num="52" count="0" type="stmt"/>
        <line num="53" count="0" type="stmt"/>
        <line num="56" count="0" type="stmt"/>
        <line num="59" count="0" type="cond" truecount="0" falsecount="2"/>
        <line num="60" count="0" type="stmt"/>
        <line num="63" count="0" type="stmt"/>
        <line num="64" count="0" type="cond" truecount="0" falsecount="2"/>
        <line num="65" count="0" type="cond" truecount="0" falsecount="2"/>
        <line num="66" count="0" type="stmt"/>
        <line num="67" count="0" type="cond" truecount="0" falsecount="2"/>
        <line num="69" count="0" type="stmt"/>
        <line num="73" count="1" type="stmt"/>
      </file>
      <file name="documentTemplateService.js" path="C:\projects\Lease Management\emirates-lease-flow\backend\src\services\documentTemplateService.js">
        <metrics statements="5" coveredstatements="5" conditionals="12" coveredconditionals="8" methods="1" coveredmethods="1"/>
        <line num="1" count="1" type="stmt"/>
        <line num="10" count="1" type="cond" truecount="2" falsecount="0"/>
        <line num="28" count="1" type="stmt"/>
        <line num="32" count="1" type="stmt"/>
        <line num="75" count="1" type="stmt"/>
      </file>
      <file name="periodValidationService.js" path="C:\projects\Lease Management\emirates-lease-flow\backend\src\services\periodValidationService.js">
        <metrics statements="26" coveredstatements="22" conditionals="41" coveredconditionals="22" methods="6" coveredmethods="4"/>
        <line num="1" count="1" type="stmt"/>
        <line num="2" count="1" type="stmt"/>
        <line num="4" count="1" type="stmt"/>
        <line num="7" count="2" type="cond" truecount="1" falsecount="1"/>
        <line num="8" count="2" type="cond" truecount="2" falsecount="0"/>
        <line num="9" count="1" type="cond" truecount="3" falsecount="1"/>
        <line num="10" count="1" type="stmt"/>
        <line num="19" count="4" type="cond" truecount="3" falsecount="1"/>
        <line num="21" count="4" type="cond" truecount="1" falsecount="1"/>
        <line num="22" count="4" type="stmt"/>
        <line num="31" count="4" type="cond" truecount="2" falsecount="0"/>
        <line num="32" count="3" type="cond" truecount="1" falsecount="1"/>
        <line num="33" count="3" type="cond" truecount="2" falsecount="0"/>
        <line num="34" count="2" type="cond" truecount="5" falsecount="0"/>
        <line num="35" count="1" type="stmt"/>
        <line num="37" count="1" type="stmt"/>
        <line num="41" count="1" type="stmt"/>
        <line num="42" count="1" type="stmt"/>
        <line num="43" count="1" type="stmt"/>
        <line num="47" count="1" type="stmt"/>
        <line num="48" count="1" type="cond" truecount="1" falsecount="1"/>
        <line num="52" count="0" type="stmt"/>
        <line num="56" count="0" type="cond" truecount="0" falsecount="2"/>
        <line num="62" count="0" type="stmt"/>
        <line num="71" count="0" type="stmt"/>
        <line num="81" count="1" type="stmt"/>
      </file>
      <file name="vatPeriodService.js" path="C:\projects\Lease Management\emirates-lease-flow\backend\src\services\vatPeriodService.js">
        <metrics statements="37" coveredstatements="15" conditionals="26" coveredconditionals="9" methods="4" coveredmethods="2"/>
        <line num="1" count="1" type="stmt"/>
        <line num="2" count="1" type="stmt"/>
        <line num="3" count="1" type="stmt"/>
        <line num="4" count="1" type="stmt"/>
        <line num="7" count="2" type="cond" truecount="3" falsecount="1"/>
        <line num="9" count="2" type="cond" truecount="1" falsecount="1"/>
        <line num="13" count="2" type="stmt"/>
        <line num="29" count="2" type="stmt"/>
        <line num="30" count="2" type="cond" truecount="1" falsecount="1"/>
        <line num="32" count="2" type="cond" truecount="2" falsecount="0"/>
        <line num="33" count="1" type="stmt"/>
        <line num="34" count="1" type="stmt"/>
        <line num="35" count="1" type="stmt"/>
        <line num="38" count="1" type="cond" truecount="1" falsecount="1"/>
        <line num="39" count="0" type="cond" truecount="0" falsecount="3"/>
        <line num="40" count="0" type="cond" truecount="0" falsecount="2"/>
        <line num="41" count="0" type="stmt"/>
        <line num="42" count="0" type="stmt"/>
        <line num="43" count="0" type="stmt"/>
        <line num="49" count="0" type="stmt"/>
        <line num="52" count="0" type="cond" truecount="0" falsecount="2"/>
        <line num="53" count="0" type="stmt"/>
        <line num="54" count="0" type="stmt"/>
        <line num="55" count="0" type="stmt"/>
        <line num="57" count="0" type="cond" truecount="0" falsecount="2"/>
        <line num="59" count="0" type="stmt"/>
        <line num="65" count="0" type="stmt"/>
        <line num="72" count="0" type="stmt"/>
        <line num="76" count="0" type="stmt"/>
        <line num="79" count="0" type="cond" truecount="0" falsecount="2"/>
        <line num="80" count="0" type="stmt"/>
        <line num="81" count="0" type="stmt"/>
        <line num="82" count="0" type="stmt"/>
        <line num="85" count="0" type="stmt"/>
        <line num="87" count="0" type="stmt"/>
        <line num="94" count="0" type="stmt"/>
        <line num="97" count="1" type="stmt"/>
      </file>
    </package>
  </project>
</coverage>
