<?xml version="1.0" encoding="UTF-8"?>
<coverage generated="1780319189175" clover="3.2.0">
  <project timestamp="1780319189175" name="All files">
    <metrics statements="28" coveredstatements="28" conditionals="8" coveredconditionals="8" methods="20" coveredmethods="20" elements="56" coveredelements="56" complexity="0" loc="28" ncloc="28" packages="1" files="1" classes="1"/>
    <file name="permissions.js" path="C:\projects\Lease Management\emirates-lease-flow\backend\src\config\permissions.js">
      <metrics statements="28" coveredstatements="28" conditionals="8" coveredconditionals="8" methods="20" coveredmethods="20"/>
      <line num="1" count="2" type="stmt"/>
      <line num="30" count="2" type="stmt"/>
      <line num="32" count="2" type="stmt"/>
      <line num="33" count="208" type="stmt"/>
      <line num="42" count="2" type="stmt"/>
      <line num="87" count="2" type="stmt"/>
      <line num="119" count="2" type="stmt"/>
      <line num="129" count="2" type="stmt"/>
      <line num="146" count="2" type="stmt"/>
      <line num="154" count="58" type="stmt"/>
      <line num="156" count="284" type="stmt"/>
      <line num="158" count="2" type="stmt"/>
      <line num="161" count="284" type="stmt"/>
      <line num="165" count="208" type="stmt"/>
      <line num="166" count="80" type="stmt"/>
      <line num="167" count="12" type="stmt"/>
      <line num="172" count="208" type="cond" truecount="2" falsecount="0"/>
      <line num="174" count="30" type="stmt"/>
      <line num="176" count="208" type="stmt"/>
      <line num="177" count="72" type="stmt"/>
      <line num="179" count="208" type="cond" truecount="2" falsecount="0"/>
      <line num="181" count="8" type="stmt"/>
      <line num="183" count="208" type="cond" truecount="2" falsecount="0"/>
      <line num="185" count="36" type="stmt"/>
      <line num="187" count="208" type="cond" truecount="2" falsecount="0"/>
      <line num="188" count="8" type="stmt"/>
      <line num="189" count="208" type="stmt"/>
      <line num="192" count="2" type="stmt"/>
    </file>
  </project>
</coverage>
