{"C:\\projects\\Lease Management\\emirates-lease-flow\\backend\\src\\config\\permissions.js": {"path":"C:\\projects\\Lease Management\\emirates-lease-flow\\backend\\src\\config\\permissions.js","statementMap":{"0":{"start":{"line":1,"column":16},"end":{"line":28,"column":1}},"1":{"start":{"line":30,"column":16},"end":{"line":30,"column":54}},"2":{"start":{"line":32,"column":31},"end":{"line":40,"column":1}},"3":{"start":{"line":33,"column":2},"end":{"line":39,"column":5}},"4":{"start":{"line":33,"column":27},"end":{"line":39,"column":3}},"5":{"start":{"line":42,"column":50},"end":{"line":85,"column":1}},"6":{"start":{"line":87,"column":34},"end":{"line":117,"column":1}},"7":{"start":{"line":119,"column":40},"end":{"line":127,"column":1}},"8":{"start":{"line":129,"column":43},"end":{"line":144,"column":1}},"9":{"start":{"line":146,"column":35},"end":{"line":152,"column":1}},"10":{"start":{"line":154,"column":33},"end":{"line":154,"column":77}},"11":{"start":{"line":154,"column":70},"end":{"line":154,"column":76}},"12":{"start":{"line":156,"column":26},"end":{"line":156,"column":77}},"13":{"start":{"line":156,"column":67},"end":{"line":156,"column":76}},"14":{"start":{"line":158,"column":32},"end":{"line":190,"column":1}},"15":{"start":{"line":161,"column":42},"end":{"line":161,"column":87}},"16":{"start":{"line":165,"column":6},"end":{"line":165,"column":180}},"17":{"start":{"line":166,"column":20},"end":{"line":166,"column":29}},"18":{"start":{"line":167,"column":63},"end":{"line":167,"column":72}},"19":{"start":{"line":172,"column":4},"end":{"line":173,"column":54}},"20":{"start":{"line":174,"column":18},"end":{"line":174,"column":27}},"21":{"start":{"line":176,"column":4},"end":{"line":176,"column":130}},"22":{"start":{"line":177,"column":18},"end":{"line":177,"column":27}},"23":{"start":{"line":179,"column":4},"end":{"line":180,"column":44}},"24":{"start":{"line":181,"column":18},"end":{"line":181,"column":27}},"25":{"start":{"line":183,"column":4},"end":{"line":184,"column":54}},"26":{"start":{"line":185,"column":18},"end":{"line":185,"column":27}},"27":{"start":{"line":187,"column":4},"end":{"line":187,"column":98}},"28":{"start":{"line":188,"column":18},"end":{"line":188,"column":27}},"29":{"start":{"line":189,"column":50},"end":{"line":189,"column":72}},"30":{"start":{"line":189,"column":88},"end":{"line":189,"column":97}},"31":{"start":{"line":192,"column":0},"end":{"line":200,"column":2}}},"fnMap":{"0":{"name":"(anonymous_0)","decl":{"start":{"line":32,"column":47},"end":{"line":32,"column":48}},"loc":{"start":{"line":33,"column":2},"end":{"line":39,"column":5}},"line":33},"1":{"name":"(anonymous_1)","decl":{"start":{"line":33,"column":14},"end":{"line":33,"column":15}},"loc":{"start":{"line":33,"column":27},"end":{"line":39,"column":3}},"line":33},"2":{"name":"(anonymous_2)","decl":{"start":{"line":154,"column":63},"end":{"line":154,"column":64}},"loc":{"start":{"line":154,"column":70},"end":{"line":154,"column":76}},"line":154},"3":{"name":"(anonymous_3)","decl":{"start":{"line":156,"column":57},"end":{"line":156,"column":58}},"loc":{"start":{"line":156,"column":67},"end":{"line":156,"column":76}},"line":156},"4":{"name":"(anonymous_4)","decl":{"start":{"line":161,"column":32},"end":{"line":161,"column":33}},"loc":{"start":{"line":161,"column":42},"end":{"line":161,"column":87}},"line":161},"5":{"name":"(anonymous_5)","decl":{"start":{"line":164,"column":37},"end":{"line":164,"column":38}},"loc":{"start":{"line":165,"column":6},"end":{"line":165,"column":180}},"line":165},"6":{"name":"(anonymous_6)","decl":{"start":{"line":166,"column":10},"end":{"line":166,"column":11}},"loc":{"start":{"line":166,"column":20},"end":{"line":166,"column":29}},"line":166},"7":{"name":"(anonymous_7)","decl":{"start":{"line":167,"column":53},"end":{"line":167,"column":54}},"loc":{"start":{"line":167,"column":63},"end":{"line":167,"column":72}},"line":167},"8":{"name":"(anonymous_8)","decl":{"start":{"line":171,"column":51},"end":{"line":171,"column":52}},"loc":{"start":{"line":172,"column":4},"end":{"line":173,"column":54}},"line":172},"9":{"name":"(anonymous_9)","decl":{"start":{"line":174,"column":8},"end":{"line":174,"column":9}},"loc":{"start":{"line":174,"column":18},"end":{"line":174,"column":27}},"line":174},"10":{"name":"(anonymous_10)","decl":{"start":{"line":175,"column":54},"end":{"line":175,"column":55}},"loc":{"start":{"line":176,"column":4},"end":{"line":176,"column":130}},"line":176},"11":{"name":"(anonymous_11)","decl":{"start":{"line":177,"column":8},"end":{"line":177,"column":9}},"loc":{"start":{"line":177,"column":18},"end":{"line":177,"column":27}},"line":177},"12":{"name":"(anonymous_12)","decl":{"start":{"line":178,"column":56},"end":{"line":178,"column":57}},"loc":{"start":{"line":179,"column":4},"end":{"line":180,"column":44}},"line":179},"13":{"name":"(anonymous_13)","decl":{"start":{"line":181,"column":8},"end":{"line":181,"column":9}},"loc":{"start":{"line":181,"column":18},"end":{"line":181,"column":27}},"line":181},"14":{"name":"(anonymous_14)","decl":{"start":{"line":182,"column":39},"end":{"line":182,"column":40}},"loc":{"start":{"line":183,"column":4},"end":{"line":184,"column":54}},"line":183},"15":{"name":"(anonymous_15)","decl":{"start":{"line":185,"column":8},"end":{"line":185,"column":9}},"loc":{"start":{"line":185,"column":18},"end":{"line":185,"column":27}},"line":185},"16":{"name":"(anonymous_16)","decl":{"start":{"line":186,"column":40},"end":{"line":186,"column":41}},"loc":{"start":{"line":187,"column":4},"end":{"line":187,"column":98}},"line":187},"17":{"name":"(anonymous_17)","decl":{"start":{"line":188,"column":8},"end":{"line":188,"column":9}},"loc":{"start":{"line":188,"column":18},"end":{"line":188,"column":27}},"line":188},"18":{"name":"(anonymous_18)","decl":{"start":{"line":189,"column":40},"end":{"line":189,"column":41}},"loc":{"start":{"line":189,"column":50},"end":{"line":189,"column":72}},"line":189},"19":{"name":"(anonymous_19)","decl":{"start":{"line":189,"column":78},"end":{"line":189,"column":79}},"loc":{"start":{"line":189,"column":88},"end":{"line":189,"column":97}},"line":189}},"branchMap":{"0":{"loc":{"start":{"line":172,"column":4},"end":{"line":173,"column":54}},"type":"binary-expr","locations":[{"start":{"line":172,"column":4},"end":{"line":172,"column":84}},{"start":{"line":173,"column":4},"end":{"line":173,"column":54}}],"line":172},"1":{"loc":{"start":{"line":179,"column":4},"end":{"line":180,"column":44}},"type":"binary-expr","locations":[{"start":{"line":179,"column":4},"end":{"line":179,"column":51}},{"start":{"line":180,"column":4},"end":{"line":180,"column":44}}],"line":179},"2":{"loc":{"start":{"line":183,"column":4},"end":{"line":184,"column":54}},"type":"binary-expr","locations":[{"start":{"line":183,"column":4},"end":{"line":183,"column":92}},{"start":{"line":184,"column":4},"end":{"line":184,"column":54}}],"line":183},"3":{"loc":{"start":{"line":187,"column":4},"end":{"line":187,"column":98}},"type":"binary-expr","locations":[{"start":{"line":187,"column":4},"end":{"line":187,"column":72}},{"start":{"line":187,"column":76},"end":{"line":187,"column":98}}],"line":187}},"s":{"0":2,"1":2,"2":2,"3":52,"4":208,"5":2,"6":2,"7":2,"8":2,"9":2,"10":2,"11":58,"12":2,"13":284,"14":2,"15":284,"16":208,"17":80,"18":12,"19":208,"20":30,"21":208,"22":72,"23":208,"24":8,"25":208,"26":36,"27":208,"28":8,"29":208,"30":52,"31":2},"f":{"0":52,"1":208,"2":58,"3":284,"4":284,"5":208,"6":80,"7":12,"8":208,"9":30,"10":208,"11":72,"12":208,"13":8,"14":208,"15":36,"16":208,"17":8,"18":208,"19":52},"b":{"0":[208,40],"1":[208,16],"2":[208,48],"3":[208,32]},"_coverageSchema":"1a1c01bbd47fc00a2c39e90264f33305004495a9","hash":"caf21abccf6df016370a6a8749e4a8174058ce53"}
}
