{"C:\\projects\\Lease Management\\emirates-lease-flow\\backend\\src\\config\\config.js": {"path":"C:\\projects\\Lease Management\\emirates-lease-flow\\backend\\src\\config\\config.js","statementMap":{"0":{"start":{"line":1,"column":13},"end":{"line":1,"column":28}},"1":{"start":{"line":2,"column":11},"end":{"line":2,"column":24}},"2":{"start":{"line":5,"column":16},"end":{"line":5,"column":53}},"3":{"start":{"line":14,"column":19},"end":{"line":14,"column":53}},"4":{"start":{"line":15,"column":29},"end":{"line":15,"column":80}},"5":{"start":{"line":16,"column":22},"end":{"line":16,"column":62}},"6":{"start":{"line":18,"column":0},"end":{"line":30,"column":1}},"7":{"start":{"line":20,"column":2},"end":{"line":20,"column":26}},"8":{"start":{"line":21,"column":2},"end":{"line":21,"column":26}},"9":{"start":{"line":22,"column":7},"end":{"line":30,"column":1}},"10":{"start":{"line":24,"column":2},"end":{"line":24,"column":36}},"11":{"start":{"line":25,"column":2},"end":{"line":25,"column":43}},"12":{"start":{"line":28,"column":2},"end":{"line":28,"column":29}},"13":{"start":{"line":29,"column":2},"end":{"line":29,"column":32}},"14":{"start":{"line":32,"column":0},"end":{"line":32,"column":86}},"15":{"start":{"line":33,"column":0},"end":{"line":33,"column":47}},"16":{"start":{"line":35,"column":0},"end":{"line":90,"column":2}},"17":{"start":{"line":59,"column":57},"end":{"line":59,"column":70}},"18":{"start":{"line":62,"column":86},"end":{"line":62,"column":99}}},"fnMap":{"0":{"name":"(anonymous_0)","decl":{"start":{"line":59,"column":47},"end":{"line":59,"column":48}},"loc":{"start":{"line":59,"column":57},"end":{"line":59,"column":70}},"line":59},"1":{"name":"(anonymous_1)","decl":{"start":{"line":62,"column":76},"end":{"line":62,"column":77}},"loc":{"start":{"line":62,"column":86},"end":{"line":62,"column":99}},"line":62}},"branchMap":{"0":{"loc":{"start":{"line":5,"column":16},"end":{"line":5,"column":53}},"type":"binary-expr","locations":[{"start":{"line":5,"column":16},"end":{"line":5,"column":36}},{"start":{"line":5,"column":40},"end":{"line":5,"column":53}}],"line":5},"1":{"loc":{"start":{"line":18,"column":0},"end":{"line":30,"column":1}},"type":"if","locations":[{"start":{"line":18,"column":0},"end":{"line":30,"column":1}},{"start":{"line":22,"column":7},"end":{"line":30,"column":1}}],"line":18},"2":{"loc":{"start":{"line":22,"column":7},"end":{"line":30,"column":1}},"type":"if","locations":[{"start":{"line":22,"column":7},"end":{"line":30,"column":1}},{"start":{"line":26,"column":7},"end":{"line":30,"column":1}}],"line":22},"3":{"loc":{"start":{"line":22,"column":11},"end":{"line":22,"column":74}},"type":"binary-expr","locations":[{"start":{"line":22,"column":11},"end":{"line":22,"column":35}},{"start":{"line":22,"column":39},"end":{"line":22,"column":74}}],"line":22},"4":{"loc":{"start":{"line":37,"column":8},"end":{"line":37,"column":32}},"type":"binary-expr","locations":[{"start":{"line":37,"column":8},"end":{"line":37,"column":24}},{"start":{"line":37,"column":28},"end":{"line":37,"column":32}}],"line":37},"5":{"loc":{"start":{"line":38,"column":11},"end":{"line":38,"column":48}},"type":"binary-expr","locations":[{"start":{"line":38,"column":11},"end":{"line":38,"column":31}},{"start":{"line":38,"column":35},"end":{"line":38,"column":48}}],"line":38},"6":{"loc":{"start":{"line":42,"column":10},"end":{"line":42,"column":44}},"type":"binary-expr","locations":[{"start":{"line":42,"column":10},"end":{"line":42,"column":29}},{"start":{"line":42,"column":33},"end":{"line":42,"column":44}}],"line":42},"7":{"loc":{"start":{"line":43,"column":10},"end":{"line":43,"column":37}},"type":"binary-expr","locations":[{"start":{"line":43,"column":10},"end":{"line":43,"column":29}},{"start":{"line":43,"column":33},"end":{"line":43,"column":37}}],"line":43},"8":{"loc":{"start":{"line":44,"column":10},"end":{"line":44,"column":50}},"type":"binary-expr","locations":[{"start":{"line":44,"column":10},"end":{"line":44,"column":29}},{"start":{"line":44,"column":33},"end":{"line":44,"column":50}}],"line":44},"9":{"loc":{"start":{"line":45,"column":10},"end":{"line":45,"column":39}},"type":"binary-expr","locations":[{"start":{"line":45,"column":10},"end":{"line":45,"column":29}},{"start":{"line":45,"column":33},"end":{"line":45,"column":39}}],"line":45},"10":{"loc":{"start":{"line":46,"column":14},"end":{"line":46,"column":43}},"type":"binary-expr","locations":[{"start":{"line":46,"column":14},"end":{"line":46,"column":37}},{"start":{"line":46,"column":41},"end":{"line":46,"column":43}}],"line":46},"11":{"loc":{"start":{"line":51,"column":12},"end":{"line":51,"column":81}},"type":"binary-expr","locations":[{"start":{"line":51,"column":12},"end":{"line":51,"column":34}},{"start":{"line":51,"column":38},"end":{"line":51,"column":81}}],"line":51},"12":{"loc":{"start":{"line":52,"column":15},"end":{"line":52,"column":45}},"type":"binary-expr","locations":[{"start":{"line":52,"column":15},"end":{"line":52,"column":37}},{"start":{"line":52,"column":41},"end":{"line":52,"column":45}}],"line":52},"13":{"loc":{"start":{"line":58,"column":12},"end":{"line":62,"column":129}},"type":"cond-expr","locations":[{"start":{"line":59,"column":8},"end":{"line":59,"column":71}},{"start":{"line":60,"column":8},"end":{"line":62,"column":129}}],"line":58},"14":{"loc":{"start":{"line":60,"column":8},"end":{"line":62,"column":129}},"type":"cond-expr","locations":[{"start":{"line":61,"column":10},"end":{"line":61,"column":85}},{"start":{"line":62,"column":11},"end":{"line":62,"column":128}}],"line":60},"15":{"loc":{"start":{"line":62,"column":11},"end":{"line":62,"column":128}},"type":"cond-expr","locations":[{"start":{"line":62,"column":37},"end":{"line":62,"column":100}},{"start":{"line":62,"column":103},"end":{"line":62,"column":128}}],"line":62},"16":{"loc":{"start":{"line":68,"column":14},"end":{"line":68,"column":66}},"type":"binary-expr","locations":[{"start":{"line":68,"column":14},"end":{"line":68,"column":56}},{"start":{"line":68,"column":60},"end":{"line":68,"column":66}}],"line":68},"17":{"loc":{"start":{"line":69,"column":9},"end":{"line":69,"column":61}},"type":"binary-expr","locations":[{"start":{"line":69,"column":9},"end":{"line":69,"column":54}},{"start":{"line":69,"column":58},"end":{"line":69,"column":61}}],"line":69},"18":{"loc":{"start":{"line":74,"column":22},"end":{"line":76,"column":11}},"type":"cond-expr","locations":[{"start":{"line":75,"column":8},"end":{"line":75,"column":51}},{"start":{"line":76,"column":8},"end":{"line":76,"column":11}}],"line":74},"19":{"loc":{"start":{"line":81,"column":17},"end":{"line":81,"column":64}},"type":"binary-expr","locations":[{"start":{"line":81,"column":17},"end":{"line":81,"column":52}},{"start":{"line":81,"column":56},"end":{"line":81,"column":64}}],"line":81},"20":{"loc":{"start":{"line":82,"column":16},"end":{"line":82,"column":54}},"type":"binary-expr","locations":[{"start":{"line":82,"column":16},"end":{"line":82,"column":39}},{"start":{"line":82,"column":43},"end":{"line":82,"column":54}}],"line":82},"21":{"loc":{"start":{"line":87,"column":11},"end":{"line":87,"column":42}},"type":"binary-expr","locations":[{"start":{"line":87,"column":11},"end":{"line":87,"column":32}},{"start":{"line":87,"column":36},"end":{"line":87,"column":42}}],"line":87},"22":{"loc":{"start":{"line":88,"column":10},"end":{"line":88,"column":50}},"type":"binary-expr","locations":[{"start":{"line":88,"column":10},"end":{"line":88,"column":30}},{"start":{"line":88,"column":34},"end":{"line":88,"column":50}}],"line":88}},"s":{"0":1,"1":1,"2":1,"3":1,"4":1,"5":1,"6":1,"7":0,"8":0,"9":1,"10":0,"11":0,"12":1,"13":1,"14":1,"15":1,"16":1,"17":3,"18":0},"f":{"0":3,"1":0},"b":{"0":[1,0],"1":[0,1],"2":[0,1],"3":[1,0],"4":[1,0],"5":[1,0],"6":[1,0],"7":[1,0],"8":[1,0],"9":[1,0],"10":[1,0],"11":[1,0],"12":[1,0],"13":[1,0],"14":[0,0],"15":[0,0],"16":[1,0],"17":[1,0],"18":[0,1],"19":[1,0],"20":[1,0],"21":[1,0],"22":[1,0]},"_coverageSchema":"1a1c01bbd47fc00a2c39e90264f33305004495a9","hash":"1d3d4fe3f722bfad133fab48235c6d84bb905896"}
,"C:\\projects\\Lease Management\\emirates-lease-flow\\backend\\src\\config\\database.js": {"path":"C:\\projects\\Lease Management\\emirates-lease-flow\\backend\\src\\config\\database.js","statementMap":{"0":{"start":{"line":1,"column":22},"end":{"line":1,"column":42}},"1":{"start":{"line":2,"column":15},"end":{"line":2,"column":34}},"2":{"start":{"line":5,"column":18},"end":{"line":21,"column":1}},"3":{"start":{"line":24,"column":23},"end":{"line":33,"column":1}},"4":{"start":{"line":25,"column":2},"end":{"line":32,"column":3}},"5":{"start":{"line":26,"column":4},"end":{"line":26,"column":35}},"6":{"start":{"line":27,"column":4},"end":{"line":27,"column":76}},"7":{"start":{"line":28,"column":4},"end":{"line":28,"column":16}},"8":{"start":{"line":30,"column":4},"end":{"line":30,"column":73}},"9":{"start":{"line":31,"column":4},"end":{"line":31,"column":17}},"10":{"start":{"line":36,"column":21},"end":{"line":45,"column":1}},"11":{"start":{"line":37,"column":2},"end":{"line":44,"column":3}},"12":{"start":{"line":38,"column":4},"end":{"line":38,"column":27}},"13":{"start":{"line":39,"column":4},"end":{"line":39,"column":53}},"14":{"start":{"line":40,"column":4},"end":{"line":40,"column":16}},"15":{"start":{"line":42,"column":4},"end":{"line":42,"column":60}},"16":{"start":{"line":43,"column":4},"end":{"line":43,"column":17}},"17":{"start":{"line":47,"column":0},"end":{"line":47,"column":72}}},"fnMap":{"0":{"name":"(anonymous_0)","decl":{"start":{"line":24,"column":23},"end":{"line":24,"column":24}},"loc":{"start":{"line":24,"column":35},"end":{"line":33,"column":1}},"line":24},"1":{"name":"(anonymous_1)","decl":{"start":{"line":36,"column":21},"end":{"line":36,"column":22}},"loc":{"start":{"line":36,"column":33},"end":{"line":45,"column":1}},"line":36}},"branchMap":{},"s":{"0":1,"1":1,"2":1,"3":1,"4":0,"5":0,"6":0,"7":0,"8":0,"9":0,"10":1,"11":0,"12":0,"13":0,"14":0,"15":0,"16":0,"17":1},"f":{"0":0,"1":0},"b":{},"_coverageSchema":"1a1c01bbd47fc00a2c39e90264f33305004495a9","hash":"6e89fe89b76faf4662a9281be3d176e1c109bd51"}
,"C:\\projects\\Lease Management\\emirates-lease-flow\\backend\\src\\models\\AccountsTrans.js": {"path":"C:\\projects\\Lease Management\\emirates-lease-flow\\backend\\src\\models\\AccountsTrans.js","statementMap":{"0":{"start":{"line":1,"column":22},"end":{"line":1,"column":42}},"1":{"start":{"line":2,"column":22},"end":{"line":2,"column":51}},"2":{"start":{"line":4,"column":22},"end":{"line":125,"column":2}},"3":{"start":{"line":127,"column":0},"end":{"line":127,"column":31}}},"fnMap":{},"branchMap":{},"s":{"0":1,"1":1,"2":1,"3":1},"f":{},"b":{},"_coverageSchema":"1a1c01bbd47fc00a2c39e90264f33305004495a9","hash":"f51fd61521e77d8a25686910883aee195e38e97e"}
,"C:\\projects\\Lease Management\\emirates-lease-flow\\backend\\src\\models\\AuditLog.js": {"path":"C:\\projects\\Lease Management\\emirates-lease-flow\\backend\\src\\models\\AuditLog.js","statementMap":{"0":{"start":{"line":1,"column":22},"end":{"line":1,"column":42}},"1":{"start":{"line":2,"column":22},"end":{"line":2,"column":51}},"2":{"start":{"line":4,"column":17},"end":{"line":59,"column":2}},"3":{"start":{"line":61,"column":0},"end":{"line":61,"column":26}}},"fnMap":{},"branchMap":{},"s":{"0":1,"1":1,"2":1,"3":1},"f":{},"b":{},"_coverageSchema":"1a1c01bbd47fc00a2c39e90264f33305004495a9","hash":"f7c1a95c0f2ee55711a64085c71dbd6f6447f943"}
,"C:\\projects\\Lease Management\\emirates-lease-flow\\backend\\src\\models\\BankAccount.js": {"path":"C:\\projects\\Lease Management\\emirates-lease-flow\\backend\\src\\models\\BankAccount.js","statementMap":{"0":{"start":{"line":1,"column":33},"end":{"line":1,"column":53}},"1":{"start":{"line":2,"column":22},"end":{"line":2,"column":51}},"2":{"start":{"line":4,"column":20},"end":{"line":111,"column":2}},"3":{"start":{"line":113,"column":0},"end":{"line":113,"column":29}}},"fnMap":{},"branchMap":{},"s":{"0":1,"1":1,"2":1,"3":1},"f":{},"b":{},"_coverageSchema":"1a1c01bbd47fc00a2c39e90264f33305004495a9","hash":"ef29e4f8eca79b1411dee53d4cb3a5702f873409"}
,"C:\\projects\\Lease Management\\emirates-lease-flow\\backend\\src\\models\\BankStatementImport.js": {"path":"C:\\projects\\Lease Management\\emirates-lease-flow\\backend\\src\\models\\BankStatementImport.js","statementMap":{"0":{"start":{"line":1,"column":33},"end":{"line":1,"column":53}},"1":{"start":{"line":2,"column":22},"end":{"line":2,"column":51}},"2":{"start":{"line":4,"column":28},"end":{"line":39,"column":2}},"3":{"start":{"line":41,"column":0},"end":{"line":41,"column":37}}},"fnMap":{},"branchMap":{},"s":{"0":1,"1":1,"2":1,"3":1},"f":{},"b":{},"_coverageSchema":"1a1c01bbd47fc00a2c39e90264f33305004495a9","hash":"fd8ef36c3d9d4b9afc2384cba975f1da3b22562a"}
,"C:\\projects\\Lease Management\\emirates-lease-flow\\backend\\src\\models\\BankTransaction.js": {"path":"C:\\projects\\Lease Management\\emirates-lease-flow\\backend\\src\\models\\BankTransaction.js","statementMap":{"0":{"start":{"line":1,"column":33},"end":{"line":1,"column":53}},"1":{"start":{"line":2,"column":22},"end":{"line":2,"column":51}},"2":{"start":{"line":4,"column":24},"end":{"line":114,"column":2}},"3":{"start":{"line":116,"column":0},"end":{"line":116,"column":33}}},"fnMap":{},"branchMap":{},"s":{"0":1,"1":1,"2":1,"3":1},"f":{},"b":{},"_coverageSchema":"1a1c01bbd47fc00a2c39e90264f33305004495a9","hash":"741649cc36f709a9791967a9f4d0d543f4e52470"}
,"C:\\projects\\Lease Management\\emirates-lease-flow\\backend\\src\\models\\Budget.js": {"path":"C:\\projects\\Lease Management\\emirates-lease-flow\\backend\\src\\models\\Budget.js","statementMap":{"0":{"start":{"line":1,"column":22},"end":{"line":1,"column":42}},"1":{"start":{"line":2,"column":22},"end":{"line":2,"column":51}},"2":{"start":{"line":4,"column":15},"end":{"line":152,"column":2}},"3":{"start":{"line":154,"column":0},"end":{"line":154,"column":24}}},"fnMap":{},"branchMap":{},"s":{"0":1,"1":1,"2":1,"3":1},"f":{},"b":{},"_coverageSchema":"1a1c01bbd47fc00a2c39e90264f33305004495a9","hash":"1d469117da8e19a30ad596e36b6a254cb35afd54"}
,"C:\\projects\\Lease Management\\emirates-lease-flow\\backend\\src\\models\\BudgetCategory.js": {"path":"C:\\projects\\Lease Management\\emirates-lease-flow\\backend\\src\\models\\BudgetCategory.js","statementMap":{"0":{"start":{"line":1,"column":33},"end":{"line":1,"column":53}},"1":{"start":{"line":2,"column":22},"end":{"line":2,"column":51}},"2":{"start":{"line":4,"column":23},"end":{"line":96,"column":2}},"3":{"start":{"line":98,"column":0},"end":{"line":98,"column":32}}},"fnMap":{},"branchMap":{},"s":{"0":1,"1":1,"2":1,"3":1},"f":{},"b":{},"_coverageSchema":"1a1c01bbd47fc00a2c39e90264f33305004495a9","hash":"d2d0a7b6563668ee188a7751323ed9169f3a55aa"}
,"C:\\projects\\Lease Management\\emirates-lease-flow\\backend\\src\\models\\ChartOfAccount.js": {"path":"C:\\projects\\Lease Management\\emirates-lease-flow\\backend\\src\\models\\ChartOfAccount.js","statementMap":{"0":{"start":{"line":1,"column":22},"end":{"line":1,"column":42}},"1":{"start":{"line":2,"column":22},"end":{"line":2,"column":51}},"2":{"start":{"line":4,"column":23},"end":{"line":144,"column":2}},"3":{"start":{"line":146,"column":0},"end":{"line":146,"column":32}}},"fnMap":{},"branchMap":{},"s":{"0":1,"1":1,"2":1,"3":1},"f":{},"b":{},"_coverageSchema":"1a1c01bbd47fc00a2c39e90264f33305004495a9","hash":"d2560a08569db79318b5c0c35393da334baa923b"}
,"C:\\projects\\Lease Management\\emirates-lease-flow\\backend\\src\\models\\Cheque.js": {"path":"C:\\projects\\Lease Management\\emirates-lease-flow\\backend\\src\\models\\Cheque.js","statementMap":{"0":{"start":{"line":1,"column":33},"end":{"line":1,"column":53}},"1":{"start":{"line":2,"column":22},"end":{"line":2,"column":51}},"2":{"start":{"line":4,"column":15},"end":{"line":272,"column":2}},"3":{"start":{"line":274,"column":0},"end":{"line":274,"column":24}}},"fnMap":{},"branchMap":{},"s":{"0":1,"1":1,"2":1,"3":1},"f":{},"b":{},"_coverageSchema":"1a1c01bbd47fc00a2c39e90264f33305004495a9","hash":"d8338a98e5d04cee379653816a7745225b09e656"}
,"C:\\projects\\Lease Management\\emirates-lease-flow\\backend\\src\\models\\CompanyDocumentTemplate.js": {"path":"C:\\projects\\Lease Management\\emirates-lease-flow\\backend\\src\\models\\CompanyDocumentTemplate.js","statementMap":{"0":{"start":{"line":1,"column":22},"end":{"line":1,"column":42}},"1":{"start":{"line":2,"column":22},"end":{"line":2,"column":51}},"2":{"start":{"line":4,"column":32},"end":{"line":19,"column":1}},"3":{"start":{"line":21,"column":0},"end":{"line":21,"column":41}}},"fnMap":{},"branchMap":{},"s":{"0":1,"1":1,"2":1,"3":1},"f":{},"b":{},"_coverageSchema":"1a1c01bbd47fc00a2c39e90264f33305004495a9","hash":"335fb33156ce9583ecc8f5e1c2d66c374bf77e5b"}
,"C:\\projects\\Lease Management\\emirates-lease-flow\\backend\\src\\models\\CompanyFinancialPeriod.js": {"path":"C:\\projects\\Lease Management\\emirates-lease-flow\\backend\\src\\models\\CompanyFinancialPeriod.js","statementMap":{"0":{"start":{"line":1,"column":22},"end":{"line":1,"column":42}},"1":{"start":{"line":2,"column":22},"end":{"line":2,"column":51}},"2":{"start":{"line":4,"column":31},"end":{"line":22,"column":1}},"3":{"start":{"line":24,"column":0},"end":{"line":24,"column":40}}},"fnMap":{},"branchMap":{},"s":{"0":1,"1":1,"2":1,"3":1},"f":{},"b":{},"_coverageSchema":"1a1c01bbd47fc00a2c39e90264f33305004495a9","hash":"3185a3e322082450bc7c380fc68be38cb3ec2527"}
,"C:\\projects\\Lease Management\\emirates-lease-flow\\backend\\src\\models\\CompanyFinancialYear.js": {"path":"C:\\projects\\Lease Management\\emirates-lease-flow\\backend\\src\\models\\CompanyFinancialYear.js","statementMap":{"0":{"start":{"line":1,"column":22},"end":{"line":1,"column":42}},"1":{"start":{"line":2,"column":22},"end":{"line":2,"column":51}},"2":{"start":{"line":4,"column":29},"end":{"line":16,"column":1}},"3":{"start":{"line":18,"column":0},"end":{"line":18,"column":38}}},"fnMap":{},"branchMap":{},"s":{"0":1,"1":1,"2":1,"3":1},"f":{},"b":{},"_coverageSchema":"1a1c01bbd47fc00a2c39e90264f33305004495a9","hash":"4d64b6e009086d2f716f057f360436900fd1bc2a"}
,"C:\\projects\\Lease Management\\emirates-lease-flow\\backend\\src\\models\\CompanyNumberSeries.js": {"path":"C:\\projects\\Lease Management\\emirates-lease-flow\\backend\\src\\models\\CompanyNumberSeries.js","statementMap":{"0":{"start":{"line":1,"column":22},"end":{"line":1,"column":42}},"1":{"start":{"line":2,"column":22},"end":{"line":2,"column":51}},"2":{"start":{"line":4,"column":28},"end":{"line":28,"column":1}},"3":{"start":{"line":30,"column":0},"end":{"line":30,"column":37}}},"fnMap":{},"branchMap":{},"s":{"0":1,"1":1,"2":1,"3":1},"f":{},"b":{},"_coverageSchema":"1a1c01bbd47fc00a2c39e90264f33305004495a9","hash":"b550b6187777b8516a95c209a1f7c8b6511fb19c"}
,"C:\\projects\\Lease Management\\emirates-lease-flow\\backend\\src\\models\\CompanyOpeningBalanceBatch.js": {"path":"C:\\projects\\Lease Management\\emirates-lease-flow\\backend\\src\\models\\CompanyOpeningBalanceBatch.js","statementMap":{"0":{"start":{"line":1,"column":22},"end":{"line":1,"column":42}},"1":{"start":{"line":2,"column":22},"end":{"line":2,"column":51}},"2":{"start":{"line":4,"column":35},"end":{"line":19,"column":1}},"3":{"start":{"line":21,"column":0},"end":{"line":21,"column":44}}},"fnMap":{},"branchMap":{},"s":{"0":1,"1":1,"2":1,"3":1},"f":{},"b":{},"_coverageSchema":"1a1c01bbd47fc00a2c39e90264f33305004495a9","hash":"f34004e55331bf3fd8cf1d7a2f1507c9e0b5978d"}
,"C:\\projects\\Lease Management\\emirates-lease-flow\\backend\\src\\models\\CompanySetting.js": {"path":"C:\\projects\\Lease Management\\emirates-lease-flow\\backend\\src\\models\\CompanySetting.js","statementMap":{"0":{"start":{"line":1,"column":22},"end":{"line":1,"column":42}},"1":{"start":{"line":2,"column":22},"end":{"line":2,"column":51}},"2":{"start":{"line":4,"column":23},"end":{"line":130,"column":2}},"3":{"start":{"line":132,"column":0},"end":{"line":132,"column":32}}},"fnMap":{},"branchMap":{},"s":{"0":1,"1":1,"2":1,"3":1},"f":{},"b":{},"_coverageSchema":"1a1c01bbd47fc00a2c39e90264f33305004495a9","hash":"d7d1d73400bb67a23a0f61189e76243af4ba7029"}
,"C:\\projects\\Lease Management\\emirates-lease-flow\\backend\\src\\models\\CompanyUser.js": {"path":"C:\\projects\\Lease Management\\emirates-lease-flow\\backend\\src\\models\\CompanyUser.js","statementMap":{"0":{"start":{"line":1,"column":22},"end":{"line":1,"column":42}},"1":{"start":{"line":2,"column":22},"end":{"line":2,"column":51}},"2":{"start":{"line":4,"column":20},"end":{"line":48,"column":1}},"3":{"start":{"line":50,"column":0},"end":{"line":50,"column":29}}},"fnMap":{},"branchMap":{},"s":{"0":1,"1":1,"2":1,"3":1},"f":{},"b":{},"_coverageSchema":"1a1c01bbd47fc00a2c39e90264f33305004495a9","hash":"b7a5734f423a6764ee36700e0b3a24df812ae6b0"}
,"C:\\projects\\Lease Management\\emirates-lease-flow\\backend\\src\\models\\CompanyVatPeriod.js": {"path":"C:\\projects\\Lease Management\\emirates-lease-flow\\backend\\src\\models\\CompanyVatPeriod.js","statementMap":{"0":{"start":{"line":1,"column":22},"end":{"line":1,"column":42}},"1":{"start":{"line":2,"column":22},"end":{"line":2,"column":51}},"2":{"start":{"line":4,"column":25},"end":{"line":21,"column":1}},"3":{"start":{"line":23,"column":0},"end":{"line":23,"column":34}}},"fnMap":{},"branchMap":{},"s":{"0":1,"1":1,"2":1,"3":1},"f":{},"b":{},"_coverageSchema":"1a1c01bbd47fc00a2c39e90264f33305004495a9","hash":"63fe38104347f40d2259d6fd10db3e7c5f941442"}
,"C:\\projects\\Lease Management\\emirates-lease-flow\\backend\\src\\models\\CreditLimit.js": {"path":"C:\\projects\\Lease Management\\emirates-lease-flow\\backend\\src\\models\\CreditLimit.js","statementMap":{"0":{"start":{"line":1,"column":33},"end":{"line":1,"column":53}},"1":{"start":{"line":2,"column":22},"end":{"line":2,"column":51}},"2":{"start":{"line":4,"column":20},"end":{"line":175,"column":2}},"3":{"start":{"line":177,"column":0},"end":{"line":177,"column":29}}},"fnMap":{},"branchMap":{},"s":{"0":1,"1":1,"2":1,"3":1},"f":{},"b":{},"_coverageSchema":"1a1c01bbd47fc00a2c39e90264f33305004495a9","hash":"0eb7758410785bf5b832864c45b278eca7ee0345"}
,"C:\\projects\\Lease Management\\emirates-lease-flow\\backend\\src\\models\\Document.js": {"path":"C:\\projects\\Lease Management\\emirates-lease-flow\\backend\\src\\models\\Document.js","statementMap":{"0":{"start":{"line":1,"column":22},"end":{"line":1,"column":42}},"1":{"start":{"line":2,"column":22},"end":{"line":2,"column":51}},"2":{"start":{"line":4,"column":17},"end":{"line":121,"column":2}},"3":{"start":{"line":123,"column":0},"end":{"line":123,"column":26}}},"fnMap":{},"branchMap":{},"s":{"0":1,"1":1,"2":1,"3":1},"f":{},"b":{},"_coverageSchema":"1a1c01bbd47fc00a2c39e90264f33305004495a9","hash":"989fff2d7d9f4c15281d1dd666a1cf34731385ad"}
,"C:\\projects\\Lease Management\\emirates-lease-flow\\backend\\src\\models\\DocumentNumbering.js": {"path":"C:\\projects\\Lease Management\\emirates-lease-flow\\backend\\src\\models\\DocumentNumbering.js","statementMap":{"0":{"start":{"line":1,"column":22},"end":{"line":1,"column":42}},"1":{"start":{"line":2,"column":22},"end":{"line":2,"column":51}},"2":{"start":{"line":4,"column":26},"end":{"line":67,"column":2}},"3":{"start":{"line":69,"column":0},"end":{"line":69,"column":35}}},"fnMap":{},"branchMap":{},"s":{"0":1,"1":1,"2":1,"3":1},"f":{},"b":{},"_coverageSchema":"1a1c01bbd47fc00a2c39e90264f33305004495a9","hash":"8adebf39f95e0424e000885d9d58d0f86b7ea6b0"}
,"C:\\projects\\Lease Management\\emirates-lease-flow\\backend\\src\\models\\ExchangeRate.js": {"path":"C:\\projects\\Lease Management\\emirates-lease-flow\\backend\\src\\models\\ExchangeRate.js","statementMap":{"0":{"start":{"line":1,"column":33},"end":{"line":1,"column":53}},"1":{"start":{"line":2,"column":22},"end":{"line":2,"column":51}},"2":{"start":{"line":4,"column":21},"end":{"line":73,"column":2}},"3":{"start":{"line":75,"column":0},"end":{"line":75,"column":30}}},"fnMap":{},"branchMap":{},"s":{"0":1,"1":1,"2":1,"3":1},"f":{},"b":{},"_coverageSchema":"1a1c01bbd47fc00a2c39e90264f33305004495a9","hash":"0e73ec9d874bcbea86143449331c2888aa0986d4"}
,"C:\\projects\\Lease Management\\emirates-lease-flow\\backend\\src\\models\\FinancialForecast.js": {"path":"C:\\projects\\Lease Management\\emirates-lease-flow\\backend\\src\\models\\FinancialForecast.js","statementMap":{"0":{"start":{"line":1,"column":33},"end":{"line":1,"column":53}},"1":{"start":{"line":2,"column":22},"end":{"line":2,"column":51}},"2":{"start":{"line":4,"column":26},"end":{"line":103,"column":2}},"3":{"start":{"line":105,"column":0},"end":{"line":105,"column":35}}},"fnMap":{},"branchMap":{},"s":{"0":1,"1":1,"2":1,"3":1},"f":{},"b":{},"_coverageSchema":"1a1c01bbd47fc00a2c39e90264f33305004495a9","hash":"37197fa8264b1a7b8fee52e63f04333d13719aeb"}
,"C:\\projects\\Lease Management\\emirates-lease-flow\\backend\\src\\models\\FinancialTransaction.js": {"path":"C:\\projects\\Lease Management\\emirates-lease-flow\\backend\\src\\models\\FinancialTransaction.js","statementMap":{"0":{"start":{"line":1,"column":22},"end":{"line":1,"column":42}},"1":{"start":{"line":2,"column":22},"end":{"line":2,"column":51}},"2":{"start":{"line":4,"column":29},"end":{"line":203,"column":2}},"3":{"start":{"line":205,"column":0},"end":{"line":205,"column":38}}},"fnMap":{},"branchMap":{},"s":{"0":1,"1":1,"2":1,"3":1},"f":{},"b":{},"_coverageSchema":"1a1c01bbd47fc00a2c39e90264f33305004495a9","hash":"bd3a4ef85518de4dae858bf01cce3cde844a3cb0"}
,"C:\\projects\\Lease Management\\emirates-lease-flow\\backend\\src\\models\\GoodsReceipt.js": {"path":"C:\\projects\\Lease Management\\emirates-lease-flow\\backend\\src\\models\\GoodsReceipt.js","statementMap":{"0":{"start":{"line":1,"column":33},"end":{"line":1,"column":53}},"1":{"start":{"line":2,"column":22},"end":{"line":2,"column":51}},"2":{"start":{"line":4,"column":21},"end":{"line":159,"column":2}},"3":{"start":{"line":161,"column":0},"end":{"line":161,"column":30}}},"fnMap":{},"branchMap":{},"s":{"0":1,"1":1,"2":1,"3":1},"f":{},"b":{},"_coverageSchema":"1a1c01bbd47fc00a2c39e90264f33305004495a9","hash":"a67ce5e8dac0a92ac8d03a340fc96a0cb0174ea0"}
,"C:\\projects\\Lease Management\\emirates-lease-flow\\backend\\src\\models\\Investment.js": {"path":"C:\\projects\\Lease Management\\emirates-lease-flow\\backend\\src\\models\\Investment.js","statementMap":{"0":{"start":{"line":1,"column":33},"end":{"line":1,"column":53}},"1":{"start":{"line":2,"column":22},"end":{"line":2,"column":51}},"2":{"start":{"line":4,"column":19},"end":{"line":29,"column":2}},"3":{"start":{"line":31,"column":0},"end":{"line":31,"column":28}}},"fnMap":{},"branchMap":{},"s":{"0":1,"1":1,"2":1,"3":1},"f":{},"b":{},"_coverageSchema":"1a1c01bbd47fc00a2c39e90264f33305004495a9","hash":"c4829096a3d769ed66706f3d7c22c9e0d0159d3d"}
,"C:\\projects\\Lease Management\\emirates-lease-flow\\backend\\src\\models\\Invoice.js": {"path":"C:\\projects\\Lease Management\\emirates-lease-flow\\backend\\src\\models\\Invoice.js","statementMap":{"0":{"start":{"line":1,"column":22},"end":{"line":1,"column":42}},"1":{"start":{"line":2,"column":22},"end":{"line":2,"column":51}},"2":{"start":{"line":4,"column":16},"end":{"line":175,"column":2}},"3":{"start":{"line":177,"column":0},"end":{"line":177,"column":25}}},"fnMap":{},"branchMap":{},"s":{"0":1,"1":1,"2":1,"3":1},"f":{},"b":{},"_coverageSchema":"1a1c01bbd47fc00a2c39e90264f33305004495a9","hash":"57623b97eecbde0e21a34c204aeb8e48a08c77e9"}
,"C:\\projects\\Lease Management\\emirates-lease-flow\\backend\\src\\models\\Item.js": {"path":"C:\\projects\\Lease Management\\emirates-lease-flow\\backend\\src\\models\\Item.js","statementMap":{"0":{"start":{"line":1,"column":33},"end":{"line":1,"column":53}},"1":{"start":{"line":2,"column":22},"end":{"line":2,"column":51}},"2":{"start":{"line":4,"column":13},"end":{"line":105,"column":2}},"3":{"start":{"line":107,"column":0},"end":{"line":107,"column":22}}},"fnMap":{},"branchMap":{},"s":{"0":1,"1":1,"2":1,"3":1},"f":{},"b":{},"_coverageSchema":"1a1c01bbd47fc00a2c39e90264f33305004495a9","hash":"15317da4fb9458836f66ce7e22d7e14e94976da6"}
,"C:\\projects\\Lease Management\\emirates-lease-flow\\backend\\src\\models\\JournalVoucher.js": {"path":"C:\\projects\\Lease Management\\emirates-lease-flow\\backend\\src\\models\\JournalVoucher.js","statementMap":{"0":{"start":{"line":1,"column":22},"end":{"line":1,"column":42}},"1":{"start":{"line":2,"column":22},"end":{"line":2,"column":51}},"2":{"start":{"line":4,"column":23},"end":{"line":73,"column":2}},"3":{"start":{"line":75,"column":0},"end":{"line":75,"column":32}}},"fnMap":{},"branchMap":{},"s":{"0":1,"1":1,"2":1,"3":1},"f":{},"b":{},"_coverageSchema":"1a1c01bbd47fc00a2c39e90264f33305004495a9","hash":"51fca82764ba6624447ff83fd274633a5d750158"}
,"C:\\projects\\Lease Management\\emirates-lease-flow\\backend\\src\\models\\JournalVoucherDetail.js": {"path":"C:\\projects\\Lease Management\\emirates-lease-flow\\backend\\src\\models\\JournalVoucherDetail.js","statementMap":{"0":{"start":{"line":1,"column":22},"end":{"line":1,"column":42}},"1":{"start":{"line":2,"column":22},"end":{"line":2,"column":51}},"2":{"start":{"line":4,"column":29},"end":{"line":74,"column":2}},"3":{"start":{"line":76,"column":0},"end":{"line":76,"column":38}}},"fnMap":{},"branchMap":{},"s":{"0":1,"1":1,"2":1,"3":1},"f":{},"b":{},"_coverageSchema":"1a1c01bbd47fc00a2c39e90264f33305004495a9","hash":"088ec5ba97e8be97e151b5f8edda8626a51d79d7"}
,"C:\\projects\\Lease Management\\emirates-lease-flow\\backend\\src\\models\\Lead.js": {"path":"C:\\projects\\Lease Management\\emirates-lease-flow\\backend\\src\\models\\Lead.js","statementMap":{"0":{"start":{"line":1,"column":22},"end":{"line":1,"column":42}},"1":{"start":{"line":2,"column":22},"end":{"line":2,"column":51}},"2":{"start":{"line":4,"column":13},"end":{"line":199,"column":2}},"3":{"start":{"line":201,"column":0},"end":{"line":201,"column":22}}},"fnMap":{},"branchMap":{},"s":{"0":1,"1":1,"2":1,"3":1},"f":{},"b":{},"_coverageSchema":"1a1c01bbd47fc00a2c39e90264f33305004495a9","hash":"4604d75d114e928d67c6b30a886621951951db4e"}
,"C:\\projects\\Lease Management\\emirates-lease-flow\\backend\\src\\models\\LeadActivity.js": {"path":"C:\\projects\\Lease Management\\emirates-lease-flow\\backend\\src\\models\\LeadActivity.js","statementMap":{"0":{"start":{"line":1,"column":22},"end":{"line":1,"column":42}},"1":{"start":{"line":2,"column":22},"end":{"line":2,"column":51}},"2":{"start":{"line":4,"column":21},"end":{"line":56,"column":2}},"3":{"start":{"line":58,"column":0},"end":{"line":58,"column":30}}},"fnMap":{},"branchMap":{},"s":{"0":1,"1":1,"2":1,"3":1},"f":{},"b":{},"_coverageSchema":"1a1c01bbd47fc00a2c39e90264f33305004495a9","hash":"29c18f9ec132dc7aea7a6fdca125fd7c3ab97995"}
,"C:\\projects\\Lease Management\\emirates-lease-flow\\backend\\src\\models\\LeadProperty.js": {"path":"C:\\projects\\Lease Management\\emirates-lease-flow\\backend\\src\\models\\LeadProperty.js","statementMap":{"0":{"start":{"line":1,"column":22},"end":{"line":1,"column":42}},"1":{"start":{"line":2,"column":22},"end":{"line":2,"column":51}},"2":{"start":{"line":4,"column":21},"end":{"line":59,"column":2}},"3":{"start":{"line":61,"column":0},"end":{"line":61,"column":30}}},"fnMap":{},"branchMap":{},"s":{"0":1,"1":1,"2":1,"3":1},"f":{},"b":{},"_coverageSchema":"1a1c01bbd47fc00a2c39e90264f33305004495a9","hash":"ebe711551dacf602fe779137ed05ad3590d949a9"}
,"C:\\projects\\Lease Management\\emirates-lease-flow\\backend\\src\\models\\Lease.js": {"path":"C:\\projects\\Lease Management\\emirates-lease-flow\\backend\\src\\models\\Lease.js","statementMap":{"0":{"start":{"line":1,"column":22},"end":{"line":1,"column":42}},"1":{"start":{"line":2,"column":22},"end":{"line":2,"column":51}},"2":{"start":{"line":4,"column":14},"end":{"line":251,"column":2}},"3":{"start":{"line":253,"column":0},"end":{"line":253,"column":23}}},"fnMap":{},"branchMap":{},"s":{"0":1,"1":1,"2":1,"3":1},"f":{},"b":{},"_coverageSchema":"1a1c01bbd47fc00a2c39e90264f33305004495a9","hash":"a0e79e7ce9c2b821dd972baef837599eb39cc18c"}
,"C:\\projects\\Lease Management\\emirates-lease-flow\\backend\\src\\models\\LedgerSetup.js": {"path":"C:\\projects\\Lease Management\\emirates-lease-flow\\backend\\src\\models\\LedgerSetup.js","statementMap":{"0":{"start":{"line":1,"column":22},"end":{"line":1,"column":42}},"1":{"start":{"line":2,"column":22},"end":{"line":2,"column":51}},"2":{"start":{"line":4,"column":20},"end":{"line":50,"column":2}},"3":{"start":{"line":52,"column":0},"end":{"line":52,"column":29}}},"fnMap":{},"branchMap":{},"s":{"0":1,"1":1,"2":1,"3":1},"f":{},"b":{},"_coverageSchema":"1a1c01bbd47fc00a2c39e90264f33305004495a9","hash":"f08ad1674757866dbd7e85c3c649a0720587f4e1"}
,"C:\\projects\\Lease Management\\emirates-lease-flow\\backend\\src\\models\\LegalCase.js": {"path":"C:\\projects\\Lease Management\\emirates-lease-flow\\backend\\src\\models\\LegalCase.js","statementMap":{"0":{"start":{"line":1,"column":22},"end":{"line":1,"column":42}},"1":{"start":{"line":2,"column":22},"end":{"line":2,"column":51}},"2":{"start":{"line":4,"column":18},"end":{"line":114,"column":2}},"3":{"start":{"line":116,"column":0},"end":{"line":116,"column":27}}},"fnMap":{},"branchMap":{},"s":{"0":1,"1":1,"2":1,"3":1},"f":{},"b":{},"_coverageSchema":"1a1c01bbd47fc00a2c39e90264f33305004495a9","hash":"ef5360e9abc2669ca963fb7e47608ce0f1fc86c0"}
,"C:\\projects\\Lease Management\\emirates-lease-flow\\backend\\src\\models\\Payment.js": {"path":"C:\\projects\\Lease Management\\emirates-lease-flow\\backend\\src\\models\\Payment.js","statementMap":{"0":{"start":{"line":1,"column":22},"end":{"line":1,"column":42}},"1":{"start":{"line":2,"column":22},"end":{"line":2,"column":51}},"2":{"start":{"line":4,"column":16},"end":{"line":273,"column":2}},"3":{"start":{"line":275,"column":0},"end":{"line":275,"column":25}}},"fnMap":{},"branchMap":{},"s":{"0":1,"1":1,"2":1,"3":1},"f":{},"b":{},"_coverageSchema":"1a1c01bbd47fc00a2c39e90264f33305004495a9","hash":"1ca8c8f0bc483c692984526b4c7d058c272ccc01"}
,"C:\\projects\\Lease Management\\emirates-lease-flow\\backend\\src\\models\\PaymentGatewayTransaction.js": {"path":"C:\\projects\\Lease Management\\emirates-lease-flow\\backend\\src\\models\\PaymentGatewayTransaction.js","statementMap":{"0":{"start":{"line":1,"column":33},"end":{"line":1,"column":53}},"1":{"start":{"line":2,"column":22},"end":{"line":2,"column":51}},"2":{"start":{"line":4,"column":34},"end":{"line":174,"column":2}},"3":{"start":{"line":176,"column":0},"end":{"line":176,"column":43}}},"fnMap":{},"branchMap":{},"s":{"0":1,"1":1,"2":1,"3":1},"f":{},"b":{},"_coverageSchema":"1a1c01bbd47fc00a2c39e90264f33305004495a9","hash":"6fd6f77222b2cfe87fc3cb67fa977a4eb08c9771"}
,"C:\\projects\\Lease Management\\emirates-lease-flow\\backend\\src\\models\\PaymentInvoiceAllocation.js": {"path":"C:\\projects\\Lease Management\\emirates-lease-flow\\backend\\src\\models\\PaymentInvoiceAllocation.js","statementMap":{"0":{"start":{"line":1,"column":22},"end":{"line":1,"column":42}},"1":{"start":{"line":2,"column":22},"end":{"line":2,"column":51}},"2":{"start":{"line":4,"column":33},"end":{"line":54,"column":1}},"3":{"start":{"line":56,"column":0},"end":{"line":56,"column":42}}},"fnMap":{},"branchMap":{},"s":{"0":1,"1":1,"2":1,"3":1},"f":{},"b":{},"_coverageSchema":"1a1c01bbd47fc00a2c39e90264f33305004495a9","hash":"0b9bfe311b37b3a4b91d09296497d21fd6ec5624"}
,"C:\\projects\\Lease Management\\emirates-lease-flow\\backend\\src\\models\\PaymentReminder.js": {"path":"C:\\projects\\Lease Management\\emirates-lease-flow\\backend\\src\\models\\PaymentReminder.js","statementMap":{"0":{"start":{"line":1,"column":33},"end":{"line":1,"column":53}},"1":{"start":{"line":2,"column":22},"end":{"line":2,"column":51}},"2":{"start":{"line":4,"column":24},"end":{"line":193,"column":2}},"3":{"start":{"line":195,"column":0},"end":{"line":195,"column":33}}},"fnMap":{},"branchMap":{},"s":{"0":1,"1":1,"2":1,"3":1},"f":{},"b":{},"_coverageSchema":"1a1c01bbd47fc00a2c39e90264f33305004495a9","hash":"a60ace00ae1e24b0e77e772aacd6172cdbc45e0b"}
,"C:\\projects\\Lease Management\\emirates-lease-flow\\backend\\src\\models\\Permission.js": {"path":"C:\\projects\\Lease Management\\emirates-lease-flow\\backend\\src\\models\\Permission.js","statementMap":{"0":{"start":{"line":1,"column":22},"end":{"line":1,"column":42}},"1":{"start":{"line":2,"column":22},"end":{"line":2,"column":51}},"2":{"start":{"line":4,"column":19},"end":{"line":45,"column":1}},"3":{"start":{"line":47,"column":0},"end":{"line":47,"column":28}}},"fnMap":{},"branchMap":{},"s":{"0":1,"1":1,"2":1,"3":1},"f":{},"b":{},"_coverageSchema":"1a1c01bbd47fc00a2c39e90264f33305004495a9","hash":"bd5362c52ad21e6816cd71739c84bbac091854c4"}
,"C:\\projects\\Lease Management\\emirates-lease-flow\\backend\\src\\models\\PettyCash.js": {"path":"C:\\projects\\Lease Management\\emirates-lease-flow\\backend\\src\\models\\PettyCash.js","statementMap":{"0":{"start":{"line":1,"column":33},"end":{"line":1,"column":53}},"1":{"start":{"line":2,"column":22},"end":{"line":2,"column":51}},"2":{"start":{"line":4,"column":18},"end":{"line":201,"column":2}},"3":{"start":{"line":203,"column":0},"end":{"line":203,"column":27}}},"fnMap":{},"branchMap":{},"s":{"0":1,"1":1,"2":1,"3":1},"f":{},"b":{},"_coverageSchema":"1a1c01bbd47fc00a2c39e90264f33305004495a9","hash":"70c2c2176be2c6bf313f6b97fc2139b48530c28e"}
,"C:\\projects\\Lease Management\\emirates-lease-flow\\backend\\src\\models\\Property.js": {"path":"C:\\projects\\Lease Management\\emirates-lease-flow\\backend\\src\\models\\Property.js","statementMap":{"0":{"start":{"line":1,"column":22},"end":{"line":1,"column":42}},"1":{"start":{"line":2,"column":22},"end":{"line":2,"column":51}},"2":{"start":{"line":4,"column":17},"end":{"line":211,"column":2}},"3":{"start":{"line":213,"column":0},"end":{"line":213,"column":26}}},"fnMap":{},"branchMap":{},"s":{"0":1,"1":1,"2":1,"3":1},"f":{},"b":{},"_coverageSchema":"1a1c01bbd47fc00a2c39e90264f33305004495a9","hash":"79ccedfbfbd3c0b8b6e0bcc6d142a36852f8c153"}
,"C:\\projects\\Lease Management\\emirates-lease-flow\\backend\\src\\models\\PurchaseInvoice.js": {"path":"C:\\projects\\Lease Management\\emirates-lease-flow\\backend\\src\\models\\PurchaseInvoice.js","statementMap":{"0":{"start":{"line":1,"column":33},"end":{"line":1,"column":53}},"1":{"start":{"line":2,"column":22},"end":{"line":2,"column":51}},"2":{"start":{"line":4,"column":24},"end":{"line":267,"column":2}},"3":{"start":{"line":269,"column":0},"end":{"line":269,"column":33}}},"fnMap":{},"branchMap":{},"s":{"0":1,"1":1,"2":1,"3":1},"f":{},"b":{},"_coverageSchema":"1a1c01bbd47fc00a2c39e90264f33305004495a9","hash":"0256aa6bfa70bfe7f54ac2197a275ab09b6ec505"}
,"C:\\projects\\Lease Management\\emirates-lease-flow\\backend\\src\\models\\PurchaseOrder.js": {"path":"C:\\projects\\Lease Management\\emirates-lease-flow\\backend\\src\\models\\PurchaseOrder.js","statementMap":{"0":{"start":{"line":1,"column":33},"end":{"line":1,"column":53}},"1":{"start":{"line":2,"column":22},"end":{"line":2,"column":51}},"2":{"start":{"line":4,"column":22},"end":{"line":199,"column":2}},"3":{"start":{"line":201,"column":0},"end":{"line":201,"column":31}}},"fnMap":{},"branchMap":{},"s":{"0":1,"1":1,"2":1,"3":1},"f":{},"b":{},"_coverageSchema":"1a1c01bbd47fc00a2c39e90264f33305004495a9","hash":"adde4f09a73619d26db6a305bf471cbda7580759"}
,"C:\\projects\\Lease Management\\emirates-lease-flow\\backend\\src\\models\\Reconciliation.js": {"path":"C:\\projects\\Lease Management\\emirates-lease-flow\\backend\\src\\models\\Reconciliation.js","statementMap":{"0":{"start":{"line":1,"column":33},"end":{"line":1,"column":53}},"1":{"start":{"line":2,"column":22},"end":{"line":2,"column":51}},"2":{"start":{"line":4,"column":23},"end":{"line":110,"column":2}},"3":{"start":{"line":112,"column":0},"end":{"line":112,"column":32}}},"fnMap":{},"branchMap":{},"s":{"0":1,"1":1,"2":1,"3":1},"f":{},"b":{},"_coverageSchema":"1a1c01bbd47fc00a2c39e90264f33305004495a9","hash":"2dd4d5da3c216b8c4a77ad29531e5d5e4791c5ae"}
,"C:\\projects\\Lease Management\\emirates-lease-flow\\backend\\src\\models\\ReportShare.js": {"path":"C:\\projects\\Lease Management\\emirates-lease-flow\\backend\\src\\models\\ReportShare.js","statementMap":{"0":{"start":{"line":1,"column":22},"end":{"line":1,"column":42}},"1":{"start":{"line":2,"column":22},"end":{"line":2,"column":51}},"2":{"start":{"line":4,"column":20},"end":{"line":99,"column":2}},"3":{"start":{"line":101,"column":0},"end":{"line":101,"column":29}}},"fnMap":{},"branchMap":{},"s":{"0":1,"1":1,"2":1,"3":1},"f":{},"b":{},"_coverageSchema":"1a1c01bbd47fc00a2c39e90264f33305004495a9","hash":"fc3ae18ee0c3c41c85487b4470a327f4db05defa"}
,"C:\\projects\\Lease Management\\emirates-lease-flow\\backend\\src\\models\\Role.js": {"path":"C:\\projects\\Lease Management\\emirates-lease-flow\\backend\\src\\models\\Role.js","statementMap":{"0":{"start":{"line":1,"column":22},"end":{"line":1,"column":42}},"1":{"start":{"line":2,"column":22},"end":{"line":2,"column":51}},"2":{"start":{"line":4,"column":13},"end":{"line":43,"column":1}},"3":{"start":{"line":45,"column":0},"end":{"line":45,"column":22}}},"fnMap":{},"branchMap":{},"s":{"0":1,"1":1,"2":1,"3":1},"f":{},"b":{},"_coverageSchema":"1a1c01bbd47fc00a2c39e90264f33305004495a9","hash":"50dae5de838422557edb1076ff098646e717aaee"}
,"C:\\projects\\Lease Management\\emirates-lease-flow\\backend\\src\\models\\RolePermission.js": {"path":"C:\\projects\\Lease Management\\emirates-lease-flow\\backend\\src\\models\\RolePermission.js","statementMap":{"0":{"start":{"line":1,"column":22},"end":{"line":1,"column":42}},"1":{"start":{"line":2,"column":22},"end":{"line":2,"column":51}},"2":{"start":{"line":4,"column":23},"end":{"line":36,"column":1}},"3":{"start":{"line":38,"column":0},"end":{"line":38,"column":32}}},"fnMap":{},"branchMap":{},"s":{"0":1,"1":1,"2":1,"3":1},"f":{},"b":{},"_coverageSchema":"1a1c01bbd47fc00a2c39e90264f33305004495a9","hash":"ee8c311fa78f224c9b7157e14f3a1d5a80dcb70f"}
,"C:\\projects\\Lease Management\\emirates-lease-flow\\backend\\src\\models\\SecurityDeposit.js": {"path":"C:\\projects\\Lease Management\\emirates-lease-flow\\backend\\src\\models\\SecurityDeposit.js","statementMap":{"0":{"start":{"line":1,"column":33},"end":{"line":1,"column":53}},"1":{"start":{"line":2,"column":22},"end":{"line":2,"column":51}},"2":{"start":{"line":4,"column":24},"end":{"line":257,"column":2}},"3":{"start":{"line":259,"column":0},"end":{"line":259,"column":33}}},"fnMap":{},"branchMap":{},"s":{"0":1,"1":1,"2":1,"3":1},"f":{},"b":{},"_coverageSchema":"1a1c01bbd47fc00a2c39e90264f33305004495a9","hash":"46fc537e9c94fcd549db3d0e06796268ba1cf2db"}
,"C:\\projects\\Lease Management\\emirates-lease-flow\\backend\\src\\models\\ServiceTemplate.js": {"path":"C:\\projects\\Lease Management\\emirates-lease-flow\\backend\\src\\models\\ServiceTemplate.js","statementMap":{"0":{"start":{"line":1,"column":22},"end":{"line":1,"column":42}},"1":{"start":{"line":2,"column":22},"end":{"line":2,"column":51}},"2":{"start":{"line":4,"column":24},"end":{"line":83,"column":2}},"3":{"start":{"line":85,"column":0},"end":{"line":85,"column":33}}},"fnMap":{},"branchMap":{},"s":{"0":1,"1":1,"2":1,"3":1},"f":{},"b":{},"_coverageSchema":"1a1c01bbd47fc00a2c39e90264f33305004495a9","hash":"909119aec7081f9ef4f6743ec883f682abf3e20e"}
,"C:\\projects\\Lease Management\\emirates-lease-flow\\backend\\src\\models\\StandingOrder.js": {"path":"C:\\projects\\Lease Management\\emirates-lease-flow\\backend\\src\\models\\StandingOrder.js","statementMap":{"0":{"start":{"line":1,"column":33},"end":{"line":1,"column":53}},"1":{"start":{"line":2,"column":22},"end":{"line":2,"column":51}},"2":{"start":{"line":4,"column":22},"end":{"line":230,"column":2}},"3":{"start":{"line":232,"column":0},"end":{"line":232,"column":31}}},"fnMap":{},"branchMap":{},"s":{"0":1,"1":1,"2":1,"3":1},"f":{},"b":{},"_coverageSchema":"1a1c01bbd47fc00a2c39e90264f33305004495a9","hash":"0d1649c145f34b4da73c6ac5ed9bde86727e3673"}
,"C:\\projects\\Lease Management\\emirates-lease-flow\\backend\\src\\models\\SystemIntegrityAudit.js": {"path":"C:\\projects\\Lease Management\\emirates-lease-flow\\backend\\src\\models\\SystemIntegrityAudit.js","statementMap":{"0":{"start":{"line":1,"column":22},"end":{"line":1,"column":42}},"1":{"start":{"line":2,"column":22},"end":{"line":2,"column":51}},"2":{"start":{"line":4,"column":29},"end":{"line":28,"column":1}},"3":{"start":{"line":30,"column":0},"end":{"line":30,"column":38}}},"fnMap":{},"branchMap":{},"s":{"0":1,"1":1,"2":1,"3":1},"f":{},"b":{},"_coverageSchema":"1a1c01bbd47fc00a2c39e90264f33305004495a9","hash":"59fec11435197d1b8274092d33969aebb00d3fa6"}
,"C:\\projects\\Lease Management\\emirates-lease-flow\\backend\\src\\models\\SystemSetting.js": {"path":"C:\\projects\\Lease Management\\emirates-lease-flow\\backend\\src\\models\\SystemSetting.js","statementMap":{"0":{"start":{"line":1,"column":22},"end":{"line":1,"column":42}},"1":{"start":{"line":2,"column":22},"end":{"line":2,"column":51}},"2":{"start":{"line":4,"column":22},"end":{"line":63,"column":2}},"3":{"start":{"line":65,"column":0},"end":{"line":65,"column":31}}},"fnMap":{},"branchMap":{},"s":{"0":1,"1":1,"2":1,"3":1},"f":{},"b":{},"_coverageSchema":"1a1c01bbd47fc00a2c39e90264f33305004495a9","hash":"f5bdc3310d7e4177364515c44700ad389ab61d09"}
,"C:\\projects\\Lease Management\\emirates-lease-flow\\backend\\src\\models\\TaxSetting.js": {"path":"C:\\projects\\Lease Management\\emirates-lease-flow\\backend\\src\\models\\TaxSetting.js","statementMap":{"0":{"start":{"line":1,"column":22},"end":{"line":1,"column":42}},"1":{"start":{"line":2,"column":22},"end":{"line":2,"column":51}},"2":{"start":{"line":4,"column":19},"end":{"line":64,"column":2}},"3":{"start":{"line":66,"column":0},"end":{"line":66,"column":28}}},"fnMap":{},"branchMap":{},"s":{"0":1,"1":1,"2":1,"3":1},"f":{},"b":{},"_coverageSchema":"1a1c01bbd47fc00a2c39e90264f33305004495a9","hash":"218af66bf5c0ac01b33672484e73aeb7ff580ce9"}
,"C:\\projects\\Lease Management\\emirates-lease-flow\\backend\\src\\models\\Tenant.js": {"path":"C:\\projects\\Lease Management\\emirates-lease-flow\\backend\\src\\models\\Tenant.js","statementMap":{"0":{"start":{"line":1,"column":22},"end":{"line":1,"column":42}},"1":{"start":{"line":2,"column":22},"end":{"line":2,"column":51}},"2":{"start":{"line":4,"column":15},"end":{"line":171,"column":2}},"3":{"start":{"line":173,"column":0},"end":{"line":173,"column":24}}},"fnMap":{},"branchMap":{},"s":{"0":1,"1":1,"2":1,"3":1},"f":{},"b":{},"_coverageSchema":"1a1c01bbd47fc00a2c39e90264f33305004495a9","hash":"8c708856d92cd42a9500daa9c99cc3bd9cddcf72"}
,"C:\\projects\\Lease Management\\emirates-lease-flow\\backend\\src\\models\\Ticket.js": {"path":"C:\\projects\\Lease Management\\emirates-lease-flow\\backend\\src\\models\\Ticket.js","statementMap":{"0":{"start":{"line":1,"column":22},"end":{"line":1,"column":42}},"1":{"start":{"line":2,"column":22},"end":{"line":2,"column":51}},"2":{"start":{"line":4,"column":15},"end":{"line":125,"column":2}},"3":{"start":{"line":127,"column":0},"end":{"line":127,"column":24}}},"fnMap":{},"branchMap":{},"s":{"0":1,"1":1,"2":1,"3":1},"f":{},"b":{},"_coverageSchema":"1a1c01bbd47fc00a2c39e90264f33305004495a9","hash":"6292e49d4a288c5f79195a423c40f75e0886fddc"}
,"C:\\projects\\Lease Management\\emirates-lease-flow\\backend\\src\\models\\TicketNote.js": {"path":"C:\\projects\\Lease Management\\emirates-lease-flow\\backend\\src\\models\\TicketNote.js","statementMap":{"0":{"start":{"line":1,"column":22},"end":{"line":1,"column":42}},"1":{"start":{"line":2,"column":22},"end":{"line":2,"column":51}},"2":{"start":{"line":4,"column":19},"end":{"line":42,"column":2}},"3":{"start":{"line":44,"column":0},"end":{"line":44,"column":28}}},"fnMap":{},"branchMap":{},"s":{"0":1,"1":1,"2":1,"3":1},"f":{},"b":{},"_coverageSchema":"1a1c01bbd47fc00a2c39e90264f33305004495a9","hash":"7e66e63a7432435d189fa5c2bb2f2ac0521d800a"}
,"C:\\projects\\Lease Management\\emirates-lease-flow\\backend\\src\\models\\Unit.js": {"path":"C:\\projects\\Lease Management\\emirates-lease-flow\\backend\\src\\models\\Unit.js","statementMap":{"0":{"start":{"line":1,"column":22},"end":{"line":1,"column":42}},"1":{"start":{"line":2,"column":22},"end":{"line":2,"column":51}},"2":{"start":{"line":4,"column":13},"end":{"line":204,"column":2}},"3":{"start":{"line":206,"column":0},"end":{"line":206,"column":22}}},"fnMap":{},"branchMap":{},"s":{"0":1,"1":1,"2":1,"3":1},"f":{},"b":{},"_coverageSchema":"1a1c01bbd47fc00a2c39e90264f33305004495a9","hash":"fa3c013f4819f36b1779207961a00a49d2fd1e09"}
,"C:\\projects\\Lease Management\\emirates-lease-flow\\backend\\src\\models\\User.js": {"path":"C:\\projects\\Lease Management\\emirates-lease-flow\\backend\\src\\models\\User.js","statementMap":{"0":{"start":{"line":1,"column":22},"end":{"line":1,"column":42}},"1":{"start":{"line":2,"column":22},"end":{"line":2,"column":51}},"2":{"start":{"line":3,"column":15},"end":{"line":3,"column":34}},"3":{"start":{"line":5,"column":13},"end":{"line":63,"column":2}},"4":{"start":{"line":53,"column":6},"end":{"line":55,"column":7}},"5":{"start":{"line":54,"column":8},"end":{"line":54,"column":61}},"6":{"start":{"line":58,"column":6},"end":{"line":60,"column":7}},"7":{"start":{"line":59,"column":8},"end":{"line":59,"column":61}},"8":{"start":{"line":66,"column":0},"end":{"line":68,"column":2}},"9":{"start":{"line":67,"column":2},"end":{"line":67,"column":64}},"10":{"start":{"line":70,"column":0},"end":{"line":74,"column":2}},"11":{"start":{"line":71,"column":17},"end":{"line":71,"column":46}},"12":{"start":{"line":72,"column":2},"end":{"line":72,"column":25}},"13":{"start":{"line":73,"column":2},"end":{"line":73,"column":16}},"14":{"start":{"line":76,"column":0},"end":{"line":76,"column":22}}},"fnMap":{"0":{"name":"(anonymous_0)","decl":{"start":{"line":52,"column":18},"end":{"line":52,"column":19}},"loc":{"start":{"line":52,"column":34},"end":{"line":56,"column":5}},"line":52},"1":{"name":"(anonymous_1)","decl":{"start":{"line":57,"column":18},"end":{"line":57,"column":19}},"loc":{"start":{"line":57,"column":34},"end":{"line":61,"column":5}},"line":57},"2":{"name":"(anonymous_2)","decl":{"start":{"line":66,"column":33},"end":{"line":66,"column":34}},"loc":{"start":{"line":66,"column":67},"end":{"line":68,"column":1}},"line":66},"3":{"name":"(anonymous_3)","decl":{"start":{"line":70,"column":24},"end":{"line":70,"column":25}},"loc":{"start":{"line":70,"column":35},"end":{"line":74,"column":1}},"line":70}},"branchMap":{"0":{"loc":{"start":{"line":53,"column":6},"end":{"line":55,"column":7}},"type":"if","locations":[{"start":{"line":53,"column":6},"end":{"line":55,"column":7}},{"start":{},"end":{}}],"line":53},"1":{"loc":{"start":{"line":58,"column":6},"end":{"line":60,"column":7}},"type":"if","locations":[{"start":{"line":58,"column":6},"end":{"line":60,"column":7}},{"start":{},"end":{}}],"line":58},"2":{"loc":{"start":{"line":58,"column":10},"end":{"line":58,"column":71}},"type":"binary-expr","locations":[{"start":{"line":58,"column":10},"end":{"line":58,"column":34}},{"start":{"line":58,"column":38},"end":{"line":58,"column":71}}],"line":58}},"s":{"0":1,"1":1,"2":1,"3":1,"4":0,"5":0,"6":0,"7":0,"8":1,"9":0,"10":1,"11":0,"12":0,"13":0,"14":1},"f":{"0":0,"1":0,"2":0,"3":0},"b":{"0":[0,0],"1":[0,0],"2":[0,0]},"_coverageSchema":"1a1c01bbd47fc00a2c39e90264f33305004495a9","hash":"de021bf641da035f051be242ae81d9c53f4dd519"}
,"C:\\projects\\Lease Management\\emirates-lease-flow\\backend\\src\\models\\UserRole.js": {"path":"C:\\projects\\Lease Management\\emirates-lease-flow\\backend\\src\\models\\UserRole.js","statementMap":{"0":{"start":{"line":1,"column":22},"end":{"line":1,"column":42}},"1":{"start":{"line":2,"column":22},"end":{"line":2,"column":51}},"2":{"start":{"line":4,"column":17},"end":{"line":36,"column":1}},"3":{"start":{"line":38,"column":0},"end":{"line":38,"column":26}}},"fnMap":{},"branchMap":{},"s":{"0":1,"1":1,"2":1,"3":1},"f":{},"b":{},"_coverageSchema":"1a1c01bbd47fc00a2c39e90264f33305004495a9","hash":"c64349c3b58a9ba38c2e6ff75bdf2af1d4a2b198"}
,"C:\\projects\\Lease Management\\emirates-lease-flow\\backend\\src\\models\\Vendor.js": {"path":"C:\\projects\\Lease Management\\emirates-lease-flow\\backend\\src\\models\\Vendor.js","statementMap":{"0":{"start":{"line":1,"column":33},"end":{"line":1,"column":53}},"1":{"start":{"line":2,"column":22},"end":{"line":2,"column":51}},"2":{"start":{"line":4,"column":15},"end":{"line":106,"column":2}},"3":{"start":{"line":108,"column":0},"end":{"line":108,"column":24}}},"fnMap":{},"branchMap":{},"s":{"0":1,"1":1,"2":1,"3":1},"f":{},"b":{},"_coverageSchema":"1a1c01bbd47fc00a2c39e90264f33305004495a9","hash":"55abeeca9e99bb504e2745062772af24b27e045d"}
,"C:\\projects\\Lease Management\\emirates-lease-flow\\backend\\src\\models\\VendorInvoice.js": {"path":"C:\\projects\\Lease Management\\emirates-lease-flow\\backend\\src\\models\\VendorInvoice.js","statementMap":{"0":{"start":{"line":1,"column":33},"end":{"line":1,"column":53}},"1":{"start":{"line":2,"column":22},"end":{"line":2,"column":51}},"2":{"start":{"line":4,"column":22},"end":{"line":146,"column":2}},"3":{"start":{"line":148,"column":0},"end":{"line":148,"column":31}}},"fnMap":{},"branchMap":{},"s":{"0":1,"1":1,"2":1,"3":1},"f":{},"b":{},"_coverageSchema":"1a1c01bbd47fc00a2c39e90264f33305004495a9","hash":"eba90483dc5d82d8938f87c044db3e9c1ab99404"}
,"C:\\projects\\Lease Management\\emirates-lease-flow\\backend\\src\\models\\index.js": {"path":"C:\\projects\\Lease Management\\emirates-lease-flow\\backend\\src\\models\\index.js","statementMap":{"0":{"start":{"line":1,"column":22},"end":{"line":1,"column":51}},"1":{"start":{"line":2,"column":13},"end":{"line":2,"column":30}},"2":{"start":{"line":3,"column":13},"end":{"line":3,"column":30}},"3":{"start":{"line":4,"column":17},"end":{"line":4,"column":38}},"4":{"start":{"line":5,"column":21},"end":{"line":5,"column":46}},"5":{"start":{"line":6,"column":21},"end":{"line":6,"column":46}},"6":{"start":{"line":7,"column":15},"end":{"line":7,"column":34}},"7":{"start":{"line":8,"column":13},"end":{"line":8,"column":30}},"8":{"start":{"line":9,"column":14},"end":{"line":9,"column":32}},"9":{"start":{"line":10,"column":16},"end":{"line":10,"column":36}},"10":{"start":{"line":11,"column":16},"end":{"line":11,"column":36}},"11":{"start":{"line":12,"column":15},"end":{"line":12,"column":34}},"12":{"start":{"line":13,"column":23},"end":{"line":13,"column":50}},"13":{"start":{"line":14,"column":29},"end":{"line":14,"column":62}},"14":{"start":{"line":15,"column":15},"end":{"line":15,"column":34}},"15":{"start":{"line":16,"column":19},"end":{"line":16,"column":42}},"16":{"start":{"line":17,"column":22},"end":{"line":17,"column":48}},"17":{"start":{"line":18,"column":23},"end":{"line":18,"column":50}},"18":{"start":{"line":19,"column":20},"end":{"line":19,"column":44}},"19":{"start":{"line":20,"column":26},"end":{"line":20,"column":56}},"20":{"start":{"line":21,"column":13},"end":{"line":21,"column":30}},"21":{"start":{"line":22,"column":19},"end":{"line":22,"column":42}},"22":{"start":{"line":23,"column":23},"end":{"line":23,"column":50}},"23":{"start":{"line":24,"column":17},"end":{"line":24,"column":38}},"24":{"start":{"line":27,"column":15},"end":{"line":27,"column":34}},"25":{"start":{"line":28,"column":22},"end":{"line":28,"column":48}},"26":{"start":{"line":29,"column":20},"end":{"line":29,"column":44}},"27":{"start":{"line":30,"column":24},"end":{"line":30,"column":52}},"28":{"start":{"line":31,"column":23},"end":{"line":31,"column":50}},"29":{"start":{"line":32,"column":26},"end":{"line":32,"column":56}},"30":{"start":{"line":33,"column":21},"end":{"line":33,"column":46}},"31":{"start":{"line":34,"column":23},"end":{"line":34,"column":50}},"32":{"start":{"line":35,"column":17},"end":{"line":35,"column":38}},"33":{"start":{"line":36,"column":20},"end":{"line":36,"column":44}},"34":{"start":{"line":37,"column":34},"end":{"line":37,"column":72}},"35":{"start":{"line":38,"column":22},"end":{"line":38,"column":48}},"36":{"start":{"line":39,"column":15},"end":{"line":39,"column":34}},"37":{"start":{"line":40,"column":24},"end":{"line":40,"column":52}},"38":{"start":{"line":41,"column":24},"end":{"line":41,"column":52}},"39":{"start":{"line":42,"column":33},"end":{"line":42,"column":70}},"40":{"start":{"line":43,"column":18},"end":{"line":43,"column":40}},"41":{"start":{"line":44,"column":20},"end":{"line":44,"column":44}},"42":{"start":{"line":45,"column":28},"end":{"line":45,"column":60}},"43":{"start":{"line":46,"column":19},"end":{"line":46,"column":42}},"44":{"start":{"line":47,"column":24},"end":{"line":47,"column":52}},"45":{"start":{"line":49,"column":13},"end":{"line":49,"column":30}},"46":{"start":{"line":50,"column":22},"end":{"line":50,"column":48}},"47":{"start":{"line":51,"column":21},"end":{"line":51,"column":46}},"48":{"start":{"line":52,"column":24},"end":{"line":52,"column":52}},"49":{"start":{"line":54,"column":20},"end":{"line":54,"column":44}},"50":{"start":{"line":56,"column":23},"end":{"line":56,"column":50}},"51":{"start":{"line":57,"column":29},"end":{"line":57,"column":62}},"52":{"start":{"line":58,"column":22},"end":{"line":58,"column":48}},"53":{"start":{"line":60,"column":19},"end":{"line":60,"column":42}},"54":{"start":{"line":63,"column":18},"end":{"line":63,"column":40}},"55":{"start":{"line":64,"column":17},"end":{"line":64,"column":38}},"56":{"start":{"line":67,"column":28},"end":{"line":67,"column":60}},"57":{"start":{"line":68,"column":29},"end":{"line":68,"column":62}},"58":{"start":{"line":69,"column":31},"end":{"line":69,"column":66}},"59":{"start":{"line":70,"column":25},"end":{"line":70,"column":54}},"60":{"start":{"line":71,"column":32},"end":{"line":71,"column":68}},"61":{"start":{"line":72,"column":35},"end":{"line":72,"column":74}},"62":{"start":{"line":73,"column":29},"end":{"line":73,"column":62}},"63":{"start":{"line":75,"column":0},"end":{"line":75,"column":74}},"64":{"start":{"line":79,"column":0},"end":{"line":79,"column":70}},"65":{"start":{"line":80,"column":0},"end":{"line":80,"column":68}},"66":{"start":{"line":81,"column":0},"end":{"line":81,"column":71}},"67":{"start":{"line":82,"column":0},"end":{"line":82,"column":66}},"68":{"start":{"line":83,"column":0},"end":{"line":83,"column":103}},"69":{"start":{"line":84,"column":0},"end":{"line":84,"column":63}},"70":{"start":{"line":85,"column":0},"end":{"line":85,"column":63}},"71":{"start":{"line":87,"column":0},"end":{"line":87,"column":66}},"72":{"start":{"line":88,"column":0},"end":{"line":88,"column":103}},"73":{"start":{"line":90,"column":0},"end":{"line":90,"column":78}},"74":{"start":{"line":91,"column":0},"end":{"line":91,"column":127}},"75":{"start":{"line":92,"column":0},"end":{"line":92,"column":69}},"76":{"start":{"line":93,"column":0},"end":{"line":93,"column":87}},"77":{"start":{"line":95,"column":0},"end":{"line":95,"column":90}},"78":{"start":{"line":96,"column":0},"end":{"line":96,"column":121}},"79":{"start":{"line":99,"column":0},"end":{"line":99,"column":71}},"80":{"start":{"line":100,"column":0},"end":{"line":100,"column":71}},"81":{"start":{"line":101,"column":0},"end":{"line":106,"column":3}},"82":{"start":{"line":109,"column":0},"end":{"line":109,"column":65}},"83":{"start":{"line":110,"column":0},"end":{"line":115,"column":3}},"84":{"start":{"line":118,"column":0},"end":{"line":118,"column":67}},"85":{"start":{"line":119,"column":0},"end":{"line":119,"column":79}},"86":{"start":{"line":122,"column":0},"end":{"line":122,"column":67}},"87":{"start":{"line":123,"column":0},"end":{"line":123,"column":67}},"88":{"start":{"line":126,"column":0},"end":{"line":126,"column":64}},"89":{"start":{"line":127,"column":0},"end":{"line":127,"column":68}},"90":{"start":{"line":128,"column":0},"end":{"line":128,"column":68}},"91":{"start":{"line":129,"column":0},"end":{"line":129,"column":66}},"92":{"start":{"line":132,"column":0},"end":{"line":132,"column":71}},"93":{"start":{"line":133,"column":0},"end":{"line":133,"column":60}},"94":{"start":{"line":134,"column":0},"end":{"line":134,"column":62}},"95":{"start":{"line":137,"column":0},"end":{"line":137,"column":66}},"96":{"start":{"line":138,"column":0},"end":{"line":138,"column":60}},"97":{"start":{"line":139,"column":0},"end":{"line":139,"column":66}},"98":{"start":{"line":140,"column":0},"end":{"line":140,"column":66}},"99":{"start":{"line":143,"column":0},"end":{"line":143,"column":65}},"100":{"start":{"line":144,"column":0},"end":{"line":144,"column":68}},"101":{"start":{"line":145,"column":0},"end":{"line":145,"column":68}},"102":{"start":{"line":148,"column":0},"end":{"line":148,"column":65}},"103":{"start":{"line":149,"column":0},"end":{"line":149,"column":68}},"104":{"start":{"line":150,"column":0},"end":{"line":150,"column":68}},"105":{"start":{"line":151,"column":0},"end":{"line":151,"column":70}},"106":{"start":{"line":154,"column":0},"end":{"line":154,"column":67}},"107":{"start":{"line":155,"column":0},"end":{"line":155,"column":61}},"108":{"start":{"line":156,"column":0},"end":{"line":156,"column":73}},"109":{"start":{"line":157,"column":0},"end":{"line":157,"column":67}},"110":{"start":{"line":158,"column":0},"end":{"line":158,"column":66}},"111":{"start":{"line":161,"column":0},"end":{"line":161,"column":68}},"112":{"start":{"line":162,"column":0},"end":{"line":162,"column":71}},"113":{"start":{"line":163,"column":0},"end":{"line":163,"column":65}},"114":{"start":{"line":166,"column":0},"end":{"line":166,"column":66}},"115":{"start":{"line":169,"column":0},"end":{"line":169,"column":93}},"116":{"start":{"line":170,"column":0},"end":{"line":170,"column":97}},"117":{"start":{"line":171,"column":0},"end":{"line":171,"column":94}},"118":{"start":{"line":174,"column":0},"end":{"line":174,"column":91}},"119":{"start":{"line":175,"column":0},"end":{"line":175,"column":81}},"120":{"start":{"line":176,"column":0},"end":{"line":176,"column":83}},"121":{"start":{"line":179,"column":0},"end":{"line":179,"column":67}},"122":{"start":{"line":180,"column":0},"end":{"line":180,"column":69}},"123":{"start":{"line":181,"column":0},"end":{"line":181,"column":73}},"124":{"start":{"line":182,"column":0},"end":{"line":182,"column":98}},"125":{"start":{"line":185,"column":0},"end":{"line":185,"column":75}},"126":{"start":{"line":186,"column":0},"end":{"line":186,"column":85}},"127":{"start":{"line":189,"column":0},"end":{"line":189,"column":81}},"128":{"start":{"line":190,"column":0},"end":{"line":190,"column":92}},"129":{"start":{"line":191,"column":0},"end":{"line":191,"column":90}},"130":{"start":{"line":194,"column":0},"end":{"line":194,"column":81}},"131":{"start":{"line":195,"column":0},"end":{"line":195,"column":87}},"132":{"start":{"line":196,"column":0},"end":{"line":196,"column":105}},"133":{"start":{"line":197,"column":0},"end":{"line":197,"column":99}},"134":{"start":{"line":200,"column":0},"end":{"line":200,"column":67}},"135":{"start":{"line":201,"column":0},"end":{"line":201,"column":74}},"136":{"start":{"line":202,"column":0},"end":{"line":202,"column":68}},"137":{"start":{"line":203,"column":0},"end":{"line":203,"column":85}},"138":{"start":{"line":206,"column":0},"end":{"line":206,"column":74}},"139":{"start":{"line":207,"column":0},"end":{"line":207,"column":74}},"140":{"start":{"line":208,"column":0},"end":{"line":208,"column":76}},"141":{"start":{"line":209,"column":0},"end":{"line":209,"column":80}},"142":{"start":{"line":212,"column":0},"end":{"line":212,"column":72}},"143":{"start":{"line":213,"column":0},"end":{"line":213,"column":92}},"144":{"start":{"line":214,"column":0},"end":{"line":214,"column":90}},"145":{"start":{"line":215,"column":0},"end":{"line":215,"column":92}},"146":{"start":{"line":218,"column":0},"end":{"line":218,"column":91}},"147":{"start":{"line":219,"column":0},"end":{"line":219,"column":100}},"148":{"start":{"line":222,"column":0},"end":{"line":222,"column":90}},"149":{"start":{"line":223,"column":0},"end":{"line":223,"column":81}},"150":{"start":{"line":224,"column":0},"end":{"line":224,"column":77}},"151":{"start":{"line":225,"column":0},"end":{"line":225,"column":100}},"152":{"start":{"line":226,"column":0},"end":{"line":226,"column":110}},"153":{"start":{"line":227,"column":0},"end":{"line":227,"column":84}},"154":{"start":{"line":230,"column":0},"end":{"line":230,"column":78}},"155":{"start":{"line":233,"column":0},"end":{"line":233,"column":73}},"156":{"start":{"line":234,"column":0},"end":{"line":234,"column":97}},"157":{"start":{"line":237,"column":0},"end":{"line":237,"column":95}},"158":{"start":{"line":238,"column":0},"end":{"line":238,"column":92}},"159":{"start":{"line":239,"column":0},"end":{"line":239,"column":99}},"160":{"start":{"line":242,"column":0},"end":{"line":242,"column":84}},"161":{"start":{"line":243,"column":0},"end":{"line":243,"column":79}},"162":{"start":{"line":244,"column":0},"end":{"line":244,"column":98}},"163":{"start":{"line":245,"column":0},"end":{"line":245,"column":70}},"164":{"start":{"line":248,"column":0},"end":{"line":248,"column":74}},"165":{"start":{"line":251,"column":0},"end":{"line":251,"column":71}},"166":{"start":{"line":252,"column":0},"end":{"line":252,"column":69}},"167":{"start":{"line":253,"column":0},"end":{"line":253,"column":69}},"168":{"start":{"line":257,"column":0},"end":{"line":257,"column":70}},"169":{"start":{"line":260,"column":0},"end":{"line":265,"column":3}},"170":{"start":{"line":268,"column":0},"end":{"line":273,"column":3}},"171":{"start":{"line":276,"column":0},"end":{"line":281,"column":3}},"172":{"start":{"line":284,"column":0},"end":{"line":284,"column":89}},"173":{"start":{"line":285,"column":0},"end":{"line":285,"column":86}},"174":{"start":{"line":286,"column":0},"end":{"line":286,"column":83}},"175":{"start":{"line":289,"column":0},"end":{"line":289,"column":97}},"176":{"start":{"line":292,"column":0},"end":{"line":292,"column":95}},"177":{"start":{"line":293,"column":0},"end":{"line":293,"column":78}},"178":{"start":{"line":296,"column":0},"end":{"line":296,"column":71}},"179":{"start":{"line":297,"column":0},"end":{"line":297,"column":74}},"180":{"start":{"line":298,"column":0},"end":{"line":298,"column":89}},"181":{"start":{"line":299,"column":0},"end":{"line":299,"column":74}},"182":{"start":{"line":300,"column":0},"end":{"line":300,"column":90}},"183":{"start":{"line":303,"column":0},"end":{"line":303,"column":80}},"184":{"start":{"line":306,"column":0},"end":{"line":306,"column":90}},"185":{"start":{"line":307,"column":0},"end":{"line":307,"column":76}},"186":{"start":{"line":310,"column":0},"end":{"line":310,"column":70}},"187":{"start":{"line":311,"column":0},"end":{"line":311,"column":67}},"188":{"start":{"line":312,"column":0},"end":{"line":312,"column":64}},"189":{"start":{"line":313,"column":0},"end":{"line":313,"column":82}},"190":{"start":{"line":314,"column":0},"end":{"line":314,"column":67}},"191":{"start":{"line":315,"column":0},"end":{"line":315,"column":71}},"192":{"start":{"line":316,"column":0},"end":{"line":316,"column":89}},"193":{"start":{"line":317,"column":0},"end":{"line":317,"column":83}},"194":{"start":{"line":320,"column":0},"end":{"line":320,"column":68}},"195":{"start":{"line":323,"column":0},"end":{"line":323,"column":66}},"196":{"start":{"line":326,"column":0},"end":{"line":326,"column":64}},"197":{"start":{"line":329,"column":0},"end":{"line":329,"column":73}},"198":{"start":{"line":330,"column":0},"end":{"line":330,"column":76}},"199":{"start":{"line":331,"column":0},"end":{"line":331,"column":82}},"200":{"start":{"line":332,"column":0},"end":{"line":332,"column":91}},"201":{"start":{"line":333,"column":0},"end":{"line":333,"column":76}},"202":{"start":{"line":334,"column":0},"end":{"line":334,"column":76}},"203":{"start":{"line":335,"column":0},"end":{"line":335,"column":78}},"204":{"start":{"line":336,"column":0},"end":{"line":336,"column":80}},"205":{"start":{"line":339,"column":0},"end":{"line":339,"column":82}},"206":{"start":{"line":342,"column":0},"end":{"line":342,"column":84}},"207":{"start":{"line":345,"column":0},"end":{"line":345,"column":88}},"208":{"start":{"line":348,"column":0},"end":{"line":348,"column":84}},"209":{"start":{"line":351,"column":0},"end":{"line":351,"column":79}},"210":{"start":{"line":352,"column":0},"end":{"line":352,"column":76}},"211":{"start":{"line":353,"column":0},"end":{"line":353,"column":73}},"212":{"start":{"line":356,"column":0},"end":{"line":356,"column":79}},"213":{"start":{"line":359,"column":0},"end":{"line":359,"column":77}},"214":{"start":{"line":362,"column":0},"end":{"line":362,"column":76}},"215":{"start":{"line":363,"column":0},"end":{"line":363,"column":76}},"216":{"start":{"line":364,"column":0},"end":{"line":364,"column":70}},"217":{"start":{"line":365,"column":0},"end":{"line":365,"column":72}},"218":{"start":{"line":366,"column":0},"end":{"line":366,"column":90}},"219":{"start":{"line":369,"column":0},"end":{"line":369,"column":75}},"220":{"start":{"line":372,"column":0},"end":{"line":372,"column":72}},"221":{"start":{"line":373,"column":0},"end":{"line":373,"column":74}},"222":{"start":{"line":374,"column":0},"end":{"line":374,"column":74}},"223":{"start":{"line":377,"column":0},"end":{"line":377,"column":95}},"224":{"start":{"line":378,"column":0},"end":{"line":378,"column":82}},"225":{"start":{"line":379,"column":0},"end":{"line":379,"column":89}},"226":{"start":{"line":382,"column":0},"end":{"line":382,"column":86}},"227":{"start":{"line":383,"column":0},"end":{"line":383,"column":84}},"228":{"start":{"line":387,"column":0},"end":{"line":387,"column":75}},"229":{"start":{"line":388,"column":0},"end":{"line":388,"column":65}},"230":{"start":{"line":389,"column":0},"end":{"line":389,"column":71}},"231":{"start":{"line":392,"column":0},"end":{"line":392,"column":86}},"232":{"start":{"line":393,"column":0},"end":{"line":393,"column":93}},"233":{"start":{"line":396,"column":0},"end":{"line":396,"column":74}},"234":{"start":{"line":397,"column":0},"end":{"line":397,"column":74}},"235":{"start":{"line":398,"column":0},"end":{"line":398,"column":80}},"236":{"start":{"line":399,"column":0},"end":{"line":399,"column":68}},"237":{"start":{"line":400,"column":0},"end":{"line":400,"column":71}},"238":{"start":{"line":401,"column":0},"end":{"line":401,"column":80}},"239":{"start":{"line":402,"column":0},"end":{"line":402,"column":84}},"240":{"start":{"line":403,"column":0},"end":{"line":403,"column":76}},"241":{"start":{"line":404,"column":0},"end":{"line":404,"column":78}},"242":{"start":{"line":407,"column":0},"end":{"line":407,"column":94}},"243":{"start":{"line":408,"column":0},"end":{"line":408,"column":75}},"244":{"start":{"line":409,"column":0},"end":{"line":409,"column":73}},"245":{"start":{"line":410,"column":0},"end":{"line":410,"column":95}},"246":{"start":{"line":411,"column":0},"end":{"line":411,"column":83}},"247":{"start":{"line":412,"column":0},"end":{"line":412,"column":92}},"248":{"start":{"line":413,"column":0},"end":{"line":413,"column":90}},"249":{"start":{"line":414,"column":0},"end":{"line":414,"column":82}},"250":{"start":{"line":417,"column":0},"end":{"line":417,"column":76}},"251":{"start":{"line":418,"column":0},"end":{"line":418,"column":97}},"252":{"start":{"line":419,"column":0},"end":{"line":419,"column":94}},"253":{"start":{"line":420,"column":0},"end":{"line":420,"column":76}},"254":{"start":{"line":421,"column":0},"end":{"line":421,"column":78}},"255":{"start":{"line":423,"column":0},"end":{"line":423,"column":82}},"256":{"start":{"line":424,"column":0},"end":{"line":424,"column":70}},"257":{"start":{"line":425,"column":0},"end":{"line":425,"column":73}},"258":{"start":{"line":426,"column":0},"end":{"line":426,"column":84}},"259":{"start":{"line":427,"column":0},"end":{"line":427,"column":98}},"260":{"start":{"line":428,"column":0},"end":{"line":428,"column":96}},"261":{"start":{"line":429,"column":0},"end":{"line":429,"column":88}},"262":{"start":{"line":430,"column":0},"end":{"line":430,"column":80}},"263":{"start":{"line":431,"column":0},"end":{"line":431,"column":82}},"264":{"start":{"line":434,"column":0},"end":{"line":434,"column":84}},"265":{"start":{"line":435,"column":0},"end":{"line":435,"column":86}},"266":{"start":{"line":437,"column":0},"end":{"line":437,"column":75}},"267":{"start":{"line":438,"column":0},"end":{"line":438,"column":73}},"268":{"start":{"line":440,"column":0},"end":{"line":440,"column":89}},"269":{"start":{"line":443,"column":0},"end":{"line":443,"column":82}},"270":{"start":{"line":444,"column":0},"end":{"line":444,"column":91}},"271":{"start":{"line":446,"column":0},"end":{"line":446,"column":77}},"272":{"start":{"line":447,"column":0},"end":{"line":447,"column":85}},"273":{"start":{"line":449,"column":0},"end":{"line":449,"column":77}},"274":{"start":{"line":450,"column":0},"end":{"line":450,"column":88}},"275":{"start":{"line":452,"column":0},"end":{"line":452,"column":77}},"276":{"start":{"line":453,"column":0},"end":{"line":453,"column":85}},"277":{"start":{"line":455,"column":0},"end":{"line":455,"column":88}},"278":{"start":{"line":456,"column":0},"end":{"line":459,"column":3}},"279":{"start":{"line":461,"column":0},"end":{"line":461,"column":79}},"280":{"start":{"line":462,"column":0},"end":{"line":462,"column":87}},"281":{"start":{"line":465,"column":0},"end":{"line":465,"column":98}},"282":{"start":{"line":466,"column":0},"end":{"line":466,"column":98}},"283":{"start":{"line":469,"column":0},"end":{"line":469,"column":83}},"284":{"start":{"line":470,"column":0},"end":{"line":470,"column":87}},"285":{"start":{"line":473,"column":0},"end":{"line":473,"column":67}},"286":{"start":{"line":474,"column":0},"end":{"line":474,"column":70}},"287":{"start":{"line":475,"column":0},"end":{"line":475,"column":64}},"288":{"start":{"line":476,"column":0},"end":{"line":476,"column":72}},"289":{"start":{"line":477,"column":0},"end":{"line":477,"column":68}},"290":{"start":{"line":479,"column":0},"end":{"line":479,"column":70}},"291":{"start":{"line":480,"column":0},"end":{"line":480,"column":72}},"292":{"start":{"line":481,"column":0},"end":{"line":481,"column":68}},"293":{"start":{"line":484,"column":0},"end":{"line":489,"column":3}},"294":{"start":{"line":492,"column":0},"end":{"line":492,"column":63}},"295":{"start":{"line":493,"column":0},"end":{"line":493,"column":66}},"296":{"start":{"line":496,"column":0},"end":{"line":496,"column":85}},"297":{"start":{"line":497,"column":0},"end":{"line":497,"column":89}},"298":{"start":{"line":498,"column":0},"end":{"line":498,"column":78}},"299":{"start":{"line":499,"column":0},"end":{"line":499,"column":66}},"300":{"start":{"line":500,"column":0},"end":{"line":500,"column":80}},"301":{"start":{"line":501,"column":0},"end":{"line":501,"column":86}},"302":{"start":{"line":502,"column":0},"end":{"line":502,"column":71}},"303":{"start":{"line":503,"column":0},"end":{"line":503,"column":82}},"304":{"start":{"line":504,"column":0},"end":{"line":504,"column":75}},"305":{"start":{"line":505,"column":0},"end":{"line":505,"column":84}},"306":{"start":{"line":506,"column":0},"end":{"line":506,"column":73}},"307":{"start":{"line":507,"column":0},"end":{"line":507,"column":83}},"308":{"start":{"line":510,"column":29},"end":{"line":532,"column":1}},"309":{"start":{"line":533,"column":0},"end":{"line":536,"column":1}},"310":{"start":{"line":534,"column":2},"end":{"line":534,"column":72}},"311":{"start":{"line":535,"column":2},"end":{"line":535,"column":85}},"312":{"start":{"line":539,"column":32},"end":{"line":546,"column":1}},"313":{"start":{"line":547,"column":0},"end":{"line":550,"column":1}},"314":{"start":{"line":548,"column":2},"end":{"line":548,"column":72}},"315":{"start":{"line":549,"column":2},"end":{"line":549,"column":85}},"316":{"start":{"line":551,"column":0},"end":{"line":554,"column":3}},"317":{"start":{"line":555,"column":0},"end":{"line":558,"column":3}},"318":{"start":{"line":560,"column":0},"end":{"line":626,"column":2}}},"fnMap":{},"branchMap":{},"s":{"0":1,"1":1,"2":1,"3":1,"4":1,"5":1,"6":1,"7":1,"8":1,"9":1,"10":1,"11":1,"12":1,"13":1,"14":1,"15":1,"16":1,"17":1,"18":1,"19":1,"20":1,"21":1,"22":1,"23":1,"24":1,"25":1,"26":1,"27":1,"28":1,"29":1,"30":1,"31":1,"32":1,"33":1,"34":1,"35":1,"36":1,"37":1,"38":1,"39":1,"40":1,"41":1,"42":1,"43":1,"44":1,"45":1,"46":1,"47":1,"48":1,"49":1,"50":1,"51":1,"52":1,"53":1,"54":1,"55":1,"56":1,"57":1,"58":1,"59":1,"60":1,"61":1,"62":1,"63":1,"64":1,"65":1,"66":1,"67":1,"68":1,"69":1,"70":1,"71":1,"72":1,"73":1,"74":1,"75":1,"76":1,"77":1,"78":1,"79":1,"80":1,"81":1,"82":1,"83":1,"84":1,"85":1,"86":1,"87":1,"88":1,"89":1,"90":1,"91":1,"92":1,"93":1,"94":1,"95":1,"96":1,"97":1,"98":1,"99":1,"100":1,"101":1,"102":1,"103":1,"104":1,"105":1,"106":1,"107":1,"108":1,"109":1,"110":1,"111":1,"112":1,"113":1,"114":1,"115":1,"116":1,"117":1,"118":1,"119":1,"120":1,"121":1,"122":1,"123":1,"124":1,"125":1,"126":1,"127":1,"128":1,"129":1,"130":1,"131":1,"132":1,"133":1,"134":1,"135":1,"136":1,"137":1,"138":1,"139":1,"140":1,"141":1,"142":1,"143":1,"144":1,"145":1,"146":1,"147":1,"148":1,"149":1,"150":1,"151":1,"152":1,"153":1,"154":1,"155":1,"156":1,"157":1,"158":1,"159":1,"160":1,"161":1,"162":1,"163":1,"164":1,"165":1,"166":1,"167":1,"168":1,"169":1,"170":1,"171":1,"172":1,"173":1,"174":1,"175":1,"176":1,"177":1,"178":1,"179":1,"180":1,"181":1,"182":1,"183":1,"184":1,"185":1,"186":1,"187":1,"188":1,"189":1,"190":1,"191":1,"192":1,"193":1,"194":1,"195":1,"196":1,"197":1,"198":1,"199":1,"200":1,"201":1,"202":1,"203":1,"204":1,"205":1,"206":1,"207":1,"208":1,"209":1,"210":1,"211":1,"212":1,"213":1,"214":1,"215":1,"216":1,"217":1,"218":1,"219":1,"220":1,"221":1,"222":1,"223":1,"224":1,"225":1,"226":1,"227":1,"228":1,"229":1,"230":1,"231":1,"232":1,"233":1,"234":1,"235":1,"236":1,"237":1,"238":1,"239":1,"240":1,"241":1,"242":1,"243":1,"244":1,"245":1,"246":1,"247":1,"248":1,"249":1,"250":1,"251":1,"252":1,"253":1,"254":1,"255":1,"256":1,"257":1,"258":1,"259":1,"260":1,"261":1,"262":1,"263":1,"264":1,"265":1,"266":1,"267":1,"268":1,"269":1,"270":1,"271":1,"272":1,"273":1,"274":1,"275":1,"276":1,"277":1,"278":1,"279":1,"280":1,"281":1,"282":1,"283":1,"284":1,"285":1,"286":1,"287":1,"288":1,"289":1,"290":1,"291":1,"292":1,"293":1,"294":1,"295":1,"296":1,"297":1,"298":1,"299":1,"300":1,"301":1,"302":1,"303":1,"304":1,"305":1,"306":1,"307":1,"308":1,"309":1,"310":21,"311":21,"312":1,"313":1,"314":6,"315":6,"316":1,"317":1,"318":1},"f":{},"b":{},"_coverageSchema":"1a1c01bbd47fc00a2c39e90264f33305004495a9","hash":"5af8961571d3f9f02495f139a7b67afcd4d380b7"}
[...]
,"C:\\projects\\Lease Management\\emirates-lease-flow\\backend\\src\\services\\documentTemplateService.js": {"path":"C:\\projects\\Lease Management\\emirates-lease-flow\\backend\\src\\services\\documentTemplateService.js","statementMap":{"0":{"start":{"line":1,"column":52},"end":{"line":1,"column":72}},"1":{"start":{"line":10,"column":4},"end":{"line":26,"column":7}},"2":{"start":{"line":28,"column":19},"end":{"line":30,"column":4}},"3":{"start":{"line":32,"column":2},"end":{"line":72,"column":4}},"4":{"start":{"line":75,"column":0},"end":{"line":75,"column":33}}},"fnMap":{"0":{"name":"getTemplate","decl":{"start":{"line":8,"column":15},"end":{"line":8,"column":26}},"loc":{"start":{"line":8,"column":71},"end":{"line":73,"column":1}},"line":8}},"branchMap":{"0":{"loc":{"start":{"line":8,"column":52},"end":{"line":8,"column":69}},"type":"default-arg","locations":[{"start":{"line":8,"column":65},"end":{"line":8,"column":69}}],"line":8},"1":{"loc":{"start":{"line":10,"column":4},"end":{"line":26,"column":7}},"type":"binary-expr","locations":[{"start":{"line":10,"column":4},"end":{"line":10,"column":14}},{"start":{"line":11,"column":5},"end":{"line":26,"column":6}}],"line":10},"2":{"loc":{"start":{"line":33,"column":13},"end":{"line":48,"column":12}},"type":"cond-expr","locations":[{"start":{"line":34,"column":8},"end":{"line":47,"column":9}},{"start":{"line":48,"column":8},"end":{"line":48,"column":12}}],"line":33},"3":{"loc":{"start":{"line":49,"column":14},"end":{"line":69,"column":9}},"type":"cond-expr","locations":[{"start":{"line":50,"column":8},"end":{"line":59,"column":9}},{"start":{"line":60,"column":8},"end":{"line":69,"column":9}}],"line":49},"4":{"loc":{"start":{"line":70,"column":17},"end":{"line":70,"column":50}},"type":"binary-expr","locations":[{"start":{"line":70,"column":17},"end":{"line":70,"column":37}},{"start":{"line":70,"column":41},"end":{"line":70,"column":50}}],"line":70},"5":{"loc":{"start":{"line":71,"column":17},"end":{"line":71,"column":56}},"type":"binary-expr","locations":[{"start":{"line":71,"column":17},"end":{"line":71,"column":31}},{"start":{"line":71,"column":35},"end":{"line":71,"column":48}},{"start":{"line":71,"column":52},"end":{"line":71,"column":56}}],"line":71}},"s":{"0":1,"1":1,"2":1,"3":1,"4":1},"f":{"0":1},"b":{"0":[1],"1":[1,1],"2":[1,0],"3":[0,1],"4":[1,0],"5":[1,1,0]},"_coverageSchema":"1a1c01bbd47fc00a2c39e90264f33305004495a9","hash":"41e2dcfc506efaafa0a1c46149250f431fa44925"}
,"C:\\projects\\Lease Management\\emirates-lease-flow\\backend\\src\\services\\periodValidationService.js": {"path":"C:\\projects\\Lease Management\\emirates-lease-flow\\backend\\src\\services\\periodValidationService.js","statementMap":{"0":{"start":{"line":1,"column":15},"end":{"line":1,"column":35}},"1":{"start":{"line":2,"column":35},"end":{"line":2,"column":55}},"2":{"start":{"line":4,"column":19},"end":{"line":4,"column":47}},"3":{"start":{"line":7,"column":2},"end":{"line":7,"column":31}},"4":{"start":{"line":7,"column":18},"end":{"line":7,"column":31}},"5":{"start":{"line":8,"column":2},"end":{"line":8,"column":45}},"6":{"start":{"line":8,"column":33},"end":{"line":8,"column":45}},"7":{"start":{"line":9,"column":2},"end":{"line":9,"column":83}},"8":{"start":{"line":9,"column":71},"end":{"line":9,"column":83}},"9":{"start":{"line":10,"column":2},"end":{"line":10,"column":15}},"10":{"start":{"line":19,"column":2},"end":{"line":19,"column":39}},"11":{"start":{"line":19,"column":27},"end":{"line":19,"column":39}},"12":{"start":{"line":21,"column":18},"end":{"line":21,"column":96}},"13":{"start":{"line":22,"column":17},"end":{"line":29,"column":4}},"14":{"start":{"line":31,"column":2},"end":{"line":31,"column":27}},"15":{"start":{"line":31,"column":15},"end":{"line":31,"column":27}},"16":{"start":{"line":32,"column":2},"end":{"line":32,"column":44}},"17":{"start":{"line":32,"column":32},"end":{"line":32,"column":44}},"18":{"start":{"line":33,"column":2},"end":{"line":36,"column":3}},"19":{"start":{"line":34,"column":4},"end":{"line":34,"column":93}},"20":{"start":{"line":34,"column":81},"end":{"line":34,"column":93}},"21":{"start":{"line":35,"column":4},"end":{"line":35,"column":17}},"22":{"start":{"line":37,"column":2},"end":{"line":37,"column":15}},"23":{"start":{"line":41,"column":14},"end":{"line":41,"column":35}},"24":{"start":{"line":42,"column":2},"end":{"line":42,"column":23}},"25":{"start":{"line":43,"column":2},"end":{"line":43,"column":13}},"26":{"start":{"line":47,"column":15},"end":{"line":47,"column":90}},"27":{"start":{"line":48,"column":2},"end":{"line":48,"column":39}},"28":{"start":{"line":48,"column":13},"end":{"line":48,"column":39}},"29":{"start":{"line":52,"column":2},"end":{"line":52,"column":40}},"30":{"start":{"line":56,"column":18},"end":{"line":60,"column":43}},"31":{"start":{"line":62,"column":17},"end":{"line":69,"column":4}},"32":{"start":{"line":71,"column":2},"end":{"line":78,"column":4}},"33":{"start":{"line":81,"column":0},"end":{"line":88,"column":2}}},"fnMap":{"0":{"name":"isAdminUser","decl":{"start":{"line":6,"column":9},"end":{"line":6,"column":20}},"loc":{"start":{"line":6,"column":26},"end":{"line":11,"column":1}},"line":6},"1":{"name":"isPeriodOpen","decl":{"start":{"line":18,"column":15},"end":{"line":18,"column":27}},"loc":{"start":{"line":18,"column":56},"end":{"line":38,"column":1}},"line":18},"2":{"name":"periodClosedError","decl":{"start":{"line":40,"column":9},"end":{"line":40,"column":26}},"loc":{"start":{"line":40,"column":29},"end":{"line":44,"column":1}},"line":40},"3":{"name":"validatePostingDate","decl":{"start":{"line":46,"column":15},"end":{"line":46,"column":34}},"loc":{"start":{"line":46,"column":46},"end":{"line":49,"column":1}},"line":46},"4":{"name":"validateDocumentDate","decl":{"start":{"line":51,"column":15},"end":{"line":51,"column":35}},"loc":{"start":{"line":51,"column":47},"end":{"line":53,"column":1}},"line":51},"5":{"name":"getCurrentPeriodStatus","decl":{"start":{"line":55,"column":15},"end":{"line":55,"column":37}},"loc":{"start":{"line":55,"column":49},"end":{"line":79,"column":1}},"line":55}},"branchMap":{"0":{"loc":{"start":{"line":7,"column":2},"end":{"line":7,"column":31}},"type":"if","locations":[{"start":{"line":7,"column":2},"end":{"line":7,"column":31}},{"start":{},"end":{}}],"line":7},"1":{"loc":{"start":{"line":8,"column":2},"end":{"line":8,"column":45}},"type":"if","locations":[{"start":{"line":8,"column":2},"end":{"line":8,"column":45}},{"start":{},"end":{}}],"line":8},"2":{"loc":{"start":{"line":9,"column":2},"end":{"line":9,"column":83}},"type":"if","locations":[{"start":{"line":9,"column":2},"end":{"line":9,"column":83}},{"start":{},"end":{}}],"line":9},"3":{"loc":{"start":{"line":9,"column":6},"end":{"line":9,"column":69}},"type":"binary-expr","locations":[{"start":{"line":9,"column":6},"end":{"line":9,"column":34}},{"start":{"line":9,"column":38},"end":{"line":9,"column":69}}],"line":9},"4":{"loc":{"start":{"line":18,"column":45},"end":{"line":18,"column":54}},"type":"default-arg","locations":[{"start":{"line":18,"column":52},"end":{"line":18,"column":54}}],"line":18},"5":{"loc":{"start":{"line":19,"column":2},"end":{"line":19,"column":39}},"type":"if","locations":[{"start":{"line":19,"column":2},"end":{"line":19,"column":39}},{"start":{},"end":{}}],"line":19},"6":{"loc":{"start":{"line":19,"column":6},"end":{"line":19,"column":25}},"type":"binary-expr","locations":[{"start":{"line":19,"column":6},"end":{"line":19,"column":16}},{"start":{"line":19,"column":20},"end":{"line":19,"column":25}}],"line":19},"7":{"loc":{"start":{"line":21,"column":18},"end":{"line":21,"column":96}},"type":"cond-expr","locations":[{"start":{"line":21,"column":45},"end":{"line":21,"column":62}},{"start":{"line":21,"column":65},"end":{"line":21,"column":96}}],"line":21},"8":{"loc":{"start":{"line":31,"column":2},"end":{"line":31,"column":27}},"type":"if","locations":[{"start":{"line":31,"column":2},"end":{"line":31,"column":27}},{"start":{},"end":{}}],"line":31},"9":{"loc":{"start":{"line":32,"column":2},"end":{"line":32,"column":44}},"type":"if","locations":[{"start":{"line":32,"column":2},"end":{"line":32,"column":44}},{"start":{},"end":{}}],"line":32},"10":{"loc":{"start":{"line":33,"column":2},"end":{"line":36,"column":3}},"type":"if","locations":[{"start":{"line":33,"column":2},"end":{"line":36,"column":3}},{"start":{},"end":{}}],"line":33},"11":{"loc":{"start":{"line":34,"column":4},"end":{"line":34,"column":93}},"type":"if","locations":[{"start":{"line":34,"column":4},"end":{"line":34,"column":93}},{"start":{},"end":{}}],"line":34},"12":{"loc":{"start":{"line":34,"column":8},"end":{"line":34,"column":79}},"type":"binary-expr","locations":[{"start":{"line":34,"column":8},"end":{"line":34,"column":42}},{"start":{"line":34,"column":46},"end":{"line":34,"column":54}},{"start":{"line":34,"column":58},"end":{"line":34,"column":79}}],"line":34},"13":{"loc":{"start":{"line":48,"column":2},"end":{"line":48,"column":39}},"type":"if","locations":[{"start":{"line":48,"column":2},"end":{"line":48,"column":39}},{"start":{},"end":{}}],"line":48},"14":{"loc":{"start":{"line":56,"column":18},"end":{"line":60,"column":43}},"type":"cond-expr","locations":[{"start":{"line":57,"column":6},"end":{"line":59,"column":39}},{"start":{"line":60,"column":6},"end":{"line":60,"column":43}}],"line":56},"15":{"loc":{"start":{"line":57,"column":6},"end":{"line":59,"column":39}},"type":"cond-expr","locations":[{"start":{"line":58,"column":8},"end":{"line":58,"column":25}},{"start":{"line":59,"column":8},"end":{"line":59,"column":39}}],"line":57},"16":{"loc":{"start":{"line":73,"column":12},"end":{"line":73,"column":36}},"type":"binary-expr","locations":[{"start":{"line":73,"column":12},"end":{"line":73,"column":26}},{"start":{"line":73,"column":30},"end":{"line":73,"column":36}}],"line":73},"17":{"loc":{"start":{"line":74,"column":14},"end":{"line":74,"column":32}},"type":"binary-expr","locations":[{"start":{"line":74,"column":14},"end":{"line":74,"column":24}},{"start":{"line":74,"column":28},"end":{"line":74,"column":32}}],"line":74},"18":{"loc":{"start":{"line":75,"column":13},"end":{"line":77,"column":12}},"type":"cond-expr","locations":[{"start":{"line":76,"column":8},"end":{"line":76,"column":89}},{"start":{"line":77,"column":8},"end":{"line":77,"column":12}}],"line":75},"19":{"loc":{"start":{"line":76,"column":8},"end":{"line":76,"column":89}},"type":"binary-expr","locations":[{"start":{"line":76,"column":8},"end":{"line":76,"column":32}},{"start":{"line":76,"column":37},"end":{"line":76,"column":68}},{"start":{"line":76,"column":72},"end":{"line":76,"column":88}}],"line":76}},"s":{"0":1,"1":1,"2":1,"3":2,"4":0,"5":2,"6":1,"7":1,"8":0,"9":1,"10":4,"11":0,"12":4,"13":4,"14":4,"15":1,"16":3,"17":0,"18":3,"19":2,"20":1,"21":1,"22":1,"23":1,"24":1,"25":1,"26":1,"27":1,"28":1,"29":0,"30":0,"31":0,"32":0,"33":1},"f":{"0":2,"1":4,"2":1,"3":1,"4":0,"5":0},"b":{"0":[0,2],"1":[1,1],"2":[0,1],"3":[1,1],"4":[1],"5":[0,4],"6":[4,4],"7":[4,0],"8":[1,3],"9":[0,3],"10":[2,1],"11":[1,1],"12":[2,2,2],"13":[1,0],"14":[0,0],"15":[0,0],"16":[0,0],"17":[0,0],"18":[0,0],"19":[0,0,0]},"_coverageSchema":"1a1c01bbd47fc00a2c39e90264f33305004495a9","hash":"103f37e4877dd12efd9f8cff61f2c6a5c9a97670"}
,"C:\\projects\\Lease Management\\emirates-lease-flow\\backend\\src\\services\\vatPeriodService.js": {"path":"C:\\projects\\Lease Management\\emirates-lease-flow\\backend\\src\\services\\vatPeriodService.js","statementMap":{"0":{"start":{"line":1,"column":15},"end":{"line":1,"column":35}},"1":{"start":{"line":2,"column":29},"end":{"line":2,"column":49}},"2":{"start":{"line":3,"column":51},"end":{"line":3,"column":83}},"3":{"start":{"line":4,"column":24},"end":{"line":4,"column":60}},"4":{"start":{"line":7,"column":2},"end":{"line":7,"column":50}},"5":{"start":{"line":7,"column":38},"end":{"line":7,"column":50}},"6":{"start":{"line":9,"column":4},"end":{"line":11,"column":50}},"7":{"start":{"line":13,"column":2},"end":{"line":20,"column":5}},"8":{"start":{"line":29,"column":17},"end":{"line":29,"column":71}},"9":{"start":{"line":30,"column":2},"end":{"line":30,"column":22}},"10":{"start":{"line":30,"column":15},"end":{"line":30,"column":22}},"11":{"start":{"line":32,"column":2},"end":{"line":36,"column":3}},"12":{"start":{"line":33,"column":16},"end":{"line":33,"column":81}},"13":{"start":{"line":34,"column":4},"end":{"line":34,"column":25}},"14":{"start":{"line":35,"column":4},"end":{"line":35,"column":14}},"15":{"start":{"line":38,"column":2},"end":{"line":45,"column":3}},"16":{"start":{"line":39,"column":23},"end":{"line":39,"column":91}},"17":{"start":{"line":40,"column":4},"end":{"line":44,"column":5}},"18":{"start":{"line":41,"column":18},"end":{"line":41,"column":51}},"19":{"start":{"line":42,"column":6},"end":{"line":42,"column":27}},"20":{"start":{"line":43,"column":6},"end":{"line":43,"column":16}},"21":{"start":{"line":49,"column":17},"end":{"line":51,"column":4}},"22":{"start":{"line":52,"column":2},"end":{"line":56,"column":3}},"23":{"start":{"line":53,"column":16},"end":{"line":53,"column":49}},"24":{"start":{"line":54,"column":4},"end":{"line":54,"column":25}},"25":{"start":{"line":55,"column":4},"end":{"line":55,"column":14}},"26":{"start":{"line":57,"column":2},"end":{"line":57,"column":51}},"27":{"start":{"line":57,"column":37},"end":{"line":57,"column":51}},"28":{"start":{"line":59,"column":2},"end":{"line":63,"column":5}},"29":{"start":{"line":65,"column":2},"end":{"line":70,"column":5}},"30":{"start":{"line":72,"column":2},"end":{"line":72,"column":16}},"31":{"start":{"line":76,"column":17},"end":{"line":78,"column":4}},"32":{"start":{"line":79,"column":2},"end":{"line":83,"column":3}},"33":{"start":{"line":80,"column":16},"end":{"line":80,"column":49}},"34":{"start":{"line":81,"column":4},"end":{"line":81,"column":25}},"35":{"start":{"line":82,"column":4},"end":{"line":82,"column":14}},"36":{"start":{"line":85,"column":2},"end":{"line":85,"column":44}},"37":{"start":{"line":87,"column":2},"end":{"line":92,"column":5}},"38":{"start":{"line":94,"column":2},"end":{"line":94,"column":16}},"39":{"start":{"line":97,"column":0},"end":{"line":102,"column":2}}},"fnMap":{"0":{"name":"findVatPeriodForDate","decl":{"start":{"line":6,"column":15},"end":{"line":6,"column":35}},"loc":{"start":{"line":6,"column":64},"end":{"line":21,"column":1}},"line":6},"1":{"name":"assertVatPeriodEditable","decl":{"start":{"line":28,"column":15},"end":{"line":28,"column":38}},"loc":{"start":{"line":28,"column":78},"end":{"line":46,"column":1}},"line":28},"2":{"name":"submitVatPeriod","decl":{"start":{"line":48,"column":15},"end":{"line":48,"column":30}},"loc":{"start":{"line":48,"column":46},"end":{"line":73,"column":1}},"line":48},"3":{"name":"lockVatPeriod","decl":{"start":{"line":75,"column":15},"end":{"line":75,"column":28}},"loc":{"start":{"line":75,"column":44},"end":{"line":95,"column":1}},"line":75}},"branchMap":{"0":{"loc":{"start":{"line":7,"column":2},"end":{"line":7,"column":50}},"type":"if","locations":[{"start":{"line":7,"column":2},"end":{"line":7,"column":50}},{"start":{},"end":{}}],"line":7},"1":{"loc":{"start":{"line":7,"column":6},"end":{"line":7,"column":36}},"type":"binary-expr","locations":[{"start":{"line":7,"column":6},"end":{"line":7,"column":16}},{"start":{"line":7,"column":20},"end":{"line":7,"column":36}}],"line":7},"2":{"loc":{"start":{"line":9,"column":4},"end":{"line":11,"column":50}},"type":"cond-expr","locations":[{"start":{"line":10,"column":8},"end":{"line":10,"column":36}},{"start":{"line":11,"column":8},"end":{"line":11,"column":50}}],"line":9},"3":{"loc":{"start":{"line":28,"column":67},"end":{"line":28,"column":76}},"type":"default-arg","locations":[{"start":{"line":28,"column":74},"end":{"line":28,"column":76}}],"line":28},"4":{"loc":{"start":{"line":30,"column":2},"end":{"line":30,"column":22}},"type":"if","locations":[{"start":{"line":30,"column":2},"end":{"line":30,"column":22}},{"start":{},"end":{}}],"line":30},"5":{"loc":{"start":{"line":32,"column":2},"end":{"line":36,"column":3}},"type":"if","locations":[{"start":{"line":32,"column":2},"end":{"line":36,"column":3}},{"start":{},"end":{}}],"line":32},"6":{"loc":{"start":{"line":38,"column":2},"end":{"line":45,"column":3}},"type":"if","locations":[{"start":{"line":38,"column":2},"end":{"line":45,"column":3}},{"start":{},"end":{}}],"line":38},"7":{"loc":{"start":{"line":39,"column":23},"end":{"line":39,"column":91}},"type":"binary-expr","locations":[{"start":{"line":39,"column":23},"end":{"line":39,"column":54}},{"start":{"line":39,"column":58},"end":{"line":39,"column":66}},{"start":{"line":39,"column":70},"end":{"line":39,"column":91}}],"line":39},"8":{"loc":{"start":{"line":40,"column":4},"end":{"line":44,"column":5}},"type":"if","locations":[{"start":{"line":40,"column":4},"end":{"line":44,"column":5}},{"start":{},"end":{}}],"line":40},"9":{"loc":{"start":{"line":52,"column":2},"end":{"line":56,"column":3}},"type":"if","locations":[{"start":{"line":52,"column":2},"end":{"line":56,"column":3}},{"start":{},"end":{}}],"line":52},"10":{"loc":{"start":{"line":57,"column":2},"end":{"line":57,"column":51}},"type":"if","locations":[{"start":{"line":57,"column":2},"end":{"line":57,"column":51}},{"start":{},"end":{}}],"line":57},"11":{"loc":{"start":{"line":62,"column":17},"end":{"line":62,"column":37}},"type":"binary-expr","locations":[{"start":{"line":62,"column":17},"end":{"line":62,"column":29}},{"start":{"line":62,"column":33},"end":{"line":62,"column":37}}],"line":62},"12":{"loc":{"start":{"line":79,"column":2},"end":{"line":83,"column":3}},"type":"if","locations":[{"start":{"line":79,"column":2},"end":{"line":83,"column":3}},{"start":{},"end":{}}],"line":79}},"s":{"0":1,"1":1,"2":1,"3":1,"4":2,"5":0,"6":2,"7":2,"8":2,"9":2,"10":0,"11":2,"12":1,"13":1,"14":1,"15":1,"16":0,"17":0,"18":0,"19":0,"20":0,"21":0,"22":0,"23":0,"24":0,"25":0,"26":0,"27":0,"28":0,"29":0,"30":0,"31":0,"32":0,"33":0,"34":0,"35":0,"36":0,"37":0,"38":0,"39":1},"f":{"0":2,"1":2,"2":0,"3":0},"b":{"0":[0,2],"1":[2,2],"2":[2,0],"3":[2],"4":[0,2],"5":[1,1],"6":[0,1],"7":[0,0,0],"8":[0,0],"9":[0,0],"10":[0,0],"11":[0,0],"12":[0,0]},"_coverageSchema":"1a1c01bbd47fc00a2c39e90264f33305004495a9","hash":"2d4e5f70a763331b6b538b0f2e3e2658360bcfd2"}
}
