TN:
SF:src\config\permissions.js
FN:32,(anonymous_0)
FN:33,(anonymous_1)
FN:154,(anonymous_2)
FN:156,(anonymous_3)
FN:161,(anonymous_4)
FN:164,(anonymous_5)
FN:166,(anonymous_6)
FN:167,(anonymous_7)
FN:171,(anonymous_8)
FN:174,(anonymous_9)
FN:175,(anonymous_10)
FN:177,(anonymous_11)
FN:178,(anonymous_12)
FN:181,(anonymous_13)
FN:182,(anonymous_14)
FN:185,(anonymous_15)
FN:186,(anonymous_16)
FN:188,(anonymous_17)
FN:189,(anonymous_18)
FN:189,(anonymous_19)
FNF:20
FNH:20
FNDA:52,(anonymous_0)
FNDA:208,(anonymous_1)
FNDA:58,(anonymous_2)
FNDA:284,(anonymous_3)
FNDA:284,(anonymous_4)
FNDA:208,(anonymous_5)
FNDA:80,(anonymous_6)
FNDA:12,(anonymous_7)
FNDA:208,(anonymous_8)
FNDA:30,(anonymous_9)
FNDA:208,(anonymous_10)
FNDA:72,(anonymous_11)
FNDA:208,(anonymous_12)
FNDA:8,(anonymous_13)
FNDA:208,(anonymous_14)
FNDA:36,(anonymous_15)
FNDA:208,(anonymous_16)
FNDA:8,(anonymous_17)
FNDA:208,(anonymous_18)
FNDA:52,(anonymous_19)
DA:1,2
DA:30,2
DA:32,2
DA:33,208
DA:42,2
DA:87,2
DA:119,2
DA:129,2
DA:146,2
DA:154,58
DA:156,284
DA:158,2
DA:161,284
DA:165,208
DA:166,80
DA:167,12
DA:172,208
DA:174,30
DA:176,208
DA:177,72
DA:179,208
DA:181,8
DA:183,208
DA:185,36
DA:187,208
DA:188,8
DA:189,208
DA:192,2
LF:28
LH:28
BRDA:172,0,0,208
BRDA:172,0,1,40
BRDA:179,1,0,208
BRDA:179,1,1,16
BRDA:183,2,0,208
BRDA:183,2,1,48
BRDA:187,3,0,208
BRDA:187,3,1,32
BRF:8
BRH:8
end_of_record
