TN:
SF:src\config\config.js
FN:59,(anonymous_0)
FN:62,(anonymous_1)
FNF:2
FNH:1
FNDA:3,(anonymous_0)
FNDA:0,(anonymous_1)
DA:1,1
DA:2,1
DA:5,1
DA:14,1
DA:15,1
DA:16,1
DA:18,1
DA:20,0
DA:21,0
DA:22,1
DA:24,0
DA:25,0
DA:28,1
DA:29,1
DA:32,1
DA:33,1
DA:35,1
DA:59,3
DA:62,0
LF:19
LH:14
BRDA:5,0,0,1
BRDA:5,0,1,0
BRDA:18,1,0,0
BRDA:18,1,1,1
BRDA:22,2,0,0
BRDA:22,2,1,1
BRDA:22,3,0,1
BRDA:22,3,1,0
BRDA:37,4,0,1
BRDA:37,4,1,0
BRDA:38,5,0,1
BRDA:38,5,1,0
BRDA:42,6,0,1
BRDA:42,6,1,0
BRDA:43,7,0,1
BRDA:43,7,1,0
BRDA:44,8,0,1
BRDA:44,8,1,0
BRDA:45,9,0,1
BRDA:45,9,1,0
BRDA:46,10,0,1
BRDA:46,10,1,0
BRDA:51,11,0,1
BRDA:51,11,1,0
BRDA:52,12,0,1
BRDA:52,12,1,0
BRDA:58,13,0,1
BRDA:58,13,1,0
BRDA:60,14,0,0
BRDA:60,14,1,0
BRDA:62,15,0,0
BRDA:62,15,1,0
BRDA:68,16,0,1
BRDA:68,16,1,0
BRDA:69,17,0,1
BRDA:69,17,1,0
BRDA:74,18,0,0
BRDA:74,18,1,1
BRDA:81,19,0,1
BRDA:81,19,1,0
BRDA:82,20,0,1
BRDA:82,20,1,0
BRDA:87,21,0,1
BRDA:87,21,1,0
BRDA:88,22,0,1
BRDA:88,22,1,0
BRF:46
BRH:21
end_of_record
TN:
SF:src\config\database.js
FN:24,(anonymous_0)
FN:36,(anonymous_1)
FNF:2
FNH:0
FNDA:0,(anonymous_0)
FNDA:0,(anonymous_1)
DA:1,1
DA:2,1
DA:5,1
DA:24,1
DA:25,0
DA:26,0
DA:27,0
DA:28,0
DA:30,0
DA:31,0
DA:36,1
DA:37,0
DA:38,0
DA:39,0
DA:40,0
DA:42,0
DA:43,0
DA:47,1
LF:18
LH:6
BRF:0
BRH:0
end_of_record
TN:
SF:src\models\AccountsTrans.js
FNF:0
FNH:0
DA:1,1
DA:2,1
DA:4,1
DA:127,1
LF:4
LH:4
BRF:0
BRH:0
end_of_record
TN:
SF:src\models\AuditLog.js
FNF:0
FNH:0
DA:1,1
DA:2,1
DA:4,1
DA:61,1
LF:4
LH:4
BRF:0
BRH:0
end_of_record
TN:
SF:src\models\BankAccount.js
FNF:0
FNH:0
DA:1,1
DA:2,1
DA:4,1
DA:113,1
LF:4
LH:4
BRF:0
BRH:0
end_of_record
TN:
SF:src\models\BankStatementImport.js
FNF:0
FNH:0
DA:1,1
DA:2,1
DA:4,1
DA:41,1
LF:4
LH:4
BRF:0
BRH:0
end_of_record
TN:
SF:src\models\BankTransaction.js
FNF:0
FNH:0
DA:1,1
DA:2,1
DA:4,1
DA:116,1
LF:4
LH:4
BRF:0
BRH:0
end_of_record
TN:
SF:src\models\Budget.js
FNF:0
FNH:0
DA:1,1
DA:2,1
DA:4,1
DA:154,1
LF:4
LH:4
BRF:0
BRH:0
end_of_record
TN:
SF:src\models\BudgetCategory.js
FNF:0
FNH:0
DA:1,1
DA:2,1
DA:4,1
DA:98,1
LF:4
LH:4
BRF:0
BRH:0
end_of_record
TN:
SF:src\models\ChartOfAccount.js
FNF:0
FNH:0
DA:1,1
DA:2,1
DA:4,1
DA:146,1
LF:4
LH:4
BRF:0
BRH:0
end_of_record
TN:
SF:src\models\Cheque.js
FNF:0
FNH:0
DA:1,1
DA:2,1
DA:4,1
DA:274,1
LF:4
LH:4
BRF:0
BRH:0
end_of_record
TN:
SF:src\models\CompanyDocumentTemplate.js
FNF:0
FNH:0
DA:1,1
DA:2,1
DA:4,1
DA:21,1
LF:4
LH:4
BRF:0
BRH:0
end_of_record
TN:
SF:src\models\CompanyFinancialPeriod.js
FNF:0
FNH:0
DA:1,1
DA:2,1
DA:4,1
DA:24,1
LF:4
LH:4
BRF:0
BRH:0
end_of_record
TN:
SF:src\models\CompanyFinancialYear.js
FNF:0
FNH:0
DA:1,1
DA:2,1
DA:4,1
DA:18,1
LF:4
LH:4
BRF:0
BRH:0
end_of_record
TN:
SF:src\models\CompanyNumberSeries.js
FNF:0
FNH:0
DA:1,1
DA:2,1
DA:4,1
DA:30,1
LF:4
LH:4
BRF:0
BRH:0
end_of_record
TN:
SF:src\models\CompanyOpeningBalanceBatch.js
FNF:0
FNH:0
DA:1,1
DA:2,1
DA:4,1
DA:21,1
LF:4
LH:4
BRF:0
BRH:0
end_of_record
TN:
SF:src\models\CompanySetting.js
FNF:0
FNH:0
DA:1,1
DA:2,1
DA:4,1
DA:132,1
LF:4
LH:4
BRF:0
BRH:0
end_of_record
TN:
SF:src\models\CompanyUser.js
FNF:0
FNH:0
DA:1,1
DA:2,1
DA:4,1
DA:50,1
LF:4
LH:4
BRF:0
BRH:0
end_of_record
TN:
SF:src\models\CompanyVatPeriod.js
FNF:0
FNH:0
DA:1,1
DA:2,1
DA:4,1
DA:23,1
LF:4
LH:4
BRF:0
BRH:0
end_of_record
TN:
SF:src\models\CreditLimit.js
FNF:0
FNH:0
DA:1,1
DA:2,1
DA:4,1
DA:177,1
LF:4
LH:4
BRF:0
BRH:0
end_of_record
TN:
SF:src\models\Document.js
FNF:0
FNH:0
DA:1,1
DA:2,1
DA:4,1
DA:123,1
LF:4
LH:4
BRF:0
BRH:0
end_of_record
TN:
SF:src\models\DocumentNumbering.js
FNF:0
FNH:0
DA:1,1
DA:2,1
DA:4,1
DA:69,1
LF:4
LH:4
BRF:0
BRH:0
end_of_record
TN:
SF:src\models\ExchangeRate.js
FNF:0
FNH:0
DA:1,1
DA:2,1
DA:4,1
DA:75,1
LF:4
LH:4
BRF:0
BRH:0
end_of_record
TN:
SF:src\models\FinancialForecast.js
FNF:0
FNH:0
DA:1,1
DA:2,1
DA:4,1
DA:105,1
LF:4
LH:4
BRF:0
BRH:0
end_of_record
TN:
SF:src\models\FinancialTransaction.js
FNF:0
FNH:0
DA:1,1
DA:2,1
DA:4,1
DA:205,1
LF:4
LH:4
BRF:0
BRH:0
end_of_record
TN:
SF:src\models\GoodsReceipt.js
FNF:0
FNH:0
DA:1,1
DA:2,1
DA:4,1
DA:161,1
LF:4
LH:4
BRF:0
BRH:0
end_of_record
TN:
SF:src\models\Investment.js
FNF:0
FNH:0
DA:1,1
DA:2,1
DA:4,1
DA:31,1
LF:4
LH:4
BRF:0
BRH:0
end_of_record
TN:
SF:src\models\Invoice.js
FNF:0
FNH:0
DA:1,1
DA:2,1
DA:4,1
DA:177,1
LF:4
LH:4
BRF:0
BRH:0
end_of_record
TN:
SF:src\models\Item.js
FNF:0
FNH:0
DA:1,1
DA:2,1
DA:4,1
DA:107,1
LF:4
LH:4
BRF:0
BRH:0
end_of_record
TN:
SF:src\models\JournalVoucher.js
FNF:0
FNH:0
DA:1,1
DA:2,1
DA:4,1
DA:75,1
LF:4
LH:4
BRF:0
BRH:0
end_of_record
TN:
SF:src\models\JournalVoucherDetail.js
FNF:0
FNH:0
DA:1,1
DA:2,1
DA:4,1
DA:76,1
LF:4
LH:4
BRF:0
BRH:0
end_of_record
TN:
SF:src\models\Lead.js
FNF:0
FNH:0
DA:1,1
DA:2,1
DA:4,1
DA:201,1
LF:4
LH:4
BRF:0
BRH:0
end_of_record
TN:
SF:src\models\LeadActivity.js
FNF:0
FNH:0
DA:1,1
DA:2,1
DA:4,1
DA:58,1
LF:4
LH:4
BRF:0
BRH:0
end_of_record
TN:
SF:src\models\LeadProperty.js
FNF:0
FNH:0
DA:1,1
DA:2,1
DA:4,1
DA:61,1
LF:4
LH:4
BRF:0
BRH:0
end_of_record
TN:
SF:src\models\Lease.js
FNF:0
FNH:0
DA:1,1
DA:2,1
DA:4,1
DA:253,1
LF:4
LH:4
BRF:0
BRH:0
end_of_record
TN:
SF:src\models\LedgerSetup.js
FNF:0
FNH:0
DA:1,1
DA:2,1
DA:4,1
DA:52,1
LF:4
LH:4
BRF:0
BRH:0
end_of_record
TN:
SF:src\models\LegalCase.js
FNF:0
FNH:0
DA:1,1
DA:2,1
DA:4,1
DA:116,1
LF:4
LH:4
BRF:0
BRH:0
end_of_record
TN:
SF:src\models\Payment.js
FNF:0
FNH:0
DA:1,1
DA:2,1
DA:4,1
DA:275,1
LF:4
LH:4
BRF:0
BRH:0
end_of_record
TN:
SF:src\models\PaymentGatewayTransaction.js
FNF:0
FNH:0
DA:1,1
DA:2,1
DA:4,1
DA:176,1
LF:4
LH:4
BRF:0
BRH:0
end_of_record
TN:
SF:src\models\PaymentInvoiceAllocation.js
FNF:0
FNH:0
DA:1,1
DA:2,1
DA:4,1
DA:56,1
LF:4
LH:4
BRF:0
BRH:0
end_of_record
TN:
SF:src\models\PaymentReminder.js
FNF:0
FNH:0
DA:1,1
DA:2,1
DA:4,1
DA:195,1
LF:4
LH:4
BRF:0
BRH:0
end_of_record
TN:
SF:src\models\Permission.js
FNF:0
FNH:0
DA:1,1
DA:2,1
DA:4,1
DA:47,1
LF:4
LH:4
BRF:0
BRH:0
end_of_record
TN:
SF:src\models\PettyCash.js
FNF:0
FNH:0
DA:1,1
DA:2,1
DA:4,1
DA:203,1
LF:4
LH:4
BRF:0
BRH:0
end_of_record
TN:
SF:src\models\Property.js
FNF:0
FNH:0
DA:1,1
DA:2,1
DA:4,1
DA:213,1
LF:4
LH:4
BRF:0
BRH:0
end_of_record
TN:
SF:src\models\PurchaseInvoice.js
FNF:0
FNH:0
DA:1,1
DA:2,1
DA:4,1
DA:269,1
LF:4
LH:4
BRF:0
BRH:0
end_of_record
TN:
SF:src\models\PurchaseOrder.js
FNF:0
FNH:0
DA:1,1
DA:2,1
DA:4,1
DA:201,1
LF:4
LH:4
BRF:0
BRH:0
end_of_record
TN:
SF:src\models\Reconciliation.js
FNF:0
FNH:0
DA:1,1
DA:2,1
DA:4,1
DA:112,1
LF:4
LH:4
BRF:0
BRH:0
end_of_record
TN:
SF:src\models\ReportShare.js
FNF:0
FNH:0
DA:1,1
DA:2,1
DA:4,1
DA:101,1
LF:4
LH:4
BRF:0
BRH:0
end_of_record
TN:
SF:src\models\Role.js
FNF:0
FNH:0
DA:1,1
DA:2,1
DA:4,1
DA:45,1
LF:4
LH:4
BRF:0
BRH:0
end_of_record
TN:
SF:src\models\RolePermission.js
FNF:0
FNH:0
DA:1,1
DA:2,1
DA:4,1
DA:38,1
LF:4
LH:4
BRF:0
BRH:0
end_of_record
TN:
SF:src\models\SecurityDeposit.js
FNF:0
FNH:0
DA:1,1
DA:2,1
DA:4,1
DA:259,1
LF:4
LH:4
BRF:0
BRH:0
end_of_record
TN:
SF:src\models\ServiceTemplate.js
FNF:0
FNH:0
DA:1,1
DA:2,1
DA:4,1
DA:85,1
LF:4
LH:4
BRF:0
BRH:0
end_of_record
TN:
SF:src\models\StandingOrder.js
FNF:0
FNH:0
DA:1,1
DA:2,1
DA:4,1
DA:232,1
LF:4
LH:4
BRF:0
BRH:0
end_of_record
TN:
SF:src\models\SystemIntegrityAudit.js
FNF:0
FNH:0
DA:1,1
DA:2,1
DA:4,1
DA:30,1
LF:4
LH:4
BRF:0
BRH:0
end_of_record
TN:
SF:src\models\SystemSetting.js
FNF:0
FNH:0
DA:1,1
DA:2,1
DA:4,1
DA:65,1
LF:4
LH:4
BRF:0
BRH:0
end_of_record
TN:
SF:src\models\TaxSetting.js
FNF:0
FNH:0
DA:1,1
DA:2,1
DA:4,1
DA:66,1
LF:4
LH:4
BRF:0
BRH:0
end_of_record
TN:
SF:src\models\Tenant.js
FNF:0
FNH:0
DA:1,1
DA:2,1
DA:4,1
DA:173,1
LF:4
LH:4
BRF:0
BRH:0
end_of_record
TN:
SF:src\models\Ticket.js
FNF:0
FNH:0
DA:1,1
DA:2,1
DA:4,1
DA:127,1
LF:4
LH:4
BRF:0
BRH:0
end_of_record
TN:
SF:src\models\TicketNote.js
FNF:0
FNH:0
DA:1,1
DA:2,1
DA:4,1
DA:44,1
LF:4
LH:4
BRF:0
BRH:0
end_of_record
TN:
SF:src\models\Unit.js
FNF:0
FNH:0
DA:1,1
DA:2,1
DA:4,1
DA:206,1
LF:4
LH:4
BRF:0
BRH:0
end_of_record
TN:
SF:src\models\User.js
FN:52,(anonymous_0)
FN:57,(anonymous_1)
FN:66,(anonymous_2)
FN:70,(anonymous_3)
FNF:4
FNH:0
FNDA:0,(anonymous_0)
FNDA:0,(anonymous_1)
FNDA:0,(anonymous_2)
FNDA:0,(anonymous_3)
DA:1,1
DA:2,1
DA:3,1
DA:5,1
DA:53,0
DA:54,0
DA:58,0
DA:59,0
DA:66,1
DA:67,0
DA:70,1
DA:71,0
DA:72,0
DA:73,0
DA:76,1
LF:15
LH:7
BRDA:53,0,0,0
BRDA:53,0,1,0
BRDA:58,1,0,0
BRDA:58,1,1,0
BRDA:58,2,0,0
BRDA:58,2,1,0
BRF:6
BRH:0
end_of_record
TN:
SF:src\models\UserRole.js
FNF:0
FNH:0
DA:1,1
DA:2,1
DA:4,1
DA:38,1
LF:4
LH:4
BRF:0
BRH:0
end_of_record
TN:
SF:src\models\Vendor.js
FNF:0
FNH:0
DA:1,1
DA:2,1
DA:4,1
DA:108,1
LF:4
LH:4
BRF:0
BRH:0
end_of_record
TN:
SF:src\models\VendorInvoice.js
FNF:0
FNH:0
DA:1,1
DA:2,1
DA:4,1
DA:148,1
LF:4
LH:4
BRF:0
BRH:0
end_of_record
TN:
SF:src\models\index.js
FNF:0
FNH:0
DA:1,1
DA:2,1
DA:3,1
DA:4,1
DA:5,1
DA:6,1
DA:7,1
DA:8,1
DA:9,1
DA:10,1
DA:11,1
DA:12,1
DA:13,1
DA:14,1
DA:15,1
DA:16,1
DA:17,1
DA:18,1
DA:19,1
DA:20,1
DA:21,1
DA:22,1
DA:23,1
DA:24,1
DA:27,1
DA:28,1
DA:29,1
DA:30,1
DA:31,1
DA:32,1
DA:33,1
DA:34,1
DA:35,1
DA:36,1
DA:37,1
DA:38,1
DA:39,1
DA:40,1
DA:41,1
DA:42,1
DA:43,1
DA:44,1
DA:45,1
DA:46,1
DA:47,1
DA:49,1
DA:50,1
DA:51,1
DA:52,1
DA:54,1
DA:56,1
DA:57,1
DA:58,1
DA:60,1
DA:63,1
DA:64,1
DA:67,1
DA:68,1
DA:69,1
DA:70,1
DA:71,1
DA:72,1
DA:73,1
DA:75,1
DA:79,1
DA:80,1
DA:81,1
DA:82,1
DA:83,1
DA:84,1
DA:85,1
DA:87,1
DA:88,1
DA:90,1
DA:91,1
DA:92,1
DA:93,1
DA:95,1
DA:96,1
DA:99,1
DA:100,1
DA:101,1
DA:109,1
DA:110,1
DA:118,1
DA:119,1
DA:122,1
DA:123,1
DA:126,1
DA:127,1
DA:128,1
DA:129,1
DA:132,1
DA:133,1
DA:134,1
DA:137,1
DA:138,1
DA:139,1
DA:140,1
DA:143,1
DA:144,1
DA:145,1
DA:148,1
DA:149,1
DA:150,1
DA:151,1
DA:154,1
DA:155,1
DA:156,1
DA:157,1
DA:158,1
DA:161,1
DA:162,1
DA:163,1
DA:166,1
DA:169,1
DA:170,1
DA:171,1
DA:174,1
DA:175,1
DA:176,1
DA:179,1
DA:180,1
DA:181,1
DA:182,1
DA:185,1
DA:186,1
DA:189,1
DA:190,1
DA:191,1
DA:194,1
DA:195,1
DA:196,1
DA:197,1
DA:200,1
DA:201,1
DA:202,1
DA:203,1
DA:206,1
DA:207,1
DA:208,1
DA:209,1
DA:212,1
DA:213,1
DA:214,1
DA:215,1
DA:218,1
DA:219,1
DA:222,1
DA:223,1
DA:224,1
DA:225,1
DA:226,1
DA:227,1
DA:230,1
DA:233,1
DA:234,1
DA:237,1
DA:238,1
DA:239,1
DA:242,1
DA:243,1
DA:244,1
DA:245,1
DA:248,1
DA:251,1
DA:252,1
DA:253,1
DA:257,1
DA:260,1
DA:268,1
DA:276,1
DA:284,1
DA:285,1
DA:286,1
DA:289,1
DA:292,1
DA:293,1
DA:296,1
DA:297,1
DA:298,1
DA:299,1
DA:300,1
DA:303,1
DA:306,1
DA:307,1
DA:310,1
DA:311,1
DA:312,1
DA:313,1
DA:314,1
DA:315,1
DA:316,1
DA:317,1
DA:320,1
DA:323,1
DA:326,1
DA:329,1
DA:330,1
DA:331,1
DA:332,1
DA:333,1
DA:334,1
DA:335,1
DA:336,1
DA:339,1
DA:342,1
DA:345,1
DA:348,1
DA:351,1
DA:352,1
DA:353,1
DA:356,1
DA:359,1
DA:362,1
DA:363,1
DA:364,1
DA:365,1
DA:366,1
DA:369,1
DA:372,1
DA:373,1
DA:374,1
DA:377,1
DA:378,1
DA:379,1
DA:382,1
DA:383,1
DA:387,1
DA:388,1
DA:389,1
DA:392,1
DA:393,1
DA:396,1
DA:397,1
DA:398,1
DA:399,1
DA:400,1
DA:401,1
DA:402,1
DA:403,1
DA:404,1
DA:407,1
DA:408,1
DA:409,1
DA:410,1
DA:411,1
DA:412,1
DA:413,1
DA:414,1
DA:417,1
DA:418,1
DA:419,1
DA:420,1
DA:421,1
DA:423,1
DA:424,1
DA:425,1
DA:426,1
DA:427,1
DA:428,1
DA:429,1
DA:430,1
DA:431,1
DA:434,1
DA:435,1
DA:437,1
DA:438,1
DA:440,1
DA:443,1
DA:444,1
DA:446,1
DA:447,1
DA:449,1
DA:450,1
DA:452,1
DA:453,1
DA:455,1
DA:456,1
DA:461,1
DA:462,1
DA:465,1
DA:466,1
DA:469,1
DA:470,1
DA:473,1
DA:474,1
DA:475,1
DA:476,1
DA:477,1
DA:479,1
DA:480,1
DA:481,1
DA:484,1
DA:492,1
DA:493,1
DA:496,1
DA:497,1
DA:498,1
DA:499,1
DA:500,1
DA:501,1
DA:502,1
DA:503,1
DA:504,1
DA:505,1
DA:506,1
DA:507,1
DA:510,1
DA:533,1
DA:534,21
DA:535,21
DA:539,1
DA:547,1
DA:548,6
DA:549,6
DA:551,1
DA:555,1
DA:560,1
LF:319
LH:319
BRF:0
BRH:0
end_of_record
TN:
SF:src\services\companyDocumentNumber.service.js
FN:17,resolveDocumentType
FN:21,resetKeyForType
FN:31,formatNumber
FN:42,getActiveSeries
FN:50,previewDocumentNumber
FN:62,generateDocumentNumber
FN:74,(anonymous_6)
FNF:7
FNH:2
FNDA:2,resolveDocumentType
FNDA:0,resetKeyForType
FNDA:0,formatNumber
FNDA:0,getActiveSeries
FNDA:0,previewDocumentNumber
FNDA:2,generateDocumentNumber
FNDA:0,(anonymous_6)
DA:1,1
DA:2,1
DA:4,1
DA:18,2
DA:22,0
DA:23,0
DA:24,0
DA:25,0
DA:26,0
DA:27,0
DA:28,0
DA:32,0
DA:33,0
DA:34,0
DA:35,0
DA:36,0
DA:37,0
DA:38,0
DA:39,0
DA:43,0
DA:51,0
DA:52,0
DA:55,0
DA:56,0
DA:63,2
DA:64,1
DA:66,1
DA:67,1
DA:70,0
DA:71,0
DA:73,0
DA:74,0
DA:75,0
DA:76,0
DA:77,0
DA:79,0
DA:82,0
DA:83,0
DA:84,0
DA:85,0
DA:86,0
DA:89,0
DA:90,0
DA:91,0
DA:92,0
DA:95,1
LF:46
LH:9
BRDA:18,0,0,2
BRDA:18,0,1,1
BRDA:21,1,0,0
BRDA:25,2,0,0
BRDA:25,2,1,0
BRDA:26,3,0,0
BRDA:26,3,1,0
BRDA:27,4,0,0
BRDA:27,4,1,0
BRDA:32,5,0,0
BRDA:32,5,1,0
BRDA:35,6,0,0
BRDA:35,6,1,0
BRDA:36,7,0,0
BRDA:36,7,1,0
BRDA:38,8,0,0
BRDA:38,8,1,0
BRDA:55,9,0,0
BRDA:55,9,1,0
BRDA:56,10,0,0
BRDA:56,10,1,0
BRDA:63,11,0,1
BRDA:63,11,1,1
BRDA:66,12,0,1
BRDA:66,12,1,0
BRDA:73,13,0,0
BRDA:73,13,1,0
BRDA:75,14,0,0
BRDA:75,14,1,0
BRDA:77,15,0,0
BRDA:77,15,1,0
BRDA:83,16,0,0
BRDA:83,16,1,0
BRDA:84,17,0,0
BRDA:84,17,1,0
BRDA:84,18,0,0
BRDA:84,18,1,0
BRF:37
BRH:5
end_of_record
TN:
SF:src\services\documentNumberingService.js
FN:15,(anonymous_0)
FNF:1
FNH:0
FNDA:0,(anonymous_0)
DA:1,1
DA:16,0
DA:17,0
DA:21,0
DA:28,0
DA:29,0
DA:32,0
DA:33,0
DA:34,0
DA:37,0
DA:38,0
DA:39,0
DA:40,0
DA:45,0
DA:48,0
DA:49,0
DA:52,0
DA:53,0
DA:56,0
DA:59,0
DA:60,0
DA:63,0
DA:64,0
DA:65,0
DA:66,0
DA:67,0
DA:69,0
DA:73,1
LF:28
LH:2
BRDA:16,0,0,0
BRDA:16,0,1,0
BRDA:28,1,0,0
BRDA:28,1,1,0
BRDA:32,2,0,0
BRDA:32,2,1,0
BRDA:37,3,0,0
BRDA:37,3,1,0
BRDA:38,4,0,0
BRDA:38,4,1,0
BRDA:38,5,0,0
BRDA:38,5,1,0
BRDA:48,6,0,0
BRDA:48,6,1,0
BRDA:48,7,0,0
BRDA:48,7,1,0
BRDA:59,8,0,0
BRDA:59,8,1,0
BRDA:64,9,0,0
BRDA:64,9,1,0
BRDA:65,10,0,0
BRDA:65,10,1,0
BRDA:67,11,0,0
BRDA:67,11,1,0
BRF:24
BRH:0
end_of_record
TN:
SF:src\services\documentTemplateService.js
FN:8,getTemplate
FNF:1
FNH:1
FNDA:1,getTemplate
DA:1,1
DA:10,1
DA:28,1
DA:32,1
DA:75,1
LF:5
LH:5
BRDA:8,0,0,1
BRDA:10,1,0,1
BRDA:10,1,1,1
BRDA:33,2,0,1
BRDA:33,2,1,0
BRDA:49,3,0,0
BRDA:49,3,1,1
BRDA:70,4,0,1
BRDA:70,4,1,0
BRDA:71,5,0,1
BRDA:71,5,1,1
BRDA:71,5,2,0
BRF:12
BRH:8
end_of_record
TN:
SF:src\services\periodValidationService.js
FN:6,isAdminUser
FN:18,isPeriodOpen
FN:40,periodClosedError
FN:46,validatePostingDate
FN:51,validateDocumentDate
FN:55,getCurrentPeriodStatus
FNF:6
FNH:4
FNDA:2,isAdminUser
FNDA:4,isPeriodOpen
FNDA:1,periodClosedError
FNDA:1,validatePostingDate
FNDA:0,validateDocumentDate
FNDA:0,getCurrentPeriodStatus
DA:1,1
DA:2,1
DA:4,1
DA:7,2
DA:8,2
DA:9,1
DA:10,1
DA:19,4
DA:21,4
DA:22,4
DA:31,4
DA:32,3
DA:33,3
DA:34,2
DA:35,1
DA:37,1
DA:41,1
DA:42,1
DA:43,1
DA:47,1
DA:48,1
DA:52,0
DA:56,0
DA:62,0
DA:71,0
DA:81,1
LF:26
LH:22
BRDA:7,0,0,0
BRDA:7,0,1,2
BRDA:8,1,0,1
BRDA:8,1,1,1
BRDA:9,2,0,0
BRDA:9,2,1,1
BRDA:9,3,0,1
BRDA:9,3,1,1
BRDA:18,4,0,1
BRDA:19,5,0,0
BRDA:19,5,1,4
BRDA:19,6,0,4
BRDA:19,6,1,4
BRDA:21,7,0,4
BRDA:21,7,1,0
BRDA:31,8,0,1
BRDA:31,8,1,3
BRDA:32,9,0,0
BRDA:32,9,1,3
BRDA:33,10,0,2
BRDA:33,10,1,1
BRDA:34,11,0,1
BRDA:34,11,1,1
BRDA:34,12,0,2
BRDA:34,12,1,2
BRDA:34,12,2,2
BRDA:48,13,0,1
BRDA:48,13,1,0
BRDA:56,14,0,0
BRDA:56,14,1,0
BRDA:57,15,0,0
BRDA:57,15,1,0
BRDA:73,16,0,0
BRDA:73,16,1,0
BRDA:74,17,0,0
BRDA:74,17,1,0
BRDA:75,18,0,0
BRDA:75,18,1,0
BRDA:76,19,0,0
BRDA:76,19,1,0
BRDA:76,19,2,0
BRF:41
BRH:22
end_of_record
TN:
SF:src\services\vatPeriodService.js
FN:6,findVatPeriodForDate
FN:28,assertVatPeriodEditable
FN:48,submitVatPeriod
FN:75,lockVatPeriod
FNF:4
FNH:2
FNDA:2,findVatPeriodForDate
FNDA:2,assertVatPeriodEditable
FNDA:0,submitVatPeriod
FNDA:0,lockVatPeriod
DA:1,1
DA:2,1
DA:3,1
DA:4,1
DA:7,2
DA:9,2
DA:13,2
DA:29,2
DA:30,2
DA:32,2
DA:33,1
DA:34,1
DA:35,1
DA:38,1
DA:39,0
DA:40,0
DA:41,0
DA:42,0
DA:43,0
DA:49,0
DA:52,0
DA:53,0
DA:54,0
DA:55,0
DA:57,0
DA:59,0
DA:65,0
DA:72,0
DA:76,0
DA:79,0
DA:80,0
DA:81,0
DA:82,0
DA:85,0
DA:87,0
DA:94,0
DA:97,1
LF:37
LH:15
BRDA:7,0,0,0
BRDA:7,0,1,2
BRDA:7,1,0,2
BRDA:7,1,1,2
BRDA:9,2,0,2
BRDA:9,2,1,0
BRDA:28,3,0,2
BRDA:30,4,0,0
BRDA:30,4,1,2
BRDA:32,5,0,1
BRDA:32,5,1,1
BRDA:38,6,0,0
BRDA:38,6,1,1
BRDA:39,7,0,0
BRDA:39,7,1,0
BRDA:39,7,2,0
BRDA:40,8,0,0
BRDA:40,8,1,0
BRDA:52,9,0,0
BRDA:52,9,1,0
BRDA:57,10,0,0
BRDA:57,10,1,0
BRDA:62,11,0,0
BRDA:62,11,1,0
BRDA:79,12,0,0
BRDA:79,12,1,0
BRF:26
BRH:9
end_of_record
